2025-08-27 09:08:55,744 - __main__ - INFO - 日志文件: logs/workflow_20250827_090855.log
2025-08-27 09:08:55,745 - __main__ - INFO - === 开始执行飞书表格数据处理工作流 ===
2025-08-27 09:08:55,745 - __main__ - INFO - 🔧 步骤1: 初始化工作流管理器
2025-08-27 09:08:55,745 - __main__ - INFO - 📊 步骤2: 获取飞书表格数据
2025-08-27 09:08:55,745 - __main__ - INFO -    - 正在连接飞书API...
2025-08-27 09:08:55,986 - feishu_client - INFO - Token获取成功
2025-08-27 09:08:57,267 - feishu_client - INFO - 列映射: {'product_image': 0, 'model_image': 1, 'prompt': 2, 'status': 3, 'composite_image': 4, 'product_name': 5, 'model_name': 7, 'video_status': 8}
2025-08-27 09:08:57,269 - feishu_client - INFO - 处理了 28 行有效数据
2025-08-27 09:08:57,270 - __main__ - INFO -    ✅ 获取到 28 行数据
2025-08-27 09:08:57,270 - __main__ - INFO - 🚀 步骤3: 执行 图片合成工作流
2025-08-27 09:08:57,270 - __main__ - INFO -    ✅ 工作流管理器初始化完成 - 模式: 图片合成工作流
2025-08-27 09:08:57,271 - WorkflowManager - INFO - 🚀 开始执行 图片合成工作流
2025-08-27 09:08:57,271 - WorkflowManager - INFO - 📊 总共需要处理 28 行数据
2025-08-27 09:08:57,271 - WorkflowManager - INFO - 📝 处理进度: 1/28 - 第 2 行，跳过
2025-08-27 09:08:57,271 - WorkflowManager - INFO - 📝 处理进度: 2/28 - 第 3 行，跳过
2025-08-27 09:08:57,271 - WorkflowManager - INFO - 📝 处理进度: 3/28 - 第 4 行，跳过
2025-08-27 09:08:57,271 - WorkflowManager - INFO - 📝 处理进度: 4/28 - 第 5 行，跳过
2025-08-27 09:08:57,271 - WorkflowManager - INFO - 📝 处理进度: 5/28 - 第 6 行，跳过
2025-08-27 09:08:57,271 - WorkflowManager - INFO - 📝 处理进度: 6/28 - 第 7 行，跳过
2025-08-27 09:08:57,271 - WorkflowManager - INFO - 📝 处理进度: 7/28 - 第 8 行，跳过
2025-08-27 09:08:57,272 - WorkflowManager - INFO - 📝 处理进度: 8/28 - 第 9 行，跳过
2025-08-27 09:08:57,272 - WorkflowManager - INFO - 📝 处理进度: 9/28 - 第 10 行，跳过
2025-08-27 09:08:57,272 - WorkflowManager - INFO - 📝 处理进度: 10/28 - 第 11 行，跳过
2025-08-27 09:08:57,272 - WorkflowManager - INFO - 📝 处理进度: 11/28 - 第 12 行，跳过
2025-08-27 09:08:57,272 - WorkflowManager - INFO - 📝 处理进度: 12/28 - 第 13 行，跳过
2025-08-27 09:08:57,272 - WorkflowManager - INFO - 📝 处理进度: 13/28 - 第 14 行，跳过
2025-08-27 09:08:57,272 - WorkflowManager - INFO - 📝 处理进度: 14/28 - 第 15 行，跳过
2025-08-27 09:08:57,272 - WorkflowManager - INFO - 📝 处理进度: 15/28 - 第 16 行，跳过
2025-08-27 09:08:57,272 - WorkflowManager - INFO - 📝 处理进度: 16/28 - 第 17 行，跳过
2025-08-27 09:08:57,272 - WorkflowManager - INFO - 📝 处理进度: 17/28 - 第 18 行，跳过
2025-08-27 09:08:57,273 - WorkflowManager - INFO - 📝 处理进度: 18/28 - 第 19 行，跳过
2025-08-27 09:08:57,273 - WorkflowManager - INFO - 📝 处理进度: 19/28 - 第 20 行，跳过
2025-08-27 09:08:57,273 - WorkflowManager - INFO - 📝 处理进度: 20/28 - 第 21 行，跳过
2025-08-27 09:08:57,273 - WorkflowManager - INFO - 📝 处理进度: 21/28 - 第 22 行，跳过
2025-08-27 09:08:57,273 - WorkflowManager - INFO - 📝 处理进度: 22/28 - 第 23 行，跳过
2025-08-27 09:08:57,273 - WorkflowManager - INFO - 📝 处理进度: 23/28 - 第 24 行，跳过
2025-08-27 09:08:57,273 - WorkflowManager - INFO - 📝 处理进度: 24/28 - 第 25 行 | 产品: 拉丁-男-25-卷发      | 提示词: 无提示词
2025-08-27 09:08:57,273 - WorkflowManager - ERROR -      ❌ 第 25 行处理失败 | 产品: 拉丁-男-25-卷发 | 提示词: 无提示词 | 错误: 提示词为空
2025-08-27 09:08:57,274 - WorkflowManager - INFO - 📝 处理进度: 25/28 - 第 26 行 | 产品: 拉丁-男-25-卷发      | 提示词: 无提示词
2025-08-27 09:08:57,274 - WorkflowManager - ERROR -      ❌ 第 26 行处理失败 | 产品: 拉丁-男-25-卷发 | 提示词: 无提示词 | 错误: 提示词为空
2025-08-27 09:08:57,274 - WorkflowManager - INFO - 📝 处理进度: 26/28 - 第 27 行 | 产品: 拉丁-男-25-卷发      | 提示词: 无提示词
2025-08-27 09:08:57,274 - WorkflowManager - ERROR -      ❌ 第 27 行处理失败 | 产品: 拉丁-男-25-卷发 | 提示词: 无提示词 | 错误: 提示词为空
2025-08-27 09:08:57,274 - WorkflowManager - INFO - 📝 处理进度: 27/28 - 第 28 行 | 产品: 拉丁-男-25-卷发      | 提示词: 无提示词
2025-08-27 09:08:57,274 - WorkflowManager - ERROR -      ❌ 第 28 行处理失败 | 产品: 拉丁-男-25-卷发 | 提示词: 无提示词 | 错误: 提示词为空
2025-08-27 09:08:57,274 - WorkflowManager - INFO - 📝 处理进度: 28/28 - 第 29 行 | 产品: 拉丁-男-25-卷发      | 提示词: 无提示词
2025-08-27 09:08:57,274 - WorkflowManager - ERROR -      ❌ 第 29 行处理失败 | 产品: 拉丁-男-25-卷发 | 提示词: 无提示词 | 错误: 提示词为空
2025-08-27 09:08:57,274 - __main__ - INFO - 📋 步骤4: 生成处理报告
2025-08-27 09:08:57,274 - __main__ - INFO - 
============================================================
📊 图片合成工作流 处理报告
============================================================
📈 处理统计:
   - 总行数: 28
   - 成功: 0
   - 失败: 5
   - 跳过: 23
   - 成功率: 82.1% (如果总行数 > 0)
   - 总耗时: 0.00 秒
   - 平均耗时: 0.00 秒/行

❌ 失败详情:
   - 第 25 行: 提示词为空
   - 第 26 行: 提示词为空
   - 第 27 行: 提示词为空
   - 第 28 行: 提示词为空
   - 第 29 行: 提示词为空

⏭️ 跳过的行:
   - 第 2 行：跳过
   - 第 3 行：跳过
   - 第 4 行：跳过
   - 第 5 行：跳过
   - 第 6 行：跳过
   - 第 7 行：跳过
   - 第 8 行：跳过
   - 第 9 行：跳过
   - 第 10 行：跳过
   - 第 11 行：跳过
   - 第 12 行：跳过
   - 第 13 行：跳过
   - 第 14 行：跳过
   - 第 15 行：跳过
   - 第 16 行：跳过
   - 第 17 行：跳过
   - 第 18 行：跳过
   - 第 19 行：跳过
   - 第 20 行：跳过
   - 第 21 行：跳过
   - 第 22 行：跳过
   - 第 23 行：跳过
   - 第 24 行：跳过


============================================================

2025-08-27 09:08:57,275 - __main__ - INFO - 处理报告已保存到: reports/report_20250827_090857.txt
2025-08-27 09:08:57,275 - __main__ - WARNING - 部分数据处理失败: 23/28
