2025-08-26 22:58:40,544 - __main__ - INFO - 日志文件: logs/workflow_20250826_225840.log
2025-08-26 22:58:40,544 - __main__ - INFO - === 开始执行飞书表格数据处理工作流 ===
2025-08-26 22:58:40,544 - __main__ - INFO - 🔧 步骤1: 初始化工作流管理器
2025-08-26 22:58:40,545 - __main__ - INFO - 🔧 启用调试模式，将跳过ComfyUI API调用
2025-08-26 22:58:40,545 - WorkflowManager - INFO - 🔧 工作流管理器运行在调试模式
2025-08-26 22:58:40,545 - comfyui_client - INFO - 🔧 ComfyUI客户端运行在调试模式，将跳过实际API调用
2025-08-26 22:58:40,545 - __main__ - INFO - 📊 步骤2: 获取飞书表格数据
2025-08-26 22:58:40,545 - __main__ - INFO -    - 正在连接飞书API...
2025-08-26 22:58:40,776 - feishu_client - INFO - Token获取成功
2025-08-26 22:58:41,105 - feishu_client - INFO - 找到目标工作表: prd_model_sheet
2025-08-26 22:58:41,580 - feishu_client - INFO - 列映射: {'product_image': 0, 'model_image': 1, 'prompt': 2, 'status': 3, 'composite_image': 4, 'product_name': 5, 'model_name': 7, 'video_status': 8}
2025-08-26 22:58:41,580 - feishu_client - INFO - 解析行 1: 原始数据长度=9, product_name_idx=5
2025-08-26 22:58:41,580 - feishu_client - INFO - F列原始数据: '0826-Yes, I Can Drive a Stick'
2025-08-26 22:58:41,580 - feishu_client - INFO - 解析后的产品名: '0826-Yes, I Can Drive a Stick'
2025-08-26 22:58:41,580 - feishu_client - INFO - 解析行 2: 原始数据长度=9, product_name_idx=5
2025-08-26 22:58:41,580 - feishu_client - INFO - F列原始数据: '0826-Yes, I Can Drive a Stick'
2025-08-26 22:58:41,580 - feishu_client - INFO - 解析后的产品名: '0826-Yes, I Can Drive a Stick'
2025-08-26 22:58:41,581 - feishu_client - INFO - 解析行 3: 原始数据长度=9, product_name_idx=5
2025-08-26 22:58:41,581 - feishu_client - INFO - F列原始数据: '0826-Yes, I Can Drive a Stick'
2025-08-26 22:58:41,581 - feishu_client - INFO - 解析后的产品名: '0826-Yes, I Can Drive a Stick'
2025-08-26 22:58:41,581 - feishu_client - INFO - 解析行 4: 原始数据长度=9, product_name_idx=5
2025-08-26 22:58:41,581 - feishu_client - INFO - F列原始数据: '0826-Abvela'
2025-08-26 22:58:41,581 - feishu_client - INFO - 解析后的产品名: '0826-Abvela'
2025-08-26 22:58:41,581 - feishu_client - INFO - 解析行 5: 原始数据长度=9, product_name_idx=5
2025-08-26 22:58:41,581 - feishu_client - INFO - F列原始数据: '0826-freaks'
2025-08-26 22:58:41,581 - feishu_client - INFO - 解析后的产品名: '0826-freaks'
2025-08-26 22:58:41,582 - feishu_client - INFO - 解析行 6: 原始数据长度=9, product_name_idx=5
2025-08-26 22:58:41,582 - feishu_client - INFO - F列原始数据: '0826-beautifully broken'
2025-08-26 22:58:41,582 - feishu_client - INFO - 解析后的产品名: '0826-beautifully broken'
2025-08-26 22:58:41,582 - feishu_client - INFO - 解析行 7: 原始数据长度=9, product_name_idx=5
2025-08-26 22:58:41,582 - feishu_client - INFO - F列原始数据: '0826-HIPPIE SOUL'
2025-08-26 22:58:41,582 - feishu_client - INFO - 解析后的产品名: '0826-HIPPIE SOUL'
2025-08-26 22:58:41,582 - feishu_client - INFO - 解析行 8: 原始数据长度=9, product_name_idx=5
2025-08-26 22:58:41,582 - feishu_client - INFO - F列原始数据: '0826-life is better'
2025-08-26 22:58:41,582 - feishu_client - INFO - 解析后的产品名: '0826-life is better'
2025-08-26 22:58:41,583 - feishu_client - INFO - 解析行 9: 原始数据长度=9, product_name_idx=5
2025-08-26 22:58:41,583 - feishu_client - INFO - F列原始数据: '0826-Abvela'
2025-08-26 22:58:41,583 - feishu_client - INFO - 解析后的产品名: '0826-Abvela'
2025-08-26 22:58:41,583 - feishu_client - INFO - 解析行 10: 原始数据长度=9, product_name_idx=5
2025-08-26 22:58:41,583 - feishu_client - INFO - F列原始数据: '0826-freaks'
2025-08-26 22:58:41,583 - feishu_client - INFO - 解析后的产品名: '0826-freaks'
2025-08-26 22:58:41,583 - feishu_client - INFO - 解析行 11: 原始数据长度=9, product_name_idx=5
2025-08-26 22:58:41,583 - feishu_client - INFO - F列原始数据: '0826-beautifully broken'
2025-08-26 22:58:41,584 - feishu_client - INFO - 解析后的产品名: '0826-beautifully broken'
2025-08-26 22:58:41,584 - feishu_client - INFO - 解析行 12: 原始数据长度=9, product_name_idx=5
2025-08-26 22:58:41,584 - feishu_client - INFO - F列原始数据: '0826-HIPPIE SOUL'
2025-08-26 22:58:41,584 - feishu_client - INFO - 解析后的产品名: '0826-HIPPIE SOUL'
2025-08-26 22:58:41,584 - feishu_client - INFO - 解析行 13: 原始数据长度=9, product_name_idx=5
2025-08-26 22:58:41,584 - feishu_client - INFO - F列原始数据: '0826-life is better'
2025-08-26 22:58:41,584 - feishu_client - INFO - 解析后的产品名: '0826-life is better'
2025-08-26 22:58:41,584 - feishu_client - INFO - 解析行 14: 原始数据长度=9, product_name_idx=5
2025-08-26 22:58:41,585 - feishu_client - INFO - F列原始数据: '0826-Yes, I Can Drive a Stick'
2025-08-26 22:58:41,585 - feishu_client - INFO - 解析后的产品名: '0826-Yes, I Can Drive a Stick'
2025-08-26 22:58:41,585 - feishu_client - INFO - 解析行 15: 原始数据长度=9, product_name_idx=5
2025-08-26 22:58:41,585 - feishu_client - INFO - F列原始数据: '0826-Yes, I Can Drive a Stick'
2025-08-26 22:58:41,585 - feishu_client - INFO - 解析后的产品名: '0826-Yes, I Can Drive a Stick'
2025-08-26 22:58:41,586 - feishu_client - INFO - 解析行 16: 原始数据长度=9, product_name_idx=5
2025-08-26 22:58:41,586 - feishu_client - INFO - F列原始数据: '0826-Mothman'
2025-08-26 22:58:41,586 - feishu_client - INFO - 解析后的产品名: '0826-Mothman'
2025-08-26 22:58:41,586 - feishu_client - INFO - 解析行 17: 原始数据长度=9, product_name_idx=5
2025-08-26 22:58:41,586 - feishu_client - INFO - F列原始数据: '0826-This is Bull shit'
2025-08-26 22:58:41,586 - feishu_client - INFO - 解析后的产品名: '0826-This is Bull shit'
2025-08-26 22:58:41,586 - feishu_client - INFO - 解析行 18: 原始数据长度=9, product_name_idx=5
2025-08-26 22:58:41,586 - feishu_client - INFO - F列原始数据: '0826-UFO'
2025-08-26 22:58:41,587 - feishu_client - INFO - 解析后的产品名: '0826-UFO'
2025-08-26 22:58:41,587 - feishu_client - INFO - 解析行 19: 原始数据长度=9, product_name_idx=5
2025-08-26 22:58:41,587 - feishu_client - INFO - F列原始数据: '0826-vision'
2025-08-26 22:58:41,587 - feishu_client - INFO - 解析后的产品名: '0826-vision'
2025-08-26 22:58:41,587 - feishu_client - INFO - 解析行 20: 原始数据长度=9, product_name_idx=5
2025-08-26 22:58:41,587 - feishu_client - INFO - F列原始数据: '0826-Yahweh'
2025-08-26 22:58:41,588 - feishu_client - INFO - 解析后的产品名: '0826-Yahweh'
2025-08-26 22:58:41,589 - feishu_client - INFO - 处理了 20 行有效数据
2025-08-26 22:58:41,590 - __main__ - INFO -    ✅ 获取到 20 行数据
2025-08-26 22:58:41,590 - __main__ - INFO - 🚀 步骤3: 执行完整工作流 (图片合成 + 图生视频)
2025-08-26 22:58:41,590 - __main__ - INFO - 🎨 阶段1: 执行图片合成工作流
2025-08-26 22:58:41,590 - WorkflowManager - INFO - 🚀 开始执行 图片合成工作流
2025-08-26 22:58:41,591 - WorkflowManager - INFO - 📊 总共需要处理 20 行数据
2025-08-26 22:58:41,591 - WorkflowManager - INFO - 📝 处理进度: 1/20 - 第 2 行 | 产品: 0826-Yes, I Can Drive a Stick | 提示词: 镜头平行缓移跟拍，模特自然走路，双手轻摆，路过镜头时抬手比小...
2025-08-26 22:58:41,591 - WorkflowManager - INFO -      ⏭️  跳过第 2 行（不需要处理） | 产品: 0826-Yes, I Can Drive a Stick
2025-08-26 22:58:41,591 - WorkflowManager - INFO - 📝 处理进度: 2/20 - 第 3 行 | 产品: 0826-Yes, I Can Drive a Stick | 提示词: 镜头平行缓移跟拍，模特自然走路，双手轻摆，路过镜头时抬手比小...
2025-08-26 22:58:41,591 - WorkflowManager - INFO -      ⏭️  跳过第 3 行（不需要处理） | 产品: 0826-Yes, I Can Drive a Stick
2025-08-26 22:58:41,591 - WorkflowManager - INFO - 📝 处理进度: 3/20 - 第 4 行 | 产品: 0826-Yes, I Can Drive a Stick | 提示词: 镜头平行缓移跟拍，模特自然走路，双手轻摆，甜笑注视镜头，清晰...
2025-08-26 22:58:41,592 - WorkflowManager - INFO -      ⏭️  跳过第 4 行（不需要处理） | 产品: 0826-Yes, I Can Drive a Stick
2025-08-26 22:58:41,592 - WorkflowManager - INFO - 📝 处理进度: 4/20 - 第 5 行 | 产品: 0826-Abvela | 提示词: 镜头平行缓移跟拍，模特自然走路，双手轻摆，路过镜头时抬手比小...
2025-08-26 22:58:41,592 - WorkflowManager - INFO -      ⏭️  跳过第 5 行（不需要处理） | 产品: 0826-Abvela
2025-08-26 22:58:41,592 - WorkflowManager - INFO - 📝 处理进度: 5/20 - 第 6 行 | 产品: 0826-freaks | 提示词: 镜头绕模特环形移动，穿过背景人群桌椅，模特走路时俏皮挑眉，偶...
2025-08-26 22:58:41,592 - WorkflowManager - INFO -      ⏭️  跳过第 6 行（不需要处理） | 产品: 0826-freaks
2025-08-26 22:58:41,592 - WorkflowManager - INFO - 📝 处理进度: 6/20 - 第 7 行 | 产品: 0826-beautifully broken | 提示词: 镜头从远慢推至 T 恤特写，模特走路中逐渐灿烂大笑，双手随步...
2025-08-26 22:58:41,592 - WorkflowManager - INFO -      ⏭️  跳过第 7 行（不需要处理） | 产品: 0826-beautifully broken
2025-08-26 22:58:41,593 - WorkflowManager - INFO - 📝 处理进度: 7/20 - 第 8 行 | 产品: 0826-HIPPIE SOUL | 提示词: 镜头动态追焦 T 恤印花，模特走路时侧头向背景朋友招呼，嘴角...
2025-08-26 22:58:41,593 - WorkflowManager - INFO -      ⏭️  跳过第 8 行（不需要处理） | 产品: 0826-HIPPIE SOUL
2025-08-26 22:58:41,593 - WorkflowManager - INFO - 📝 处理进度: 8/20 - 第 9 行 | 产品: 0826-life is better | 提示词: [{'segmentStyle': {'bold': Fal...
2025-08-26 22:58:41,594 - WorkflowManager - INFO -      ⏭️  跳过第 9 行（不需要处理） | 产品: 0826-life is better
2025-08-26 22:58:41,594 - WorkflowManager - INFO - 📝 处理进度: 9/20 - 第 10 行 | 产品: 0826-Abvela | 提示词: 镜头平行缓移跟拍，模特自然走路，双手轻摆，路过镜头时抬手比小...
2025-08-26 22:58:41,594 - WorkflowManager - INFO -      ⏭️  跳过第 10 行（不需要处理） | 产品: 0826-Abvela
2025-08-26 22:58:41,595 - WorkflowManager - INFO - 📝 处理进度: 10/20 - 第 11 行 | 产品: 0826-freaks | 提示词: 镜头平行缓移跟拍，模特自然走路，双手轻摆，路过镜头时抬手比小...
2025-08-26 22:58:41,595 - WorkflowManager - INFO -      ⏭️  跳过第 11 行（不需要处理） | 产品: 0826-freaks
2025-08-26 22:58:41,595 - WorkflowManager - INFO - 📝 处理进度: 11/20 - 第 12 行 | 产品: 0826-beautifully broken | 提示词: 镜头平行缓移跟拍，模特自然走路，双手轻摆，路过镜头时抬手比小...
2025-08-26 22:58:41,595 - WorkflowManager - INFO -      ⏭️  跳过第 12 行（不需要处理） | 产品: 0826-beautifully broken
2025-08-26 22:58:41,595 - WorkflowManager - INFO - 📝 处理进度: 12/20 - 第 13 行 | 产品: 0826-HIPPIE SOUL | 提示词: 镜头平行缓移跟拍，模特自然走路，双手轻摆，路过镜头时抬手比小...
2025-08-26 22:58:41,595 - WorkflowManager - INFO -      ⏭️  跳过第 13 行（不需要处理） | 产品: 0826-HIPPIE SOUL
2025-08-26 22:58:41,596 - WorkflowManager - INFO - 📝 处理进度: 13/20 - 第 14 行 | 产品: 0826-life is better | 提示词: 镜头平行缓移跟拍，模特自然走路，双手轻摆，路过镜头时抬手比小...
2025-08-26 22:58:41,596 - WorkflowManager - INFO -      ⏭️  跳过第 14 行（不需要处理） | 产品: 0826-life is better
2025-08-26 22:58:41,596 - WorkflowManager - INFO - 📝 处理进度: 14/20 - 第 15 行 | 产品: 0826-Yes, I Can Drive a Stick | 提示词: 镜头平行缓移跟拍，模特自然走路，双手轻摆，清晰呈现 T 恤彩...
2025-08-26 22:58:41,596 - WorkflowManager - INFO -      ⏭️  跳过第 15 行（不需要处理） | 产品: 0826-Yes, I Can Drive a Stick
2025-08-26 22:58:41,596 - WorkflowManager - INFO - 📝 处理进度: 15/20 - 第 16 行 | 产品: 0826-Yes, I Can Drive a Stick | 提示词: 镜头平行缓移跟拍，模特自然走路，双手轻摆，清晰呈现 T 恤彩...
2025-08-26 22:58:41,597 - WorkflowManager - INFO -      ⏭️  跳过第 16 行（不需要处理） | 产品: 0826-Yes, I Can Drive a Stick
2025-08-26 22:58:41,597 - WorkflowManager - INFO - 📝 处理进度: 16/20 - 第 17 行 | 产品: 0826-Mothman | 提示词: 镜头平行缓移跟拍，模特自然走路，双手轻摆，清晰呈现 T 恤彩...
2025-08-26 22:58:41,597 - ImageCompositionWorkflow - INFO - 🎨 开始处理图片合成 - 第 17 行，产品名：0826-Mothman，提示词：镜头平行缓移跟拍，模特自然走路，双手轻摆，清晰呈现 T 恤彩色印花 。
2025-08-26 22:58:41,798 - feishu_client - INFO - Token获取成功
2025-08-26 22:58:43,170 - comfyui_client - INFO -         - 上传产品图片...
2025-08-26 22:58:43,170 - comfyui_client - INFO - 🔧 [调试模式] 模拟上传图片: debug_product.png
2025-08-26 22:58:43,271 - comfyui_client - INFO -         ✅ 产品图片上传成功: debug_product.png
2025-08-26 22:58:43,271 - comfyui_client - INFO -         - 上传模特图片...
2025-08-26 22:58:43,271 - comfyui_client - INFO - 🔧 [调试模式] 模拟上传图片: debug_model.png
2025-08-26 22:58:43,372 - comfyui_client - INFO -         ✅ 模特图片上传成功: debug_model.png
2025-08-26 22:58:43,372 - comfyui_client - INFO -         - 创建ComfyUI工作流...
2025-08-26 22:58:43,372 - comfyui_client - INFO - 🔧 [调试模式] 模拟创建工作流，任务ID: debug_task_185536
2025-08-26 22:58:43,472 - comfyui_client - INFO -         ✅ 工作流创建成功，任务ID: debug_task_185536
2025-08-26 22:58:43,472 - comfyui_client - INFO -         - 等待工作流执行完成...
2025-08-26 22:58:43,472 - comfyui_client - INFO - 🔧 [调试模式] 模拟等待任务完成: debug_task_185536
2025-08-26 22:58:44,474 - ImageCompositionWorkflow - INFO - 🔧 [调试模式] 跳过文件下载，使用模拟数据: https://mock-output-url.com/debug_task_185536_result.png
2025-08-26 22:58:44,474 - ImageCompositionWorkflow - INFO -         ✅ 文件保存成功: ./output/img/0826-Mothman_白人-男-25-帅气_08-26-22-58.png
2025-08-26 22:58:44,742 - feishu_client - INFO - Token获取成功
2025-08-26 22:58:45,096 - feishu_client - INFO - 找到目标工作表: prd_model_sheet
2025-08-26 22:58:46,105 - feishu_client - ERROR - 写入图片失败: server error
2025-08-26 22:58:46,106 - WorkflowManager - INFO -      ✅ 第 17 行处理成功 | 产品: 0826-Mothman | 提示词: 镜头平行缓移跟拍，模特自然走路，双手轻摆，清晰呈现 T 恤彩...
2025-08-26 22:58:46,106 - WorkflowManager - INFO - 📝 处理进度: 17/20 - 第 18 行 | 产品: 0826-This is Bull shit | 提示词: 镜头平行缓移跟拍，模特自然走路，双手轻摆，清晰呈现 T 恤彩...
2025-08-26 22:58:46,106 - ImageCompositionWorkflow - INFO - 🎨 开始处理图片合成 - 第 18 行，产品名：0826-This is Bull shit，提示词：镜头平行缓移跟拍，模特自然走路，双手轻摆，清晰呈现 T 恤彩色印花 。
2025-08-26 22:58:47,440 - comfyui_client - INFO -         - 上传产品图片...
2025-08-26 22:58:47,440 - comfyui_client - INFO - 🔧 [调试模式] 模拟上传图片: debug_product.png
2025-08-26 22:58:47,541 - comfyui_client - INFO -         ✅ 产品图片上传成功: debug_product.png
2025-08-26 22:58:47,541 - comfyui_client - INFO -         - 上传模特图片...
2025-08-26 22:58:47,541 - comfyui_client - INFO - 🔧 [调试模式] 模拟上传图片: debug_model.png
2025-08-26 22:58:47,641 - comfyui_client - INFO -         ✅ 模特图片上传成功: debug_model.png
2025-08-26 22:58:47,641 - comfyui_client - INFO -         - 创建ComfyUI工作流...
2025-08-26 22:58:47,642 - comfyui_client - INFO - 🔧 [调试模式] 模拟创建工作流，任务ID: debug_task_185540
2025-08-26 22:58:47,742 - comfyui_client - INFO -         ✅ 工作流创建成功，任务ID: debug_task_185540
2025-08-26 22:58:47,742 - comfyui_client - INFO -         - 等待工作流执行完成...
2025-08-26 22:58:47,742 - comfyui_client - INFO - 🔧 [调试模式] 模拟等待任务完成: debug_task_185540
2025-08-26 22:58:48,743 - ImageCompositionWorkflow - INFO - 🔧 [调试模式] 跳过文件下载，使用模拟数据: https://mock-output-url.com/debug_task_185540_result.png
2025-08-26 22:58:48,743 - ImageCompositionWorkflow - INFO -         ✅ 文件保存成功: ./output/img/0826-This is Bull shit_白人-男-25-帅气_08-26-22-58.png
2025-08-26 22:58:48,946 - feishu_client - INFO - Token获取成功
2025-08-26 22:58:49,247 - feishu_client - INFO - 找到目标工作表: prd_model_sheet
2025-08-26 22:58:50,282 - feishu_client - ERROR - 写入图片失败: server error
2025-08-26 22:58:50,283 - WorkflowManager - INFO -      ✅ 第 18 行处理成功 | 产品: 0826-This is Bull shit | 提示词: 镜头平行缓移跟拍，模特自然走路，双手轻摆，清晰呈现 T 恤彩...
2025-08-26 22:58:50,283 - WorkflowManager - INFO - 📝 处理进度: 18/20 - 第 19 行 | 产品: 0826-UFO | 提示词: 镜头平行缓移跟拍，模特自然走路，双手轻摆，清晰呈现 T 恤彩...
2025-08-26 22:58:50,283 - ImageCompositionWorkflow - INFO - 🎨 开始处理图片合成 - 第 19 行，产品名：0826-UFO，提示词：镜头平行缓移跟拍，模特自然走路，双手轻摆，清晰呈现 T 恤彩色印花 。
2025-08-26 22:58:51,531 - comfyui_client - INFO -         - 上传产品图片...
2025-08-26 22:58:51,531 - comfyui_client - INFO - 🔧 [调试模式] 模拟上传图片: debug_product.png
2025-08-26 22:58:51,632 - comfyui_client - INFO -         ✅ 产品图片上传成功: debug_product.png
2025-08-26 22:58:51,632 - comfyui_client - INFO -         - 上传模特图片...
2025-08-26 22:58:51,632 - comfyui_client - INFO - 🔧 [调试模式] 模拟上传图片: debug_model.png
2025-08-26 22:58:51,733 - comfyui_client - INFO -         ✅ 模特图片上传成功: debug_model.png
2025-08-26 22:58:51,733 - comfyui_client - INFO -         - 创建ComfyUI工作流...
2025-08-26 22:58:51,734 - comfyui_client - INFO - 🔧 [调试模式] 模拟创建工作流，任务ID: debug_task_185544
2025-08-26 22:58:51,834 - comfyui_client - INFO -         ✅ 工作流创建成功，任务ID: debug_task_185544
2025-08-26 22:58:51,834 - comfyui_client - INFO -         - 等待工作流执行完成...
2025-08-26 22:58:51,834 - comfyui_client - INFO - 🔧 [调试模式] 模拟等待任务完成: debug_task_185544
2025-08-26 22:58:52,835 - ImageCompositionWorkflow - INFO - 🔧 [调试模式] 跳过文件下载，使用模拟数据: https://mock-output-url.com/debug_task_185544_result.png
2025-08-26 22:58:52,835 - ImageCompositionWorkflow - INFO -         ✅ 文件保存成功: ./output/img/0826-UFO_黑人-男-25-胡茬酒吧_08-26-22-58.png
2025-08-26 22:58:53,076 - feishu_client - INFO - Token获取成功
2025-08-26 22:58:53,437 - feishu_client - INFO - 找到目标工作表: prd_model_sheet
2025-08-26 22:58:54,291 - feishu_client - ERROR - 写入图片失败: server error
2025-08-26 22:58:54,292 - WorkflowManager - INFO -      ✅ 第 19 行处理成功 | 产品: 0826-UFO | 提示词: 镜头平行缓移跟拍，模特自然走路，双手轻摆，清晰呈现 T 恤彩...
2025-08-26 22:58:54,292 - WorkflowManager - INFO - 📝 处理进度: 19/20 - 第 20 行 | 产品: 0826-vision | 提示词: 镜头平行缓移跟拍，模特自然走路，双手轻摆，清晰呈现 T 恤彩...
2025-08-26 22:58:54,292 - ImageCompositionWorkflow - INFO - 🎨 开始处理图片合成 - 第 20 行，产品名：0826-vision，提示词：镜头平行缓移跟拍，模特自然走路，双手轻摆，清晰呈现 T 恤彩色印花 。
2025-08-26 22:58:55,562 - comfyui_client - INFO -         - 上传产品图片...
2025-08-26 22:58:55,562 - comfyui_client - INFO - 🔧 [调试模式] 模拟上传图片: debug_product.png
2025-08-26 22:58:55,662 - comfyui_client - INFO -         ✅ 产品图片上传成功: debug_product.png
2025-08-26 22:58:55,663 - comfyui_client - INFO -         - 上传模特图片...
2025-08-26 22:58:55,664 - comfyui_client - INFO - 🔧 [调试模式] 模拟上传图片: debug_model.png
2025-08-26 22:58:55,764 - comfyui_client - INFO -         ✅ 模特图片上传成功: debug_model.png
2025-08-26 22:58:55,764 - comfyui_client - INFO -         - 创建ComfyUI工作流...
2025-08-26 22:58:55,765 - comfyui_client - INFO - 🔧 [调试模式] 模拟创建工作流，任务ID: debug_task_185548
2025-08-26 22:58:55,866 - comfyui_client - INFO -         ✅ 工作流创建成功，任务ID: debug_task_185548
2025-08-26 22:58:55,866 - comfyui_client - INFO -         - 等待工作流执行完成...
2025-08-26 22:58:55,866 - comfyui_client - INFO - 🔧 [调试模式] 模拟等待任务完成: debug_task_185548
2025-08-26 22:58:56,867 - ImageCompositionWorkflow - INFO - 🔧 [调试模式] 跳过文件下载，使用模拟数据: https://mock-output-url.com/debug_task_185548_result.png
2025-08-26 22:58:56,867 - ImageCompositionWorkflow - INFO -         ✅ 文件保存成功: ./output/img/0826-vision_黑人-男-25-健身_08-26-22-58.png
2025-08-26 22:58:57,109 - feishu_client - INFO - Token获取成功
2025-08-26 22:58:57,423 - feishu_client - INFO - 找到目标工作表: prd_model_sheet
2025-08-26 22:58:58,235 - feishu_client - ERROR - 写入图片失败: server error
2025-08-26 22:58:58,235 - WorkflowManager - INFO -      ✅ 第 20 行处理成功 | 产品: 0826-vision | 提示词: 镜头平行缓移跟拍，模特自然走路，双手轻摆，清晰呈现 T 恤彩...
2025-08-26 22:58:58,235 - WorkflowManager - INFO - 📝 处理进度: 20/20 - 第 21 行 | 产品: 0826-Yahweh | 提示词: 镜头平行缓移跟拍，模特自然走路，双手轻摆，清晰呈现 T 恤彩...
2025-08-26 22:58:58,236 - ImageCompositionWorkflow - INFO - 🎨 开始处理图片合成 - 第 21 行，产品名：0826-Yahweh，提示词：镜头平行缓移跟拍，模特自然走路，双手轻摆，清晰呈现 T 恤彩色印花 。
2025-08-26 22:58:59,627 - comfyui_client - INFO -         - 上传产品图片...
2025-08-26 22:58:59,627 - comfyui_client - INFO - 🔧 [调试模式] 模拟上传图片: debug_product.png
2025-08-26 22:58:59,728 - comfyui_client - INFO -         ✅ 产品图片上传成功: debug_product.png
2025-08-26 22:58:59,728 - comfyui_client - INFO -         - 上传模特图片...
2025-08-26 22:58:59,728 - comfyui_client - INFO - 🔧 [调试模式] 模拟上传图片: debug_model.png
2025-08-26 22:58:59,829 - comfyui_client - INFO -         ✅ 模特图片上传成功: debug_model.png
2025-08-26 22:58:59,829 - comfyui_client - INFO -         - 创建ComfyUI工作流...
2025-08-26 22:58:59,829 - comfyui_client - INFO - 🔧 [调试模式] 模拟创建工作流，任务ID: debug_task_185552
2025-08-26 22:58:59,931 - comfyui_client - INFO -         ✅ 工作流创建成功，任务ID: debug_task_185552
2025-08-26 22:58:59,931 - comfyui_client - INFO -         - 等待工作流执行完成...
2025-08-26 22:58:59,931 - comfyui_client - INFO - 🔧 [调试模式] 模拟等待任务完成: debug_task_185552
2025-08-26 22:59:00,932 - ImageCompositionWorkflow - INFO - 🔧 [调试模式] 跳过文件下载，使用模拟数据: https://mock-output-url.com/debug_task_185552_result.png
2025-08-26 22:59:00,932 - ImageCompositionWorkflow - INFO -         ✅ 文件保存成功: ./output/img/0826-Yahweh_黑人-男-25-胡茬酒吧_08-26-22-59.png
2025-08-26 22:59:01,184 - feishu_client - INFO - Token获取成功
2025-08-26 22:59:01,477 - feishu_client - INFO - 找到目标工作表: prd_model_sheet
2025-08-26 22:59:04,570 - feishu_client - ERROR - 写入图片失败: server error
2025-08-26 22:59:04,571 - WorkflowManager - INFO -      ✅ 第 21 行处理成功 | 产品: 0826-Yahweh | 提示词: 镜头平行缓移跟拍，模特自然走路，双手轻摆，清晰呈现 T 恤彩...
2025-08-26 22:59:04,571 - __main__ - INFO - 
============================================================
📊 图片合成工作流 处理报告
============================================================
📈 处理统计:
   - 总行数: 20
   - 成功: 20
   - 失败: 0
   - 成功率: 100.0% (如果总行数 > 0)
   - 总耗时: 22.97 秒
   - 平均耗时: 1.15 秒/行

✅ 成功处理的行:
   - 第 2 行
   - 第 3 行
   - 第 4 行
   - 第 5 行
   - 第 6 行
   - 第 7 行
   - 第 8 行
   - 第 9 行
   - 第 10 行
   - 第 11 行
   - 第 12 行
   - 第 13 行
   - 第 14 行
   - 第 15 行
   - 第 16 行
   - 第 17 行 (4.51s) - 1 个文件
   - 第 18 行 (4.18s) - 1 个文件
   - 第 19 行 (4.01s) - 1 个文件
   - 第 20 行 (3.94s) - 1 个文件
   - 第 21 行 (6.33s) - 1 个文件

============================================================

2025-08-26 22:59:04,571 - __main__ - INFO - 🎬 阶段2: 执行图生视频工作流
2025-08-26 22:59:04,911 - feishu_client - INFO - 找到目标工作表: prd_model_sheet
2025-08-26 22:59:05,260 - feishu_client - INFO - 列映射: {'product_image': 0, 'model_image': 1, 'prompt': 2, 'status': 3, 'composite_image': 4, 'product_name': 5, 'model_name': 7, 'video_status': 8}
2025-08-26 22:59:05,260 - feishu_client - INFO - 解析行 1: 原始数据长度=9, product_name_idx=5
2025-08-26 22:59:05,261 - feishu_client - INFO - F列原始数据: '0826-Yes, I Can Drive a Stick'
2025-08-26 22:59:05,261 - feishu_client - INFO - 解析后的产品名: '0826-Yes, I Can Drive a Stick'
2025-08-26 22:59:05,261 - feishu_client - INFO - 解析行 2: 原始数据长度=9, product_name_idx=5
2025-08-26 22:59:05,261 - feishu_client - INFO - F列原始数据: '0826-Yes, I Can Drive a Stick'
2025-08-26 22:59:05,261 - feishu_client - INFO - 解析后的产品名: '0826-Yes, I Can Drive a Stick'
2025-08-26 22:59:05,261 - feishu_client - INFO - 解析行 3: 原始数据长度=9, product_name_idx=5
2025-08-26 22:59:05,261 - feishu_client - INFO - F列原始数据: '0826-Yes, I Can Drive a Stick'
2025-08-26 22:59:05,261 - feishu_client - INFO - 解析后的产品名: '0826-Yes, I Can Drive a Stick'
2025-08-26 22:59:05,261 - feishu_client - INFO - 解析行 4: 原始数据长度=9, product_name_idx=5
2025-08-26 22:59:05,261 - feishu_client - INFO - F列原始数据: '0826-Abvela'
2025-08-26 22:59:05,261 - feishu_client - INFO - 解析后的产品名: '0826-Abvela'
2025-08-26 22:59:05,262 - feishu_client - INFO - 解析行 5: 原始数据长度=9, product_name_idx=5
2025-08-26 22:59:05,262 - feishu_client - INFO - F列原始数据: '0826-freaks'
2025-08-26 22:59:05,262 - feishu_client - INFO - 解析后的产品名: '0826-freaks'
2025-08-26 22:59:05,262 - feishu_client - INFO - 解析行 6: 原始数据长度=9, product_name_idx=5
2025-08-26 22:59:05,262 - feishu_client - INFO - F列原始数据: '0826-beautifully broken'
2025-08-26 22:59:05,262 - feishu_client - INFO - 解析后的产品名: '0826-beautifully broken'
2025-08-26 22:59:05,263 - feishu_client - INFO - 解析行 7: 原始数据长度=9, product_name_idx=5
2025-08-26 22:59:05,263 - feishu_client - INFO - F列原始数据: '0826-HIPPIE SOUL'
2025-08-26 22:59:05,263 - feishu_client - INFO - 解析后的产品名: '0826-HIPPIE SOUL'
2025-08-26 22:59:05,263 - feishu_client - INFO - 解析行 8: 原始数据长度=9, product_name_idx=5
2025-08-26 22:59:05,263 - feishu_client - INFO - F列原始数据: '0826-life is better'
2025-08-26 22:59:05,263 - feishu_client - INFO - 解析后的产品名: '0826-life is better'
2025-08-26 22:59:05,264 - feishu_client - INFO - 解析行 9: 原始数据长度=9, product_name_idx=5
2025-08-26 22:59:05,264 - feishu_client - INFO - F列原始数据: '0826-Abvela'
2025-08-26 22:59:05,264 - feishu_client - INFO - 解析后的产品名: '0826-Abvela'
2025-08-26 22:59:05,264 - feishu_client - INFO - 解析行 10: 原始数据长度=9, product_name_idx=5
2025-08-26 22:59:05,264 - feishu_client - INFO - F列原始数据: '0826-freaks'
2025-08-26 22:59:05,264 - feishu_client - INFO - 解析后的产品名: '0826-freaks'
2025-08-26 22:59:05,264 - feishu_client - INFO - 解析行 11: 原始数据长度=9, product_name_idx=5
2025-08-26 22:59:05,265 - feishu_client - INFO - F列原始数据: '0826-beautifully broken'
2025-08-26 22:59:05,265 - feishu_client - INFO - 解析后的产品名: '0826-beautifully broken'
2025-08-26 22:59:05,265 - feishu_client - INFO - 解析行 12: 原始数据长度=9, product_name_idx=5
2025-08-26 22:59:05,265 - feishu_client - INFO - F列原始数据: '0826-HIPPIE SOUL'
2025-08-26 22:59:05,265 - feishu_client - INFO - 解析后的产品名: '0826-HIPPIE SOUL'
2025-08-26 22:59:05,265 - feishu_client - INFO - 解析行 13: 原始数据长度=9, product_name_idx=5
2025-08-26 22:59:05,265 - feishu_client - INFO - F列原始数据: '0826-life is better'
2025-08-26 22:59:05,265 - feishu_client - INFO - 解析后的产品名: '0826-life is better'
2025-08-26 22:59:05,265 - feishu_client - INFO - 解析行 14: 原始数据长度=9, product_name_idx=5
2025-08-26 22:59:05,265 - feishu_client - INFO - F列原始数据: '0826-Yes, I Can Drive a Stick'
2025-08-26 22:59:05,265 - feishu_client - INFO - 解析后的产品名: '0826-Yes, I Can Drive a Stick'
2025-08-26 22:59:05,266 - feishu_client - INFO - 解析行 15: 原始数据长度=9, product_name_idx=5
2025-08-26 22:59:05,266 - feishu_client - INFO - F列原始数据: '0826-Yes, I Can Drive a Stick'
2025-08-26 22:59:05,266 - feishu_client - INFO - 解析后的产品名: '0826-Yes, I Can Drive a Stick'
2025-08-26 22:59:05,266 - feishu_client - INFO - 解析行 16: 原始数据长度=9, product_name_idx=5
2025-08-26 22:59:05,266 - feishu_client - INFO - F列原始数据: '0826-Mothman'
2025-08-26 22:59:05,266 - feishu_client - INFO - 解析后的产品名: '0826-Mothman'
2025-08-26 22:59:05,266 - feishu_client - INFO - 解析行 17: 原始数据长度=9, product_name_idx=5
2025-08-26 22:59:05,266 - feishu_client - INFO - F列原始数据: '0826-This is Bull shit'
2025-08-26 22:59:05,266 - feishu_client - INFO - 解析后的产品名: '0826-This is Bull shit'
2025-08-26 22:59:05,266 - feishu_client - INFO - 解析行 18: 原始数据长度=9, product_name_idx=5
2025-08-26 22:59:05,267 - feishu_client - INFO - F列原始数据: '0826-UFO'
2025-08-26 22:59:05,267 - feishu_client - INFO - 解析后的产品名: '0826-UFO'
2025-08-26 22:59:05,267 - feishu_client - INFO - 解析行 19: 原始数据长度=9, product_name_idx=5
2025-08-26 22:59:05,267 - feishu_client - INFO - F列原始数据: '0826-vision'
2025-08-26 22:59:05,267 - feishu_client - INFO - 解析后的产品名: '0826-vision'
2025-08-26 22:59:05,267 - feishu_client - INFO - 解析行 20: 原始数据长度=9, product_name_idx=5
2025-08-26 22:59:05,267 - feishu_client - INFO - F列原始数据: '0826-Yahweh'
2025-08-26 22:59:05,267 - feishu_client - INFO - 解析后的产品名: '0826-Yahweh'
2025-08-26 22:59:05,268 - feishu_client - INFO - 处理了 20 行有效数据
2025-08-26 22:59:05,269 - WorkflowManager - INFO - 🚀 开始执行 图生视频工作流
2025-08-26 22:59:05,269 - WorkflowManager - INFO - 📊 总共需要处理 20 行数据
2025-08-26 22:59:05,269 - WorkflowManager - INFO - 📝 处理进度: 1/20 - 第 2 行 | 产品: 0826-Yes, I Can Drive a Stick | 提示词: 镜头平行缓移跟拍，模特自然走路，双手轻摆，路过镜头时抬手比小...
2025-08-26 22:59:05,269 - WorkflowManager - INFO -      ⏭️  跳过第 2 行（不需要处理） | 产品: 0826-Yes, I Can Drive a Stick
2025-08-26 22:59:05,269 - WorkflowManager - INFO - 📝 处理进度: 2/20 - 第 3 行 | 产品: 0826-Yes, I Can Drive a Stick | 提示词: 镜头平行缓移跟拍，模特自然走路，双手轻摆，路过镜头时抬手比小...
2025-08-26 22:59:05,269 - WorkflowManager - INFO -      ⏭️  跳过第 3 行（不需要处理） | 产品: 0826-Yes, I Can Drive a Stick
2025-08-26 22:59:05,269 - WorkflowManager - INFO - 📝 处理进度: 3/20 - 第 4 行 | 产品: 0826-Yes, I Can Drive a Stick | 提示词: 镜头平行缓移跟拍，模特自然走路，双手轻摆，甜笑注视镜头，清晰...
2025-08-26 22:59:05,269 - WorkflowManager - INFO -      ⏭️  跳过第 4 行（不需要处理） | 产品: 0826-Yes, I Can Drive a Stick
2025-08-26 22:59:05,270 - WorkflowManager - INFO - 📝 处理进度: 4/20 - 第 5 行 | 产品: 0826-Abvela | 提示词: 镜头平行缓移跟拍，模特自然走路，双手轻摆，路过镜头时抬手比小...
2025-08-26 22:59:05,270 - WorkflowManager - INFO -      ⏭️  跳过第 5 行（不需要处理） | 产品: 0826-Abvela
2025-08-26 22:59:05,270 - WorkflowManager - INFO - 📝 处理进度: 5/20 - 第 6 行 | 产品: 0826-freaks | 提示词: 镜头绕模特环形移动，穿过背景人群桌椅，模特走路时俏皮挑眉，偶...
2025-08-26 22:59:05,270 - WorkflowManager - INFO -      ⏭️  跳过第 6 行（不需要处理） | 产品: 0826-freaks
2025-08-26 22:59:05,270 - WorkflowManager - INFO - 📝 处理进度: 6/20 - 第 7 行 | 产品: 0826-beautifully broken | 提示词: 镜头从远慢推至 T 恤特写，模特走路中逐渐灿烂大笑，双手随步...
2025-08-26 22:59:05,271 - WorkflowManager - INFO -      ⏭️  跳过第 7 行（不需要处理） | 产品: 0826-beautifully broken
2025-08-26 22:59:05,271 - WorkflowManager - INFO - 📝 处理进度: 7/20 - 第 8 行 | 产品: 0826-HIPPIE SOUL | 提示词: 镜头动态追焦 T 恤印花，模特走路时侧头向背景朋友招呼，嘴角...
2025-08-26 22:59:05,271 - WorkflowManager - INFO -      ⏭️  跳过第 8 行（不需要处理） | 产品: 0826-HIPPIE SOUL
2025-08-26 22:59:05,271 - WorkflowManager - INFO - 📝 处理进度: 8/20 - 第 9 行 | 产品: 0826-life is better | 提示词: [{'segmentStyle': {'bold': Fal...
2025-08-26 22:59:05,271 - WorkflowManager - INFO -      ⏭️  跳过第 9 行（不需要处理） | 产品: 0826-life is better
2025-08-26 22:59:05,272 - WorkflowManager - INFO - 📝 处理进度: 9/20 - 第 10 行 | 产品: 0826-Abvela | 提示词: 镜头平行缓移跟拍，模特自然走路，双手轻摆，路过镜头时抬手比小...
2025-08-26 22:59:05,272 - WorkflowManager - INFO -      ⏭️  跳过第 10 行（不需要处理） | 产品: 0826-Abvela
2025-08-26 22:59:05,272 - WorkflowManager - INFO - 📝 处理进度: 10/20 - 第 11 行 | 产品: 0826-freaks | 提示词: 镜头平行缓移跟拍，模特自然走路，双手轻摆，路过镜头时抬手比小...
2025-08-26 22:59:05,272 - WorkflowManager - INFO -      ⏭️  跳过第 11 行（不需要处理） | 产品: 0826-freaks
2025-08-26 22:59:05,272 - WorkflowManager - INFO - 📝 处理进度: 11/20 - 第 12 行 | 产品: 0826-beautifully broken | 提示词: 镜头平行缓移跟拍，模特自然走路，双手轻摆，路过镜头时抬手比小...
2025-08-26 22:59:05,272 - WorkflowManager - INFO -      ⏭️  跳过第 12 行（不需要处理） | 产品: 0826-beautifully broken
2025-08-26 22:59:05,272 - WorkflowManager - INFO - 📝 处理进度: 12/20 - 第 13 行 | 产品: 0826-HIPPIE SOUL | 提示词: 镜头平行缓移跟拍，模特自然走路，双手轻摆，路过镜头时抬手比小...
2025-08-26 22:59:05,272 - WorkflowManager - INFO -      ⏭️  跳过第 13 行（不需要处理） | 产品: 0826-HIPPIE SOUL
2025-08-26 22:59:05,272 - WorkflowManager - INFO - 📝 处理进度: 13/20 - 第 14 行 | 产品: 0826-life is better | 提示词: 镜头平行缓移跟拍，模特自然走路，双手轻摆，路过镜头时抬手比小...
2025-08-26 22:59:05,272 - WorkflowManager - INFO -      ⏭️  跳过第 14 行（不需要处理） | 产品: 0826-life is better
2025-08-26 22:59:05,272 - WorkflowManager - INFO - 📝 处理进度: 14/20 - 第 15 行 | 产品: 0826-Yes, I Can Drive a Stick | 提示词: 镜头平行缓移跟拍，模特自然走路，双手轻摆，清晰呈现 T 恤彩...
2025-08-26 22:59:05,272 - WorkflowManager - INFO -      ⏭️  跳过第 15 行（不需要处理） | 产品: 0826-Yes, I Can Drive a Stick
2025-08-26 22:59:05,273 - WorkflowManager - INFO - 📝 处理进度: 15/20 - 第 16 行 | 产品: 0826-Yes, I Can Drive a Stick | 提示词: 镜头平行缓移跟拍，模特自然走路，双手轻摆，清晰呈现 T 恤彩...
2025-08-26 22:59:05,273 - WorkflowManager - INFO -      ⏭️  跳过第 16 行（不需要处理） | 产品: 0826-Yes, I Can Drive a Stick
2025-08-26 22:59:05,273 - WorkflowManager - INFO - 📝 处理进度: 16/20 - 第 17 行 | 产品: 0826-Mothman | 提示词: 镜头平行缓移跟拍，模特自然走路，双手轻摆，清晰呈现 T 恤彩...
2025-08-26 22:59:05,273 - WorkflowManager - INFO -      ⏭️  跳过第 17 行（不需要处理） | 产品: 0826-Mothman
2025-08-26 22:59:05,273 - WorkflowManager - INFO - 📝 处理进度: 17/20 - 第 18 行 | 产品: 0826-This is Bull shit | 提示词: 镜头平行缓移跟拍，模特自然走路，双手轻摆，清晰呈现 T 恤彩...
2025-08-26 22:59:05,274 - WorkflowManager - INFO -      ⏭️  跳过第 18 行（不需要处理） | 产品: 0826-This is Bull shit
2025-08-26 22:59:05,274 - WorkflowManager - INFO - 📝 处理进度: 18/20 - 第 19 行 | 产品: 0826-UFO | 提示词: 镜头平行缓移跟拍，模特自然走路，双手轻摆，清晰呈现 T 恤彩...
2025-08-26 22:59:05,274 - WorkflowManager - INFO -      ⏭️  跳过第 19 行（不需要处理） | 产品: 0826-UFO
2025-08-26 22:59:05,274 - WorkflowManager - INFO - 📝 处理进度: 19/20 - 第 20 行 | 产品: 0826-vision | 提示词: 镜头平行缓移跟拍，模特自然走路，双手轻摆，清晰呈现 T 恤彩...
2025-08-26 22:59:05,275 - WorkflowManager - INFO -      ⏭️  跳过第 20 行（不需要处理） | 产品: 0826-vision
2025-08-26 22:59:05,275 - WorkflowManager - INFO - 📝 处理进度: 20/20 - 第 21 行 | 产品: 0826-Yahweh | 提示词: 镜头平行缓移跟拍，模特自然走路，双手轻摆，清晰呈现 T 恤彩...
2025-08-26 22:59:05,275 - WorkflowManager - INFO -      ⏭️  跳过第 21 行（不需要处理） | 产品: 0826-Yahweh
2025-08-26 22:59:05,276 - __main__ - INFO - 📋 步骤4: 生成处理报告
2025-08-26 22:59:05,276 - __main__ - INFO - 
============================================================
📊 完整工作流 (图片合成 + 图生视频) 处理报告
============================================================
📈 处理统计:
   - 总行数: 40
   - 成功: 40
   - 失败: 0
   - 成功率: 100.0% (如果总行数 > 0)
   - 总耗时: 22.97 秒
   - 平均耗时: 0.57 秒/行

✅ 成功处理的行:
   - 第 2 行
   - 第 3 行
   - 第 4 行
   - 第 5 行
   - 第 6 行
   - 第 7 行
   - 第 8 行
   - 第 9 行
   - 第 10 行
   - 第 11 行
   - 第 12 行
   - 第 13 行
   - 第 14 行
   - 第 15 行
   - 第 16 行
   - 第 17 行 (4.51s) - 1 个文件
   - 第 18 行 (4.18s) - 1 个文件
   - 第 19 行 (4.01s) - 1 个文件
   - 第 20 行 (3.94s) - 1 个文件
   - 第 21 行 (6.33s) - 1 个文件
   - 第 2 行
   - 第 3 行
   - 第 4 行
   - 第 5 行
   - 第 6 行
   - 第 7 行
   - 第 8 行
   - 第 9 行
   - 第 10 行
   - 第 11 行
   - 第 12 行
   - 第 13 行
   - 第 14 行
   - 第 15 行
   - 第 16 行
   - 第 17 行
   - 第 18 行
   - 第 19 行
   - 第 20 行
   - 第 21 行

============================================================

2025-08-26 22:59:05,277 - __main__ - INFO - 处理报告已保存到: reports/report_20250826_225905.txt
2025-08-26 22:59:05,277 - __main__ - INFO - 所有数据处理成功
