2025-08-27 10:13:10,425 - __main__ - INFO - 日志文件: logs/workflow_20250827_101310.log
2025-08-27 10:13:10,425 - __main__ - INFO - === 开始执行飞书表格数据处理工作流 ===
2025-08-27 10:13:10,425 - __main__ - INFO - 🔧 步骤1: 初始化工作流管理器
2025-08-27 10:13:10,425 - __main__ - INFO - 📊 步骤2: 获取飞书表格数据
2025-08-27 10:13:10,425 - __main__ - INFO -    - 正在连接飞书API...
2025-08-27 10:13:10,849 - feishu_client - INFO - Token获取成功
2025-08-27 10:13:11,680 - feishu_client - INFO - 列映射: {'product_image': 0, 'model_image': 1, 'prompt': 2, 'status': 3, 'composite_image': 4, 'product_name': 5, 'model_name': 7, 'video_status': 8}
2025-08-27 10:13:11,682 - feishu_client - INFO - 处理了 28 行有效数据
2025-08-27 10:13:11,682 - __main__ - INFO -    ✅ 获取到 28 行数据
2025-08-27 10:13:11,682 - __main__ - INFO - 🚀 步骤3: 执行完整工作流 (图片合成 + 图生视频)
2025-08-27 10:13:11,682 - __main__ - INFO - 🎨 阶段1: 执行图片合成工作流
2025-08-27 10:13:11,683 - WorkflowManager - INFO - 🚀 开始执行 图片合成工作流
2025-08-27 10:13:11,683 - WorkflowManager - INFO - 📊 总共需要处理 28 行数据
2025-08-27 10:13:11,683 - WorkflowManager - INFO - 📝 处理进度: 1/28 - 第 2 行，跳过
2025-08-27 10:13:11,683 - WorkflowManager - INFO - 📝 处理进度: 2/28 - 第 3 行，跳过
2025-08-27 10:13:11,683 - WorkflowManager - INFO - 📝 处理进度: 3/28 - 第 4 行，跳过
2025-08-27 10:13:11,683 - WorkflowManager - INFO - 📝 处理进度: 4/28 - 第 5 行，跳过
2025-08-27 10:13:11,683 - WorkflowManager - INFO - 📝 处理进度: 5/28 - 第 6 行，跳过
2025-08-27 10:13:11,683 - WorkflowManager - INFO - 📝 处理进度: 6/28 - 第 7 行，跳过
2025-08-27 10:13:11,683 - WorkflowManager - INFO - 📝 处理进度: 7/28 - 第 8 行，跳过
2025-08-27 10:13:11,683 - WorkflowManager - INFO - 📝 处理进度: 8/28 - 第 9 行，跳过
2025-08-27 10:13:11,683 - WorkflowManager - INFO - 📝 处理进度: 9/28 - 第 10 行，跳过
2025-08-27 10:13:11,684 - WorkflowManager - INFO - 📝 处理进度: 10/28 - 第 11 行，跳过
2025-08-27 10:13:11,684 - WorkflowManager - INFO - 📝 处理进度: 11/28 - 第 12 行，跳过
2025-08-27 10:13:11,684 - WorkflowManager - INFO - 📝 处理进度: 12/28 - 第 13 行，跳过
2025-08-27 10:13:11,684 - WorkflowManager - INFO - 📝 处理进度: 13/28 - 第 14 行，跳过
2025-08-27 10:13:11,684 - WorkflowManager - INFO - 📝 处理进度: 14/28 - 第 15 行，跳过
2025-08-27 10:13:11,684 - WorkflowManager - INFO - 📝 处理进度: 15/28 - 第 16 行，跳过
2025-08-27 10:13:11,684 - WorkflowManager - INFO - 📝 处理进度: 16/28 - 第 17 行，跳过
2025-08-27 10:13:11,684 - WorkflowManager - INFO - 📝 处理进度: 17/28 - 第 18 行，跳过
2025-08-27 10:13:11,684 - WorkflowManager - INFO - 📝 处理进度: 18/28 - 第 19 行，跳过
2025-08-27 10:13:11,684 - WorkflowManager - INFO - 📝 处理进度: 19/28 - 第 20 行，跳过
2025-08-27 10:13:11,684 - WorkflowManager - INFO - 📝 处理进度: 20/28 - 第 21 行，跳过
2025-08-27 10:13:11,686 - WorkflowManager - INFO - 📝 处理进度: 21/28 - 第 22 行，跳过
2025-08-27 10:13:11,686 - WorkflowManager - INFO - 📝 处理进度: 22/28 - 第 23 行，跳过
2025-08-27 10:13:11,687 - WorkflowManager - INFO - 📝 处理进度: 23/28 - 第 24 行，跳过
2025-08-27 10:13:11,687 - WorkflowManager - INFO - 📝 处理进度: 24/28 - 第 25 行 | 产品: 拉丁-男-25-卷发      | 提示词: 镜头平行缓移跟拍，模特自然走路，双手轻摆，清晰呈现 T 恤彩...
2025-08-27 10:13:12,359 - feishu_client - INFO - Token获取成功
2025-08-27 10:13:14,418 - comfyui_client - INFO -         - 上传产品图片...
2025-08-27 10:13:14,799 - comfyui_client - INFO -         ✅ 产品图片上传成功
2025-08-27 10:13:15,135 - comfyui_client - INFO -         - 上传模特图片...
2025-08-27 10:13:16,854 - comfyui_client - INFO -         ✅ 模特图片上传成功
2025-08-27 10:13:16,855 - comfyui_client - INFO -         - 创建ComfyUI工作流...
2025-08-27 10:13:17,150 - comfyui_client - INFO -         ✅ 工作流创建成功，任务ID: 1960525997298909185
2025-08-27 10:13:17,150 - comfyui_client - INFO -         🔸 子步骤4: 等待工作流执行完成
2025-08-27 10:13:17,600 - comfyui_client - INFO -         🔸 子步骤4: 等待工作流执行完成 (已等待 0分0秒)
2025-08-27 10:15:22,018 - ImageCompositionWorkflow - INFO -         ✅ 文件保存成功: ./output/img/拉丁-男-25-卷发_拉丁-男-25-卷发_08-27-10-15.png
2025-08-27 10:15:22,320 - feishu_client - INFO - Token获取成功
2025-08-27 10:15:37,369 - feishu_client - INFO - 图片写入成功
2025-08-27 10:15:39,951 - feishu_client - INFO - 行 25 状态更新为: 已完成
2025-08-27 10:15:39,954 - WorkflowManager - INFO -      ✅ 第 25 行处理成功 | 产品: 拉丁-男-25-卷发 | 提示词: 镜头平行缓移跟拍，模特自然走路，双手轻摆，清晰呈现 T 恤彩...
2025-08-27 10:15:39,954 - WorkflowManager - INFO - 📝 处理进度: 25/28 - 第 26 行 | 产品: 拉丁-男-25-卷发      | 提示词: 镜头平行缓移跟拍，模特自然走路，双手轻摆，清晰呈现 T 恤彩...
2025-08-27 10:15:45,743 - comfyui_client - INFO -         - 上传产品图片...
2025-08-27 10:15:46,398 - comfyui_client - INFO -         ✅ 产品图片上传成功
2025-08-27 10:15:46,398 - comfyui_client - INFO -         - 上传模特图片...
2025-08-27 10:15:54,889 - comfyui_client - INFO -         ✅ 模特图片上传成功
2025-08-27 10:15:54,890 - comfyui_client - INFO -         - 创建ComfyUI工作流...
2025-08-27 10:15:55,193 - comfyui_client - INFO -         ✅ 工作流创建成功，任务ID: 1960526660187688962
2025-08-27 10:15:55,193 - comfyui_client - INFO -         🔸 子步骤4: 等待工作流执行完成
2025-08-27 10:15:55,416 - comfyui_client - INFO -         🔸 子步骤4: 等待工作流执行完成 (已等待 0分0秒)
2025-08-27 10:17:59,938 - ImageCompositionWorkflow - INFO -         ✅ 文件保存成功: ./output/img/拉丁-男-25-卷发_拉丁-男-25-卷发_08-27-10-17.png
2025-08-27 10:18:00,383 - feishu_client - INFO - Token获取成功
2025-08-27 10:18:14,158 - feishu_client - INFO - 图片写入成功
2025-08-27 10:18:15,583 - feishu_client - INFO - 行 26 状态更新为: 已完成
2025-08-27 10:18:15,586 - WorkflowManager - INFO -      ✅ 第 26 行处理成功 | 产品: 拉丁-男-25-卷发 | 提示词: 镜头平行缓移跟拍，模特自然走路，双手轻摆，清晰呈现 T 恤彩...
2025-08-27 10:18:15,587 - WorkflowManager - INFO - 📝 处理进度: 26/28 - 第 27 行 | 产品: 拉丁-男-25-卷发      | 提示词: 镜头平行缓移跟拍，模特自然走路，双手轻摆，清晰呈现 T 恤彩...
2025-08-27 10:18:17,809 - comfyui_client - INFO -         - 上传产品图片...
2025-08-27 10:18:18,436 - comfyui_client - INFO -         ✅ 产品图片上传成功
2025-08-27 10:18:18,436 - comfyui_client - INFO -         - 上传模特图片...
2025-08-27 10:18:20,023 - comfyui_client - INFO -         ✅ 模特图片上传成功
2025-08-27 10:18:20,024 - comfyui_client - INFO -         - 创建ComfyUI工作流...
2025-08-27 10:18:20,505 - comfyui_client - INFO -         ✅ 工作流创建成功，任务ID: 1960527269565534209
2025-08-27 10:18:20,506 - comfyui_client - INFO -         🔸 子步骤4: 等待工作流执行完成
2025-08-27 10:18:20,780 - comfyui_client - INFO -         🔸 子步骤4: 等待工作流执行完成 (已等待 0分0秒)
2025-08-27 10:20:23,254 - ImageCompositionWorkflow - INFO -         ✅ 文件保存成功: ./output/img/拉丁-男-25-卷发_拉丁-男-25-卷发_08-27-10-20.png
2025-08-27 10:20:23,524 - feishu_client - INFO - Token获取成功
2025-08-27 10:20:37,763 - feishu_client - INFO - 图片写入成功
2025-08-27 10:20:39,261 - feishu_client - INFO - 行 27 状态更新为: 已完成
2025-08-27 10:20:39,265 - WorkflowManager - INFO -      ✅ 第 27 行处理成功 | 产品: 拉丁-男-25-卷发 | 提示词: 镜头平行缓移跟拍，模特自然走路，双手轻摆，清晰呈现 T 恤彩...
2025-08-27 10:20:39,266 - WorkflowManager - INFO - 📝 处理进度: 27/28 - 第 28 行 | 产品: 拉丁-男-25-卷发      | 提示词: 镜头平行缓移跟拍，模特自然走路，双手轻摆，清晰呈现 T 恤彩...
2025-08-27 10:20:41,598 - comfyui_client - INFO -         - 上传产品图片...
2025-08-27 10:20:42,119 - comfyui_client - INFO -         ✅ 产品图片上传成功
2025-08-27 10:20:42,119 - comfyui_client - INFO -         - 上传模特图片...
2025-08-27 10:21:44,219 - comfyui_client - ERROR - 图片上传失败: HTTP错误: 504
2025-08-27 10:21:44,223 - WorkflowManager - ERROR -      ❌ 第 28 行处理失败 | 产品: 拉丁-男-25-卷发 | 提示词: 镜头平行缓移跟拍，模特自然走路，双手轻摆，清晰呈现 T 恤彩... | 错误: 模特图片上传失败: HTTP错误: 504
2025-08-27 10:21:44,223 - WorkflowManager - INFO - 📝 处理进度: 28/28 - 第 29 行 | 产品: 拉丁-男-25-卷发      | 提示词: 镜头平行缓移跟拍，模特自然走路，双手轻摆，清晰呈现 T 恤彩...
2025-08-27 10:21:47,013 - comfyui_client - INFO -         - 上传产品图片...
2025-08-27 10:21:47,892 - comfyui_client - INFO -         ✅ 产品图片上传成功
2025-08-27 10:21:47,893 - comfyui_client - INFO -         - 上传模特图片...
2025-08-27 10:21:49,741 - comfyui_client - INFO -         ✅ 模特图片上传成功
2025-08-27 10:21:49,742 - comfyui_client - INFO -         - 创建ComfyUI工作流...
2025-08-27 10:21:50,517 - comfyui_client - INFO -         ✅ 工作流创建成功，任务ID: 1960528149656342530
2025-08-27 10:21:50,517 - comfyui_client - INFO -         🔸 子步骤4: 等待工作流执行完成
2025-08-27 10:21:50,779 - comfyui_client - INFO -         🔸 子步骤4: 等待工作流执行完成 (已等待 0分0秒)
2025-08-27 10:23:53,399 - ImageCompositionWorkflow - INFO -         ✅ 文件保存成功: ./output/img/拉丁-男-25-卷发_拉丁-男-25-卷发_08-27-10-23.png
2025-08-27 10:23:54,277 - feishu_client - INFO - Token获取成功
2025-08-27 10:24:06,826 - feishu_client - INFO - 图片写入成功
2025-08-27 10:24:08,397 - feishu_client - INFO - 行 29 状态更新为: 已完成
2025-08-27 10:24:08,399 - WorkflowManager - INFO -      ✅ 第 29 行处理成功 | 产品: 拉丁-男-25-卷发 | 提示词: 镜头平行缓移跟拍，模特自然走路，双手轻摆，清晰呈现 T 恤彩...
2025-08-27 10:24:08,401 - __main__ - INFO - 
============================================================
📊 图片合成工作流 处理报告
============================================================
📈 处理统计:
   - 总行数: 28
   - 成功: 4
   - 失败: 1
   - 跳过: 23
   - 成功率: 96.4% (如果总行数 > 0)
   - 总耗时: 591.75 秒
   - 平均耗时: 21.13 秒/行

❌ 失败详情:
   - 第 28 行: 模特图片上传失败: HTTP错误: 504

⏭️ 跳过的行:
   - 第 2 行：跳过
   - 第 3 行：跳过
   - 第 4 行：跳过
   - 第 5 行：跳过
   - 第 6 行：跳过
   - 第 7 行：跳过
   - 第 8 行：跳过
   - 第 9 行：跳过
   - 第 10 行：跳过
   - 第 11 行：跳过
   - 第 12 行：跳过
   - 第 13 行：跳过
   - 第 14 行：跳过
   - 第 15 行：跳过
   - 第 16 行：跳过
   - 第 17 行：跳过
   - 第 18 行：跳过
   - 第 19 行：跳过
   - 第 20 行：跳过
   - 第 21 行：跳过
   - 第 22 行：跳过
   - 第 23 行：跳过
   - 第 24 行：跳过

✅ 成功处理的行:
   - 第 25 行 (148.27s) - 1 个文件
   - 第 26 行 (155.63s) - 1 个文件
   - 第 27 行 (143.68s) - 1 个文件
   - 第 29 行 (144.17s) - 1 个文件

============================================================

2025-08-27 10:24:08,402 - __main__ - INFO - 🎬 阶段2: 执行图生视频工作流
2025-08-27 10:24:09,858 - feishu_client - INFO - 列映射: {'product_image': 0, 'model_image': 1, 'prompt': 2, 'status': 3, 'composite_image': 4, 'product_name': 5, 'model_name': 7, 'video_status': 8}
2025-08-27 10:24:09,860 - feishu_client - INFO - 处理了 28 行有效数据
2025-08-27 10:24:09,861 - WorkflowManager - INFO - 🚀 开始执行 图生视频工作流
2025-08-27 10:24:09,862 - WorkflowManager - INFO - 📊 总共需要处理 28 行数据
2025-08-27 10:24:09,862 - WorkflowManager - INFO - 📝 处理进度: 1/28 - 第 2 行，跳过
2025-08-27 10:24:09,862 - WorkflowManager - INFO - 📝 处理进度: 2/28 - 第 3 行，跳过
2025-08-27 10:24:09,862 - WorkflowManager - INFO - 📝 处理进度: 3/28 - 第 4 行，跳过
2025-08-27 10:24:09,862 - WorkflowManager - INFO - 📝 处理进度: 4/28 - 第 5 行，跳过
2025-08-27 10:24:09,862 - WorkflowManager - INFO - 📝 处理进度: 5/28 - 第 6 行，跳过
2025-08-27 10:24:09,862 - WorkflowManager - INFO - 📝 处理进度: 6/28 - 第 7 行，跳过
2025-08-27 10:24:09,862 - WorkflowManager - INFO - 📝 处理进度: 7/28 - 第 8 行，跳过
2025-08-27 10:24:09,863 - WorkflowManager - INFO - 📝 处理进度: 8/28 - 第 9 行，跳过
2025-08-27 10:24:09,863 - WorkflowManager - INFO - 📝 处理进度: 9/28 - 第 10 行，跳过
2025-08-27 10:24:09,863 - WorkflowManager - INFO - 📝 处理进度: 10/28 - 第 11 行，跳过
2025-08-27 10:24:09,863 - WorkflowManager - INFO - 📝 处理进度: 11/28 - 第 12 行，跳过
2025-08-27 10:24:09,863 - WorkflowManager - INFO - 📝 处理进度: 12/28 - 第 13 行，跳过
2025-08-27 10:24:09,863 - WorkflowManager - INFO - 📝 处理进度: 13/28 - 第 14 行，跳过
2025-08-27 10:24:09,863 - WorkflowManager - INFO - 📝 处理进度: 14/28 - 第 15 行，跳过
2025-08-27 10:24:09,863 - WorkflowManager - INFO - 📝 处理进度: 15/28 - 第 16 行，跳过
2025-08-27 10:24:09,863 - WorkflowManager - INFO - 📝 处理进度: 16/28 - 第 17 行，跳过
2025-08-27 10:24:09,863 - WorkflowManager - INFO - 📝 处理进度: 17/28 - 第 18 行，跳过
2025-08-27 10:24:09,863 - WorkflowManager - INFO - 📝 处理进度: 18/28 - 第 19 行，跳过
2025-08-27 10:24:09,864 - WorkflowManager - INFO - 📝 处理进度: 19/28 - 第 20 行，跳过
2025-08-27 10:24:09,864 - WorkflowManager - INFO - 📝 处理进度: 20/28 - 第 21 行，跳过
2025-08-27 10:24:09,864 - WorkflowManager - INFO - 📝 处理进度: 21/28 - 第 22 行，跳过
2025-08-27 10:24:09,864 - WorkflowManager - INFO - 📝 处理进度: 22/28 - 第 23 行，跳过
2025-08-27 10:24:09,864 - WorkflowManager - INFO - 📝 处理进度: 23/28 - 第 24 行，跳过
2025-08-27 10:24:09,864 - WorkflowManager - INFO - 📝 处理进度: 24/28 - 第 25 行，跳过
2025-08-27 10:24:09,864 - WorkflowManager - INFO - 📝 处理进度: 25/28 - 第 26 行，跳过
2025-08-27 10:24:09,864 - WorkflowManager - INFO - 📝 处理进度: 26/28 - 第 27 行，跳过
2025-08-27 10:24:09,864 - WorkflowManager - INFO - 📝 处理进度: 27/28 - 第 28 行，跳过
2025-08-27 10:24:09,864 - WorkflowManager - INFO - 📝 处理进度: 28/28 - 第 29 行，跳过
2025-08-27 10:24:09,864 - __main__ - INFO - 📋 步骤4: 生成处理报告
2025-08-27 10:24:09,865 - __main__ - INFO - 
============================================================
📊 完整工作流 (图片合成 + 图生视频) 处理报告
============================================================
📈 处理统计:
   - 总行数: 56
   - 成功: 4
   - 失败: 1
   - 跳过: 51
   - 成功率: 98.2% (如果总行数 > 0)
   - 总耗时: 591.75 秒
   - 平均耗时: 10.57 秒/行

❌ 失败详情:
   - 第 28 行: 模特图片上传失败: HTTP错误: 504

⏭️ 跳过的行:
   - 第 2 行：跳过
   - 第 3 行：跳过
   - 第 4 行：跳过
   - 第 5 行：跳过
   - 第 6 行：跳过
   - 第 7 行：跳过
   - 第 8 行：跳过
   - 第 9 行：跳过
   - 第 10 行：跳过
   - 第 11 行：跳过
   - 第 12 行：跳过
   - 第 13 行：跳过
   - 第 14 行：跳过
   - 第 15 行：跳过
   - 第 16 行：跳过
   - 第 17 行：跳过
   - 第 18 行：跳过
   - 第 19 行：跳过
   - 第 20 行：跳过
   - 第 21 行：跳过
   - 第 22 行：跳过
   - 第 23 行：跳过
   - 第 24 行：跳过
   - 第 2 行：跳过
   - 第 3 行：跳过
   - 第 4 行：跳过
   - 第 5 行：跳过
   - 第 6 行：跳过
   - 第 7 行：跳过
   - 第 8 行：跳过
   - 第 9 行：跳过
   - 第 10 行：跳过
   - 第 11 行：跳过
   - 第 12 行：跳过
   - 第 13 行：跳过
   - 第 14 行：跳过
   - 第 15 行：跳过
   - 第 16 行：跳过
   - 第 17 行：跳过
   - 第 18 行：跳过
   - 第 19 行：跳过
   - 第 20 行：跳过
   - 第 21 行：跳过
   - 第 22 行：跳过
   - 第 23 行：跳过
   - 第 24 行：跳过
   - 第 25 行：跳过
   - 第 26 行：跳过
   - 第 27 行：跳过
   - 第 28 行：跳过
   - 第 29 行：跳过

✅ 成功处理的行:
   - 第 25 行 (148.27s) - 1 个文件
   - 第 26 行 (155.63s) - 1 个文件
   - 第 27 行 (143.68s) - 1 个文件
   - 第 29 行 (144.17s) - 1 个文件

============================================================

2025-08-27 10:24:09,865 - __main__ - INFO - 处理报告已保存到: reports/report_20250827_102409.txt
2025-08-27 10:24:09,865 - __main__ - WARNING - 部分数据处理失败: 55/56
