2025-08-27 20:04:59,522 - __main__ - INFO - 日志文件: logs/workflow_20250827_200459.log
2025-08-27 20:04:59,522 - __main__ - INFO - === 开始执行飞书表格数据处理工作流 ===
2025-08-27 20:04:59,522 - __main__ - INFO - 🔧 步骤1: 初始化工作流管理器
2025-08-27 20:04:59,523 - __main__ - INFO - 📊 步骤2: 获取飞书表格数据
2025-08-27 20:04:59,523 - __main__ - INFO -    - 正在连接飞书API...
2025-08-27 20:04:59,910 - feishu_client - INFO - Token获取成功
2025-08-27 20:05:00,856 - feishu_client - INFO - 列映射: {'product_image': 0, 'model_image': 1, 'prompt': 2, 'status': 3, 'composite_image': 4, 'product_name': 5, 'model_name': 7, 'video_status': 8}
2025-08-27 20:05:00,857 - feishu_client - INFO - 处理了 50 行有效数据
2025-08-27 20:05:00,858 - __main__ - INFO -    ✅ 获取到 50 行数据
2025-08-27 20:05:00,858 - __main__ - INFO - 🚀 步骤3: 执行 图片合成工作流
2025-08-27 20:05:00,858 - __main__ - INFO -    ✅ 工作流管理器初始化完成 - 模式: 图片合成工作流
2025-08-27 20:05:00,858 - WorkflowManager - INFO - 🚀 开始执行 图片合成工作流
2025-08-27 20:05:00,858 - WorkflowManager - INFO - 📊 总共需要处理 50 行数据
2025-08-27 20:05:00,858 - WorkflowManager - INFO - 📝 处理进度: 1/50 - 第 2 行，跳过
2025-08-27 20:05:00,858 - WorkflowManager - INFO - 📝 处理进度: 2/50 - 第 3 行，跳过
2025-08-27 20:05:00,858 - WorkflowManager - INFO - 📝 处理进度: 3/50 - 第 4 行，跳过
2025-08-27 20:05:00,858 - WorkflowManager - INFO - 📝 处理进度: 4/50 - 第 5 行，跳过
2025-08-27 20:05:00,858 - WorkflowManager - INFO - 📝 处理进度: 5/50 - 第 6 行，跳过
2025-08-27 20:05:00,859 - WorkflowManager - INFO - 📝 处理进度: 6/50 - 第 7 行，跳过
2025-08-27 20:05:00,859 - WorkflowManager - INFO - 📝 处理进度: 7/50 - 第 8 行，跳过
2025-08-27 20:05:00,859 - WorkflowManager - INFO - 📝 处理进度: 8/50 - 第 9 行，跳过
2025-08-27 20:05:00,859 - WorkflowManager - INFO - 📝 处理进度: 9/50 - 第 10 行，跳过
2025-08-27 20:05:00,859 - WorkflowManager - INFO - 📝 处理进度: 10/50 - 第 11 行，跳过
2025-08-27 20:05:00,859 - WorkflowManager - INFO - 📝 处理进度: 11/50 - 第 12 行，跳过
2025-08-27 20:05:00,859 - WorkflowManager - INFO - 📝 处理进度: 12/50 - 第 13 行，跳过
2025-08-27 20:05:00,859 - WorkflowManager - INFO - 📝 处理进度: 13/50 - 第 14 行，跳过
2025-08-27 20:05:00,859 - WorkflowManager - INFO - 📝 处理进度: 14/50 - 第 15 行，跳过
2025-08-27 20:05:00,859 - WorkflowManager - INFO - 📝 处理进度: 15/50 - 第 16 行，跳过
2025-08-27 20:05:00,859 - WorkflowManager - INFO - 📝 处理进度: 16/50 - 第 17 行，跳过
2025-08-27 20:05:00,859 - WorkflowManager - INFO - 📝 处理进度: 17/50 - 第 18 行，跳过
2025-08-27 20:05:00,860 - WorkflowManager - INFO - 📝 处理进度: 18/50 - 第 19 行，跳过
2025-08-27 20:05:00,860 - WorkflowManager - INFO - 📝 处理进度: 19/50 - 第 20 行，跳过
2025-08-27 20:05:00,860 - WorkflowManager - INFO - 📝 处理进度: 20/50 - 第 21 行，跳过
2025-08-27 20:05:00,860 - WorkflowManager - INFO - 📝 处理进度: 21/50 - 第 22 行，跳过
2025-08-27 20:05:00,860 - WorkflowManager - INFO - 📝 处理进度: 22/50 - 第 23 行，跳过
2025-08-27 20:05:00,860 - WorkflowManager - INFO - 📝 处理进度: 23/50 - 第 24 行，跳过
2025-08-27 20:05:00,860 - WorkflowManager - INFO - 📝 处理进度: 24/50 - 第 25 行，跳过
2025-08-27 20:05:00,862 - WorkflowManager - INFO - 📝 处理进度: 25/50 - 第 26 行，跳过
2025-08-27 20:05:00,862 - WorkflowManager - INFO - 📝 处理进度: 26/50 - 第 27 行，跳过
2025-08-27 20:05:00,862 - WorkflowManager - INFO - 📝 处理进度: 27/50 - 第 28 行，跳过
2025-08-27 20:05:00,862 - WorkflowManager - INFO - 📝 处理进度: 28/50 - 第 29 行，跳过
2025-08-27 20:05:00,862 - WorkflowManager - INFO - 📝 处理进度: 29/50 - 第 30 行，跳过
2025-08-27 20:05:00,862 - WorkflowManager - INFO - 📝 处理进度: 30/50 - 第 31 行，跳过
2025-08-27 20:05:00,862 - WorkflowManager - INFO - 📝 处理进度: 31/50 - 第 32 行，跳过
2025-08-27 20:05:00,863 - WorkflowManager - INFO - 📝 处理进度: 32/50 - 第 33 行，跳过
2025-08-27 20:05:00,863 - WorkflowManager - INFO - 📝 处理进度: 33/50 - 第 34 行，跳过
2025-08-27 20:05:00,863 - WorkflowManager - INFO - 📝 处理进度: 34/50 - 第 35 行，跳过
2025-08-27 20:05:00,863 - WorkflowManager - INFO - 📝 处理进度: 35/50 - 第 36 行，跳过
2025-08-27 20:05:00,863 - WorkflowManager - INFO - 📝 处理进度: 36/50 - 第 37 行，跳过
2025-08-27 20:05:00,864 - WorkflowManager - INFO - 📝 处理进度: 37/50 - 第 38 行，跳过
2025-08-27 20:05:00,864 - WorkflowManager - INFO - 📝 处理进度: 38/50 - 第 39 行，跳过
2025-08-27 20:05:00,864 - WorkflowManager - INFO - 📝 处理进度: 39/50 - 第 40 行，跳过
2025-08-27 20:05:00,864 - WorkflowManager - INFO - 📝 处理进度: 40/50 - 第 41 行，跳过
2025-08-27 20:05:00,864 - WorkflowManager - INFO - 📝 处理进度: 41/50 - 第 42 行，跳过
2025-08-27 20:05:00,864 - WorkflowManager - INFO - 📝 处理进度: 42/50 - 第 43 行，跳过
2025-08-27 20:05:00,864 - WorkflowManager - INFO - 📝 处理进度: 43/50 - 第 44 行，跳过
2025-08-27 20:05:00,864 - WorkflowManager - INFO - 📝 处理进度: 44/50 - 第 45 行，跳过
2025-08-27 20:05:00,865 - WorkflowManager - INFO - 📝 处理进度: 45/50 - 第 46 行，跳过
2025-08-27 20:05:00,865 - WorkflowManager - INFO - 📝 处理进度: 46/50 - 第 47 行，跳过
2025-08-27 20:05:00,865 - WorkflowManager - INFO - 📝 处理进度: 47/50 - 第 48 行，跳过
2025-08-27 20:05:00,865 - WorkflowManager - INFO - 📝 处理进度: 48/50 - 第 49 行，跳过
2025-08-27 20:05:00,865 - WorkflowManager - INFO - 📝 处理进度: 49/50 - 第 50 行，跳过
2025-08-27 20:05:00,865 - WorkflowManager - INFO - 📝 处理进度: 50/50 - 第 51 行，跳过
2025-08-27 20:05:00,865 - __main__ - INFO - 📋 步骤4: 生成处理报告
2025-08-27 20:05:00,866 - __main__ - INFO - 
============================================================
📊 图片合成工作流 处理报告
============================================================
📈 处理统计:
   - 总行数: 50
   - 成功: 0
   - 失败: 0
   - 跳过: 50
   - 成功率: 100.0% (如果总行数 > 0)
   - 总耗时: 0.00 秒
   - 平均耗时: 0.00 秒/行

⏭️ 跳过的行:
   - 第 2 行：跳过
   - 第 3 行：跳过
   - 第 4 行：跳过
   - 第 5 行：跳过
   - 第 6 行：跳过
   - 第 7 行：跳过
   - 第 8 行：跳过
   - 第 9 行：跳过
   - 第 10 行：跳过
   - 第 11 行：跳过
   - 第 12 行：跳过
   - 第 13 行：跳过
   - 第 14 行：跳过
   - 第 15 行：跳过
   - 第 16 行：跳过
   - 第 17 行：跳过
   - 第 18 行：跳过
   - 第 19 行：跳过
   - 第 20 行：跳过
   - 第 21 行：跳过
   - 第 22 行：跳过
   - 第 23 行：跳过
   - 第 24 行：跳过
   - 第 25 行：跳过
   - 第 26 行：跳过
   - 第 27 行：跳过
   - 第 28 行：跳过
   - 第 29 行：跳过
   - 第 30 行：跳过
   - 第 31 行：跳过
   - 第 32 行：跳过
   - 第 33 行：跳过
   - 第 34 行：跳过
   - 第 35 行：跳过
   - 第 36 行：跳过
   - 第 37 行：跳过
   - 第 38 行：跳过
   - 第 39 行：跳过
   - 第 40 行：跳过
   - 第 41 行：跳过
   - 第 42 行：跳过
   - 第 43 行：跳过
   - 第 44 行：跳过
   - 第 45 行：跳过
   - 第 46 行：跳过
   - 第 47 行：跳过
   - 第 48 行：跳过
   - 第 49 行：跳过
   - 第 50 行：跳过
   - 第 51 行：跳过


============================================================

2025-08-27 20:05:00,866 - __main__ - INFO - 处理报告已保存到: reports/report_20250827_200500.txt
2025-08-27 20:05:00,866 - __main__ - INFO - 所有数据处理成功
