2025-08-26 23:42:27,773 - __main__ - INFO - 日志文件: logs/workflow_20250826_234227.log
2025-08-26 23:42:27,773 - __main__ - INFO - === 开始执行飞书表格数据处理工作流 ===
2025-08-26 23:42:27,773 - __main__ - INFO - 🔧 步骤1: 初始化工作流管理器
2025-08-26 23:42:27,773 - __main__ - INFO - 📊 步骤2: 获取飞书表格数据
2025-08-26 23:42:27,773 - __main__ - INFO -    - 正在连接飞书API...
2025-08-26 23:42:27,970 - feishu_client - INFO - Token获取成功
2025-08-26 23:42:28,424 - feishu_client - INFO - 找到目标工作表: prd_model_sheet
2025-08-26 23:42:28,809 - feishu_client - INFO - 列映射: {'product_image': 0, 'model_image': 1, 'prompt': 2, 'status': 3, 'composite_image': 4, 'product_name': 5, 'model_name': 7, 'video_status': 8}
2025-08-26 23:42:28,810 - feishu_client - INFO - 处理了 23 行有效数据
2025-08-26 23:42:28,811 - __main__ - INFO -    ✅ 获取到 23 行数据
2025-08-26 23:42:28,811 - __main__ - INFO - 🚀 步骤3: 执行完整工作流 (图片合成 + 图生视频)
2025-08-26 23:42:28,811 - __main__ - INFO - 🎨 阶段1: 执行图片合成工作流
2025-08-26 23:42:28,811 - WorkflowManager - INFO - 🚀 开始执行 图片合成工作流
2025-08-26 23:42:28,811 - WorkflowManager - INFO - 📊 总共需要处理 23 行数据
2025-08-26 23:42:28,811 - WorkflowManager - INFO - 📝 处理进度: 1/23 - 第 2 行，跳过
2025-08-26 23:42:28,811 - WorkflowManager - INFO - 📝 处理进度: 2/23 - 第 3 行，跳过
2025-08-26 23:42:28,811 - WorkflowManager - INFO - 📝 处理进度: 3/23 - 第 4 行，跳过
2025-08-26 23:42:28,812 - WorkflowManager - INFO - 📝 处理进度: 4/23 - 第 5 行，跳过
2025-08-26 23:42:28,812 - WorkflowManager - INFO - 📝 处理进度: 5/23 - 第 6 行，跳过
2025-08-26 23:42:28,812 - WorkflowManager - INFO - 📝 处理进度: 6/23 - 第 7 行，跳过
2025-08-26 23:42:28,812 - WorkflowManager - INFO - 📝 处理进度: 7/23 - 第 8 行，跳过
2025-08-26 23:42:28,812 - WorkflowManager - INFO - 📝 处理进度: 8/23 - 第 9 行，跳过
2025-08-26 23:42:28,812 - WorkflowManager - INFO - 📝 处理进度: 9/23 - 第 10 行，跳过
2025-08-26 23:42:28,812 - WorkflowManager - INFO - 📝 处理进度: 10/23 - 第 11 行，跳过
2025-08-26 23:42:28,812 - WorkflowManager - INFO - 📝 处理进度: 11/23 - 第 12 行，跳过
2025-08-26 23:42:28,812 - WorkflowManager - INFO - 📝 处理进度: 12/23 - 第 13 行，跳过
2025-08-26 23:42:28,813 - WorkflowManager - INFO - 📝 处理进度: 13/23 - 第 14 行，跳过
2025-08-26 23:42:28,813 - WorkflowManager - INFO - 📝 处理进度: 14/23 - 第 15 行，跳过
2025-08-26 23:42:28,813 - WorkflowManager - INFO - 📝 处理进度: 15/23 - 第 16 行，跳过
2025-08-26 23:42:28,813 - WorkflowManager - INFO - 📝 处理进度: 16/23 - 第 17 行，跳过
2025-08-26 23:42:28,813 - WorkflowManager - INFO - 📝 处理进度: 17/23 - 第 18 行，跳过
2025-08-26 23:42:28,813 - WorkflowManager - INFO - 📝 处理进度: 18/23 - 第 19 行，跳过
2025-08-26 23:42:28,813 - WorkflowManager - INFO - 📝 处理进度: 19/23 - 第 20 行，跳过
2025-08-26 23:42:28,813 - WorkflowManager - INFO - 📝 处理进度: 20/23 - 第 21 行，跳过
2025-08-26 23:42:28,813 - WorkflowManager - INFO - 📝 处理进度: 21/23 - 第 22 行 | 产品: 0826-freaks | 提示词: 镜头平行缓移跟拍，模特自然走路，双手轻摆，清晰呈现 T 恤彩...
2025-08-26 23:42:28,813 - ImageCompositionWorkflow - INFO - 🎨 开始处理图片合成 - 第 22 行，产品名：0826-freaks，提示词：镜头平行缓移跟拍，模特自然走路，双手轻摆，清晰呈现 T 恤彩色印花 。
2025-08-26 23:42:29,072 - feishu_client - INFO - Token获取成功
2025-08-26 23:42:30,232 - comfyui_client - INFO -         - 上传产品图片...
2025-08-26 23:42:30,672 - comfyui_client - INFO - 图片上传成功
2025-08-26 23:42:30,673 - comfyui_client - INFO -         ✅ 产品图片上传成功
2025-08-26 23:42:30,673 - comfyui_client - INFO -         - 上传模特图片...
2025-08-26 23:42:31,121 - comfyui_client - INFO - 图片上传成功
2025-08-26 23:42:31,123 - comfyui_client - INFO -         ✅ 模特图片上传成功
2025-08-26 23:42:31,123 - comfyui_client - INFO -         - 创建ComfyUI工作流...
2025-08-26 23:42:31,398 - comfyui_client - INFO -         ✅ 工作流创建成功，任务ID: 1960367261053849602
2025-08-26 23:42:31,398 - comfyui_client - INFO -         - 等待工作流执行完成...
2025-08-26 23:44:32,879 - ImageCompositionWorkflow - INFO -         ✅ 文件保存成功: ./output/img/0826-freaks_latin-女-20-长发_08-26-23-44.png
2025-08-26 23:44:33,103 - feishu_client - INFO - Token获取成功
2025-08-26 23:44:33,460 - feishu_client - INFO - 找到目标工作表: prd_model_sheet
2025-08-26 23:44:36,790 - feishu_client - INFO - 图片写入成功
2025-08-26 23:44:37,228 - feishu_client - INFO - 找到目标工作表: prd_model_sheet
2025-08-26 23:44:37,849 - feishu_client - INFO - 行 22 状态更新为: 已完成
2025-08-26 23:44:37,852 - WorkflowManager - INFO -      ✅ 第 22 行处理成功 | 产品: 0826-freaks | 提示词: 镜头平行缓移跟拍，模特自然走路，双手轻摆，清晰呈现 T 恤彩...
2025-08-26 23:44:37,852 - WorkflowManager - INFO - 📝 处理进度: 22/23 - 第 23 行 | 产品: 0826-This is Bull shit | 提示词: 镜头平行缓移跟拍，模特自然走路，双手轻摆，清晰呈现 T 恤彩...
2025-08-26 23:44:37,852 - ImageCompositionWorkflow - INFO - 🎨 开始处理图片合成 - 第 23 行，产品名：0826-This is Bull shit，提示词：镜头平行缓移跟拍，模特自然走路，双手轻摆，清晰呈现 T 恤彩色印花 。
2025-08-26 23:44:39,376 - comfyui_client - INFO -         - 上传产品图片...
2025-08-26 23:44:39,761 - comfyui_client - INFO - 图片上传成功
2025-08-26 23:44:39,764 - comfyui_client - INFO -         ✅ 产品图片上传成功
2025-08-26 23:44:39,764 - comfyui_client - INFO -         - 上传模特图片...
2025-08-26 23:44:40,504 - comfyui_client - INFO - 图片上传成功
2025-08-26 23:44:40,507 - comfyui_client - INFO -         ✅ 模特图片上传成功
2025-08-26 23:44:40,507 - comfyui_client - INFO -         - 创建ComfyUI工作流...
2025-08-26 23:44:42,053 - comfyui_client - INFO -         ✅ 工作流创建成功，任务ID: 1960367808716705794
2025-08-26 23:44:42,054 - comfyui_client - INFO -         - 等待工作流执行完成...
2025-08-26 23:46:43,439 - ImageCompositionWorkflow - INFO -         ✅ 文件保存成功: ./output/img/0826-This is Bull shit_黑人-男-25-胡茬酒吧_08-26-23-46.png
2025-08-26 23:46:43,646 - feishu_client - INFO - Token获取成功
2025-08-26 23:46:44,116 - feishu_client - INFO - 找到目标工作表: prd_model_sheet
2025-08-26 23:46:48,316 - feishu_client - INFO - 图片写入成功
2025-08-26 23:46:48,713 - feishu_client - INFO - 找到目标工作表: prd_model_sheet
2025-08-26 23:46:49,174 - feishu_client - INFO - 行 23 状态更新为: 已完成
2025-08-26 23:46:49,176 - WorkflowManager - INFO -      ✅ 第 23 行处理成功 | 产品: 0826-This is Bull shit | 提示词: 镜头平行缓移跟拍，模特自然走路，双手轻摆，清晰呈现 T 恤彩...
2025-08-26 23:46:49,176 - WorkflowManager - INFO - 📝 处理进度: 23/23 - 第 24 行 | 产品: 0826-UFO | 提示词: 镜头平行缓移跟拍，模特自然走路，双手轻摆，清晰呈现 T 恤彩...
2025-08-26 23:46:49,176 - ImageCompositionWorkflow - INFO - 🎨 开始处理图片合成 - 第 24 行，产品名：0826-UFO，提示词：镜头平行缓移跟拍，模特自然走路，双手轻摆，清晰呈现 T 恤彩色印花 。
2025-08-26 23:46:50,813 - comfyui_client - INFO -         - 上传产品图片...
2025-08-26 23:46:51,463 - comfyui_client - INFO - 图片上传成功
2025-08-26 23:46:51,465 - comfyui_client - INFO -         ✅ 产品图片上传成功
2025-08-26 23:46:51,465 - comfyui_client - INFO -         - 上传模特图片...
2025-08-26 23:46:51,992 - comfyui_client - INFO - 图片上传成功
2025-08-26 23:46:51,993 - comfyui_client - INFO -         ✅ 模特图片上传成功
2025-08-26 23:46:51,993 - comfyui_client - INFO -         - 创建ComfyUI工作流...
2025-08-26 23:46:52,266 - comfyui_client - INFO -         ✅ 工作流创建成功，任务ID: 1960368355221934081
2025-08-26 23:46:52,267 - comfyui_client - INFO -         - 等待工作流执行完成...
2025-08-26 23:48:53,385 - ImageCompositionWorkflow - INFO -         ✅ 文件保存成功: ./output/img/0826-UFO_黑人-男-25-胡茬酒吧_08-26-23-48.png
2025-08-26 23:48:53,640 - feishu_client - INFO - Token获取成功
2025-08-26 23:48:53,989 - feishu_client - INFO - 找到目标工作表: prd_model_sheet
2025-08-26 23:48:59,967 - feishu_client - INFO - 图片写入成功
2025-08-26 23:49:00,349 - feishu_client - INFO - 找到目标工作表: prd_model_sheet
2025-08-26 23:49:00,768 - feishu_client - INFO - 行 24 状态更新为: 已完成
2025-08-26 23:49:00,770 - WorkflowManager - INFO -      ✅ 第 24 行处理成功 | 产品: 0826-UFO | 提示词: 镜头平行缓移跟拍，模特自然走路，双手轻摆，清晰呈现 T 恤彩...
2025-08-26 23:49:00,771 - __main__ - INFO - 
============================================================
📊 图片合成工作流 处理报告
============================================================
📈 处理统计:
   - 总行数: 23
   - 成功: 3
   - 失败: 0
   - 跳过: 20
   - 成功率: 100.0% (如果总行数 > 0)
   - 总耗时: 392.04 秒
   - 平均耗时: 17.05 秒/行

⏭️ 跳过的行:
   - 第 2 行：跳过
   - 第 3 行：跳过
   - 第 4 行：跳过
   - 第 5 行：跳过
   - 第 6 行：跳过
   - 第 7 行：跳过
   - 第 8 行：跳过
   - 第 9 行：跳过
   - 第 10 行：跳过
   - 第 11 行：跳过
   - 第 12 行：跳过
   - 第 13 行：跳过
   - 第 14 行：跳过
   - 第 15 行：跳过
   - 第 16 行：跳过
   - 第 17 行：跳过
   - 第 18 行：跳过
   - 第 19 行：跳过
   - 第 20 行：跳过
   - 第 21 行：跳过

✅ 成功处理的行:
   - 第 22 行 (129.04s) - 1 个文件
   - 第 23 行 (131.32s) - 1 个文件
   - 第 24 行 (131.68s) - 1 个文件

============================================================

2025-08-26 23:49:00,771 - __main__ - INFO - 🎬 阶段2: 执行图生视频工作流
2025-08-26 23:49:01,186 - feishu_client - INFO - 找到目标工作表: prd_model_sheet
2025-08-26 23:49:01,796 - feishu_client - INFO - 列映射: {'product_image': 0, 'model_image': 1, 'prompt': 2, 'status': 3, 'composite_image': 4, 'product_name': 5, 'model_name': 7, 'video_status': 8}
2025-08-26 23:49:01,798 - feishu_client - INFO - 处理了 23 行有效数据
2025-08-26 23:49:01,800 - WorkflowManager - INFO - 🚀 开始执行 图生视频工作流
2025-08-26 23:49:01,800 - WorkflowManager - INFO - 📊 总共需要处理 23 行数据
2025-08-26 23:49:01,800 - WorkflowManager - INFO - 📝 处理进度: 1/23 - 第 2 行，跳过
2025-08-26 23:49:01,800 - WorkflowManager - INFO - 📝 处理进度: 2/23 - 第 3 行，跳过
2025-08-26 23:49:01,800 - WorkflowManager - INFO - 📝 处理进度: 3/23 - 第 4 行，跳过
2025-08-26 23:49:01,800 - WorkflowManager - INFO - 📝 处理进度: 4/23 - 第 5 行，跳过
2025-08-26 23:49:01,800 - WorkflowManager - INFO - 📝 处理进度: 5/23 - 第 6 行，跳过
2025-08-26 23:49:01,801 - WorkflowManager - INFO - 📝 处理进度: 6/23 - 第 7 行，跳过
2025-08-26 23:49:01,801 - WorkflowManager - INFO - 📝 处理进度: 7/23 - 第 8 行，跳过
2025-08-26 23:49:01,801 - WorkflowManager - INFO - 📝 处理进度: 8/23 - 第 9 行，跳过
2025-08-26 23:49:01,801 - WorkflowManager - INFO - 📝 处理进度: 9/23 - 第 10 行，跳过
2025-08-26 23:49:01,801 - WorkflowManager - INFO - 📝 处理进度: 10/23 - 第 11 行，跳过
2025-08-26 23:49:01,801 - WorkflowManager - INFO - 📝 处理进度: 11/23 - 第 12 行，跳过
2025-08-26 23:49:01,801 - WorkflowManager - INFO - 📝 处理进度: 12/23 - 第 13 行，跳过
2025-08-26 23:49:01,801 - WorkflowManager - INFO - 📝 处理进度: 13/23 - 第 14 行，跳过
2025-08-26 23:49:01,801 - WorkflowManager - INFO - 📝 处理进度: 14/23 - 第 15 行，跳过
2025-08-26 23:49:01,801 - WorkflowManager - INFO - 📝 处理进度: 15/23 - 第 16 行，跳过
2025-08-26 23:49:01,802 - WorkflowManager - INFO - 📝 处理进度: 16/23 - 第 17 行，跳过
2025-08-26 23:49:01,802 - WorkflowManager - INFO - 📝 处理进度: 17/23 - 第 18 行，跳过
2025-08-26 23:49:01,802 - WorkflowManager - INFO - 📝 处理进度: 18/23 - 第 19 行，跳过
2025-08-26 23:49:01,802 - WorkflowManager - INFO - 📝 处理进度: 19/23 - 第 20 行，跳过
2025-08-26 23:49:01,802 - WorkflowManager - INFO - 📝 处理进度: 20/23 - 第 21 行，跳过
2025-08-26 23:49:01,802 - WorkflowManager - INFO - 📝 处理进度: 21/23 - 第 22 行，跳过
2025-08-26 23:49:01,802 - WorkflowManager - INFO - 📝 处理进度: 22/23 - 第 23 行，跳过
2025-08-26 23:49:01,802 - WorkflowManager - INFO - 📝 处理进度: 23/23 - 第 24 行，跳过
2025-08-26 23:49:01,803 - __main__ - INFO - 📋 步骤4: 生成处理报告
2025-08-26 23:49:01,803 - __main__ - INFO - 
============================================================
📊 完整工作流 (图片合成 + 图生视频) 处理报告
============================================================
📈 处理统计:
   - 总行数: 46
   - 成功: 3
   - 失败: 0
   - 跳过: 43
   - 成功率: 100.0% (如果总行数 > 0)
   - 总耗时: 392.04 秒
   - 平均耗时: 8.52 秒/行

⏭️ 跳过的行:
   - 第 2 行：跳过
   - 第 3 行：跳过
   - 第 4 行：跳过
   - 第 5 行：跳过
   - 第 6 行：跳过
   - 第 7 行：跳过
   - 第 8 行：跳过
   - 第 9 行：跳过
   - 第 10 行：跳过
   - 第 11 行：跳过
   - 第 12 行：跳过
   - 第 13 行：跳过
   - 第 14 行：跳过
   - 第 15 行：跳过
   - 第 16 行：跳过
   - 第 17 行：跳过
   - 第 18 行：跳过
   - 第 19 行：跳过
   - 第 20 行：跳过
   - 第 21 行：跳过
   - 第 2 行：跳过
   - 第 3 行：跳过
   - 第 4 行：跳过
   - 第 5 行：跳过
   - 第 6 行：跳过
   - 第 7 行：跳过
   - 第 8 行：跳过
   - 第 9 行：跳过
   - 第 10 行：跳过
   - 第 11 行：跳过
   - 第 12 行：跳过
   - 第 13 行：跳过
   - 第 14 行：跳过
   - 第 15 行：跳过
   - 第 16 行：跳过
   - 第 17 行：跳过
   - 第 18 行：跳过
   - 第 19 行：跳过
   - 第 20 行：跳过
   - 第 21 行：跳过
   - 第 22 行：跳过
   - 第 23 行：跳过
   - 第 24 行：跳过

✅ 成功处理的行:
   - 第 22 行 (129.04s) - 1 个文件
   - 第 23 行 (131.32s) - 1 个文件
   - 第 24 行 (131.68s) - 1 个文件

============================================================

2025-08-26 23:49:01,803 - __main__ - INFO - 处理报告已保存到: reports/report_20250826_234901.txt
2025-08-26 23:49:01,803 - __main__ - INFO - 所有数据处理成功
