2025-08-27 08:38:22,551 - __main__ - INFO - 日志文件: logs/workflow_20250827_083822.log
2025-08-27 08:38:22,551 - __main__ - INFO - === 开始执行飞书表格数据处理工作流 ===
2025-08-27 08:38:22,551 - __main__ - INFO - 🔧 步骤1: 初始化工作流管理器
2025-08-27 08:38:22,551 - __main__ - INFO - 🔧 启用调试模式，将跳过ComfyUI API调用
2025-08-27 08:38:22,552 - WorkflowManager - INFO - 🔧 工作流管理器运行在调试模式
2025-08-27 08:38:22,552 - comfyui_client - INFO - 🔧 ComfyUI客户端运行在调试模式，将跳过实际API调用
2025-08-27 08:38:22,552 - __main__ - INFO - 📊 步骤2: 获取飞书表格数据
2025-08-27 08:38:22,552 - __main__ - INFO -    - 正在连接飞书API...
2025-08-27 08:38:22,728 - feishu_client - INFO - Token获取成功
2025-08-27 08:38:23,453 - feishu_client - INFO - 列映射: {'product_image': 0, 'model_image': 1, 'prompt': 2, 'status': 3, 'composite_image': 4, 'product_name': 5, 'model_name': 7, 'video_status': 8}
2025-08-27 08:38:23,455 - feishu_client - INFO - 处理了 23 行有效数据
2025-08-27 08:38:23,456 - __main__ - INFO -    ✅ 获取到 23 行数据
2025-08-27 08:38:23,457 - __main__ - INFO - 🚀 步骤3: 执行 图片合成工作流
2025-08-27 08:38:23,457 - __main__ - INFO -    ✅ 工作流管理器初始化完成 - 模式: 图片合成工作流
2025-08-27 08:38:23,457 - WorkflowManager - INFO - 🚀 开始执行 图片合成工作流
2025-08-27 08:38:23,457 - WorkflowManager - INFO - 📊 总共需要处理 23 行数据
2025-08-27 08:38:23,457 - WorkflowManager - INFO - 📝 处理进度: 1/23 - 第 2 行，跳过
2025-08-27 08:38:23,458 - WorkflowManager - INFO - 📝 处理进度: 2/23 - 第 3 行，跳过
2025-08-27 08:38:23,458 - WorkflowManager - INFO - 📝 处理进度: 3/23 - 第 4 行，跳过
2025-08-27 08:38:23,458 - WorkflowManager - INFO - 📝 处理进度: 4/23 - 第 5 行，跳过
2025-08-27 08:38:23,459 - WorkflowManager - INFO - 📝 处理进度: 5/23 - 第 6 行，跳过
2025-08-27 08:38:23,459 - WorkflowManager - INFO - 📝 处理进度: 6/23 - 第 7 行，跳过
2025-08-27 08:38:23,459 - WorkflowManager - INFO - 📝 处理进度: 7/23 - 第 8 行，跳过
2025-08-27 08:38:23,459 - WorkflowManager - INFO - 📝 处理进度: 8/23 - 第 9 行，跳过
2025-08-27 08:38:23,459 - WorkflowManager - INFO - 📝 处理进度: 9/23 - 第 10 行，跳过
2025-08-27 08:38:23,459 - WorkflowManager - INFO - 📝 处理进度: 10/23 - 第 11 行，跳过
2025-08-27 08:38:23,460 - WorkflowManager - INFO - 📝 处理进度: 11/23 - 第 12 行，跳过
2025-08-27 08:38:23,460 - WorkflowManager - INFO - 📝 处理进度: 12/23 - 第 13 行，跳过
2025-08-27 08:38:23,460 - WorkflowManager - INFO - 📝 处理进度: 13/23 - 第 14 行，跳过
2025-08-27 08:38:23,460 - WorkflowManager - INFO - 📝 处理进度: 14/23 - 第 15 行，跳过
2025-08-27 08:38:23,462 - WorkflowManager - INFO - 📝 处理进度: 15/23 - 第 16 行，跳过
2025-08-27 08:38:23,464 - WorkflowManager - INFO - 📝 处理进度: 16/23 - 第 17 行，跳过
2025-08-27 08:38:23,464 - WorkflowManager - INFO - 📝 处理进度: 17/23 - 第 18 行，跳过
2025-08-27 08:38:23,464 - WorkflowManager - INFO - 📝 处理进度: 18/23 - 第 19 行，跳过
2025-08-27 08:38:23,464 - WorkflowManager - INFO - 📝 处理进度: 19/23 - 第 20 行，跳过
2025-08-27 08:38:23,464 - WorkflowManager - INFO - 📝 处理进度: 20/23 - 第 21 行，跳过
2025-08-27 08:38:23,464 - WorkflowManager - INFO - 📝 处理进度: 21/23 - 第 22 行，跳过
2025-08-27 08:38:23,465 - WorkflowManager - INFO - 📝 处理进度: 22/23 - 第 23 行，跳过
2025-08-27 08:38:23,465 - WorkflowManager - INFO - 📝 处理进度: 23/23 - 第 24 行，跳过
2025-08-27 08:38:23,465 - __main__ - INFO - 📋 步骤4: 生成处理报告
2025-08-27 08:38:23,465 - __main__ - INFO - 
============================================================
📊 图片合成工作流 处理报告
============================================================
📈 处理统计:
   - 总行数: 23
   - 成功: 0
   - 失败: 0
   - 跳过: 23
   - 成功率: 100.0% (如果总行数 > 0)
   - 总耗时: 0.00 秒
   - 平均耗时: 0.00 秒/行

⏭️ 跳过的行:
   - 第 2 行：跳过
   - 第 3 行：跳过
   - 第 4 行：跳过
   - 第 5 行：跳过
   - 第 6 行：跳过
   - 第 7 行：跳过
   - 第 8 行：跳过
   - 第 9 行：跳过
   - 第 10 行：跳过
   - 第 11 行：跳过
   - 第 12 行：跳过
   - 第 13 行：跳过
   - 第 14 行：跳过
   - 第 15 行：跳过
   - 第 16 行：跳过
   - 第 17 行：跳过
   - 第 18 行：跳过
   - 第 19 行：跳过
   - 第 20 行：跳过
   - 第 21 行：跳过
   - 第 22 行：跳过
   - 第 23 行：跳过
   - 第 24 行：跳过


============================================================

2025-08-27 08:38:23,467 - __main__ - INFO - 处理报告已保存到: reports/report_20250827_083823.txt
2025-08-27 08:38:23,467 - __main__ - INFO - 所有数据处理成功
