2025-08-27 20:08:17,358 - __main__ - INFO - 日志文件: logs/workflow_20250827_200817.log
2025-08-27 20:08:17,358 - __main__ - INFO - === 开始执行飞书表格数据处理工作流 ===
2025-08-27 20:08:17,358 - __main__ - INFO - 🔧 步骤1: 初始化工作流管理器
2025-08-27 20:08:17,359 - __main__ - INFO - 📊 步骤2: 获取飞书表格数据
2025-08-27 20:08:17,359 - __main__ - INFO -    - 正在连接飞书API...
2025-08-27 20:08:17,808 - feishu_client - INFO - Token获取成功
2025-08-27 20:08:18,932 - feishu_client - INFO - 列映射: {'product_image': 0, 'model_image': 1, 'prompt': 2, 'status': 3, 'composite_image': 4, 'product_name': 5, 'model_name': 7, 'video_status': 8}
2025-08-27 20:08:18,934 - feishu_client - INFO - 处理了 50 行有效数据
2025-08-27 20:08:18,935 - __main__ - INFO -    ✅ 获取到 50 行数据
2025-08-27 20:08:18,936 - __main__ - INFO - 🚀 步骤3: 执行完整工作流 (图片合成 + 图生视频)
2025-08-27 20:08:18,936 - __main__ - INFO - 🎨 阶段1: 执行图片合成工作流
2025-08-27 20:08:18,936 - WorkflowManager - INFO - 🚀 开始执行 图片合成工作流
2025-08-27 20:08:18,936 - WorkflowManager - INFO - 📊 总共需要处理 50 行数据
2025-08-27 20:08:18,936 - WorkflowManager - INFO - 📝 处理进度: 1/50 - 第 2 行，跳过
2025-08-27 20:08:18,936 - WorkflowManager - INFO - 📝 处理进度: 2/50 - 第 3 行，跳过
2025-08-27 20:08:18,936 - WorkflowManager - INFO - 📝 处理进度: 3/50 - 第 4 行，跳过
2025-08-27 20:08:18,936 - WorkflowManager - INFO - 📝 处理进度: 4/50 - 第 5 行，跳过
2025-08-27 20:08:18,937 - WorkflowManager - INFO - 📝 处理进度: 5/50 - 第 6 行，跳过
2025-08-27 20:08:18,937 - WorkflowManager - INFO - 📝 处理进度: 6/50 - 第 7 行，跳过
2025-08-27 20:08:18,937 - WorkflowManager - INFO - 📝 处理进度: 7/50 - 第 8 行，跳过
2025-08-27 20:08:18,937 - WorkflowManager - INFO - 📝 处理进度: 8/50 - 第 9 行，跳过
2025-08-27 20:08:18,937 - WorkflowManager - INFO - 📝 处理进度: 9/50 - 第 10 行，跳过
2025-08-27 20:08:18,937 - WorkflowManager - INFO - 📝 处理进度: 10/50 - 第 11 行，跳过
2025-08-27 20:08:18,937 - WorkflowManager - INFO - 📝 处理进度: 11/50 - 第 12 行，跳过
2025-08-27 20:08:18,937 - WorkflowManager - INFO - 📝 处理进度: 12/50 - 第 13 行，跳过
2025-08-27 20:08:18,937 - WorkflowManager - INFO - 📝 处理进度: 13/50 - 第 14 行，跳过
2025-08-27 20:08:18,937 - WorkflowManager - INFO - 📝 处理进度: 14/50 - 第 15 行，跳过
2025-08-27 20:08:18,937 - WorkflowManager - INFO - 📝 处理进度: 15/50 - 第 16 行，跳过
2025-08-27 20:08:18,937 - WorkflowManager - INFO - 📝 处理进度: 16/50 - 第 17 行，跳过
2025-08-27 20:08:18,938 - WorkflowManager - INFO - 📝 处理进度: 17/50 - 第 18 行，跳过
2025-08-27 20:08:18,938 - WorkflowManager - INFO - 📝 处理进度: 18/50 - 第 19 行，跳过
2025-08-27 20:08:18,938 - WorkflowManager - INFO - 📝 处理进度: 19/50 - 第 20 行，跳过
2025-08-27 20:08:18,938 - WorkflowManager - INFO - 📝 处理进度: 20/50 - 第 21 行，跳过
2025-08-27 20:08:18,938 - WorkflowManager - INFO - 📝 处理进度: 21/50 - 第 22 行，跳过
2025-08-27 20:08:18,938 - WorkflowManager - INFO - 📝 处理进度: 22/50 - 第 23 行，跳过
2025-08-27 20:08:18,938 - WorkflowManager - INFO - 📝 处理进度: 23/50 - 第 24 行，跳过
2025-08-27 20:08:18,938 - WorkflowManager - INFO - 📝 处理进度: 24/50 - 第 25 行，跳过
2025-08-27 20:08:18,938 - WorkflowManager - INFO - 📝 处理进度: 25/50 - 第 26 行，跳过
2025-08-27 20:08:18,938 - WorkflowManager - INFO - 📝 处理进度: 26/50 - 第 27 行，跳过
2025-08-27 20:08:18,939 - WorkflowManager - INFO - 📝 处理进度: 27/50 - 第 28 行，跳过
2025-08-27 20:08:18,939 - WorkflowManager - INFO - 📝 处理进度: 28/50 - 第 29 行，跳过
2025-08-27 20:08:18,939 - WorkflowManager - INFO - 📝 处理进度: 29/50 - 第 30 行，跳过
2025-08-27 20:08:18,939 - WorkflowManager - INFO - 📝 处理进度: 30/50 - 第 31 行，跳过
2025-08-27 20:08:18,939 - WorkflowManager - INFO - 📝 处理进度: 31/50 - 第 32 行，跳过
2025-08-27 20:08:18,939 - WorkflowManager - INFO - 📝 处理进度: 32/50 - 第 33 行，跳过
2025-08-27 20:08:18,939 - WorkflowManager - INFO - 📝 处理进度: 33/50 - 第 34 行，跳过
2025-08-27 20:08:18,939 - WorkflowManager - INFO - 📝 处理进度: 34/50 - 第 35 行，跳过
2025-08-27 20:08:18,939 - WorkflowManager - INFO - 📝 处理进度: 35/50 - 第 36 行，跳过
2025-08-27 20:08:18,939 - WorkflowManager - INFO - 📝 处理进度: 36/50 - 第 37 行，跳过
2025-08-27 20:08:18,939 - WorkflowManager - INFO - 📝 处理进度: 37/50 - 第 38 行，跳过
2025-08-27 20:08:18,939 - WorkflowManager - INFO - 📝 处理进度: 38/50 - 第 39 行，跳过
2025-08-27 20:08:18,940 - WorkflowManager - INFO - 📝 处理进度: 39/50 - 第 40 行，跳过
2025-08-27 20:08:18,940 - WorkflowManager - INFO - 📝 处理进度: 40/50 - 第 41 行，跳过
2025-08-27 20:08:18,940 - WorkflowManager - INFO - 📝 处理进度: 41/50 - 第 42 行，跳过
2025-08-27 20:08:18,940 - WorkflowManager - INFO - 📝 处理进度: 42/50 - 第 43 行，跳过
2025-08-27 20:08:18,940 - WorkflowManager - INFO - 📝 处理进度: 43/50 - 第 44 行，跳过
2025-08-27 20:08:18,940 - WorkflowManager - INFO - 📝 处理进度: 44/50 - 第 45 行，跳过
2025-08-27 20:08:18,940 - WorkflowManager - INFO - 📝 处理进度: 45/50 - 第 46 行，跳过
2025-08-27 20:08:18,940 - WorkflowManager - INFO - 📝 处理进度: 46/50 - 第 47 行，跳过
2025-08-27 20:08:18,940 - WorkflowManager - INFO - 📝 处理进度: 47/50 - 第 48 行 | 产品: 0827-fear is noithing | 提示词: 镜头平行缓移跟拍，模特自然走路，双手轻摆，清晰呈现 T 恤彩...
2025-08-27 20:08:19,460 - feishu_client - INFO - Token获取成功
2025-08-27 20:08:22,096 - comfyui_client - INFO -         - 上传产品图片...
2025-08-27 20:08:22,804 - comfyui_client - INFO -         ✅ 产品图片上传成功
2025-08-27 20:08:22,805 - comfyui_client - INFO -         - 上传模特图片...
2025-08-27 20:08:23,646 - comfyui_client - INFO -         ✅ 模特图片上传成功
2025-08-27 20:08:23,647 - comfyui_client - INFO -         - 创建ComfyUI工作流...
2025-08-27 20:08:23,844 - comfyui_client - INFO -         ✅ 工作流创建成功，任务ID: 1960675762934349825
2025-08-27 20:08:23,844 - comfyui_client - INFO -         🔸 子步骤4: 等待工作流执行完成
2025-08-27 20:08:24,055 - comfyui_client - INFO -         🔸 子步骤4: 等待工作流执行完成 (已等待 0分0秒)
2025-08-27 20:10:25,317 - ImageCompositionWorkflow - INFO -         ✅ 文件保存成功: ./output/img/0827-fear is noithing_白人-男-20-晚上街上酷酷的2_08-27-20-10.png
2025-08-27 20:10:25,592 - feishu_client - INFO - Token获取成功
2025-08-27 20:10:34,618 - feishu_client - INFO - 图片写入成功
2025-08-27 20:10:35,435 - feishu_client - INFO - 行 48 状态更新为: 已完成
2025-08-27 20:10:35,437 - WorkflowManager - INFO -      ✅ 第 48 行处理成功 | 产品: 0827-fear is noithing | 提示词: 镜头平行缓移跟拍，模特自然走路，双手轻摆，清晰呈现 T 恤彩...
2025-08-27 20:10:35,438 - WorkflowManager - INFO - 📝 处理进度: 48/50 - 第 49 行 | 产品: 0827-fear is noithing | 提示词: 镜头平行缓移跟拍，模特自然走路，双手轻摆，清晰呈现 T 恤彩...
2025-08-27 20:10:36,682 - comfyui_client - INFO -         - 上传产品图片...
2025-08-27 20:10:36,972 - comfyui_client - INFO -         ✅ 产品图片上传成功
2025-08-27 20:10:36,972 - comfyui_client - INFO -         - 上传模特图片...
2025-08-27 20:10:37,669 - comfyui_client - INFO -         ✅ 模特图片上传成功
2025-08-27 20:10:37,669 - comfyui_client - INFO -         - 创建ComfyUI工作流...
2025-08-27 20:10:37,871 - comfyui_client - INFO -         ✅ 工作流创建成功，任务ID: 1960676324790730754
2025-08-27 20:10:37,871 - comfyui_client - INFO -         🔸 子步骤4: 等待工作流执行完成
2025-08-27 20:10:37,969 - comfyui_client - INFO -         🔸 子步骤4: 等待工作流执行完成 (已等待 0分0秒)
2025-08-27 20:12:39,267 - ImageCompositionWorkflow - INFO -         ✅ 文件保存成功: ./output/img/0827-fear is noithing_白人-男-20-晚上街上酷酷的3_08-27-20-12.png
2025-08-27 20:12:39,492 - feishu_client - INFO - Token获取成功
2025-08-27 20:12:48,939 - feishu_client - INFO - 图片写入成功
2025-08-27 20:12:49,686 - feishu_client - INFO - 行 49 状态更新为: 已完成
2025-08-27 20:12:49,688 - WorkflowManager - INFO -      ✅ 第 49 行处理成功 | 产品: 0827-fear is noithing | 提示词: 镜头平行缓移跟拍，模特自然走路，双手轻摆，清晰呈现 T 恤彩...
2025-08-27 20:12:49,688 - WorkflowManager - INFO - 📝 处理进度: 49/50 - 第 50 行 | 产品: 0827-fear is noithing | 提示词: 镜头平行缓移跟拍，模特自然走路，双手轻摆，清晰呈现 T 恤彩...
2025-08-27 20:12:50,964 - comfyui_client - INFO -         - 上传产品图片...
2025-08-27 20:12:51,247 - comfyui_client - INFO -         ✅ 产品图片上传成功
2025-08-27 20:12:51,247 - comfyui_client - INFO -         - 上传模特图片...
2025-08-27 20:12:52,695 - comfyui_client - INFO -         ✅ 模特图片上传成功
2025-08-27 20:12:52,695 - comfyui_client - INFO -         - 创建ComfyUI工作流...
2025-08-27 20:12:52,952 - comfyui_client - INFO -         ✅ 工作流创建成功，任务ID: 1960676891378286594
2025-08-27 20:12:52,952 - comfyui_client - INFO -         🔸 子步骤4: 等待工作流执行完成
2025-08-27 20:12:53,130 - comfyui_client - INFO -         🔸 子步骤4: 等待工作流执行完成 (已等待 0分0秒)
2025-08-27 20:14:54,075 - ImageCompositionWorkflow - INFO -         ✅ 文件保存成功: ./output/img/0827-fear is noithing_白人-男-20-晚上街上酷酷的4_08-27-20-14.png
2025-08-27 20:14:54,263 - feishu_client - INFO - Token获取成功
2025-08-27 20:15:03,599 - feishu_client - INFO - 图片写入成功
2025-08-27 20:15:04,416 - feishu_client - INFO - 行 50 状态更新为: 已完成
2025-08-27 20:15:04,418 - WorkflowManager - INFO -      ✅ 第 50 行处理成功 | 产品: 0827-fear is noithing | 提示词: 镜头平行缓移跟拍，模特自然走路，双手轻摆，清晰呈现 T 恤彩...
2025-08-27 20:15:04,419 - WorkflowManager - INFO - 📝 处理进度: 50/50 - 第 51 行 | 产品: 0827-fear is noithing | 提示词: 镜头平行缓移跟拍，模特自然走路，双手轻摆，清晰呈现 T 恤彩...
2025-08-27 20:15:05,937 - comfyui_client - INFO -         - 上传产品图片...
2025-08-27 20:15:06,166 - comfyui_client - INFO -         ✅ 产品图片上传成功
2025-08-27 20:15:06,166 - comfyui_client - INFO -         - 上传模特图片...
2025-08-27 20:15:08,534 - comfyui_client - INFO -         ✅ 模特图片上传成功
2025-08-27 20:15:08,534 - comfyui_client - INFO -         - 创建ComfyUI工作流...
2025-08-27 20:15:08,710 - comfyui_client - INFO -         ✅ 工作流创建成功，任务ID: 1960677460801196034
2025-08-27 20:15:08,711 - comfyui_client - INFO -         🔸 子步骤4: 等待工作流执行完成
2025-08-27 20:15:08,845 - comfyui_client - INFO -         🔸 子步骤4: 等待工作流执行完成 (已等待 0分0秒)
2025-08-27 20:17:10,171 - ImageCompositionWorkflow - INFO -         ✅ 文件保存成功: ./output/img/0827-fear is noithing_白人-男-25-帅气_08-27-20-17.png
2025-08-27 20:17:10,355 - feishu_client - INFO - Token获取成功
2025-08-27 20:17:22,397 - feishu_client - INFO - 图片写入成功
2025-08-27 20:17:23,317 - feishu_client - INFO - 行 51 状态更新为: 已完成
2025-08-27 20:17:23,320 - WorkflowManager - INFO -      ✅ 第 51 行处理成功 | 产品: 0827-fear is noithing | 提示词: 镜头平行缓移跟拍，模特自然走路，双手轻摆，清晰呈现 T 恤彩...
2025-08-27 20:17:23,325 - __main__ - INFO - 
============================================================
📊 图片合成工作流 处理报告
============================================================
📈 处理统计:
   - 总行数: 50
   - 成功: 4
   - 失败: 0
   - 跳过: 46
   - 成功率: 100.0% (如果总行数 > 0)
   - 总耗时: 544.26 秒
   - 平均耗时: 10.89 秒/行

⏭️ 跳过的行:
   - 第 2 行：跳过
   - 第 3 行：跳过
   - 第 4 行：跳过
   - 第 5 行：跳过
   - 第 6 行：跳过
   - 第 7 行：跳过
   - 第 8 行：跳过
   - 第 9 行：跳过
   - 第 10 行：跳过
   - 第 11 行：跳过
   - 第 12 行：跳过
   - 第 13 行：跳过
   - 第 14 行：跳过
   - 第 15 行：跳过
   - 第 16 行：跳过
   - 第 17 行：跳过
   - 第 18 行：跳过
   - 第 19 行：跳过
   - 第 20 行：跳过
   - 第 21 行：跳过
   - 第 22 行：跳过
   - 第 23 行：跳过
   - 第 24 行：跳过
   - 第 25 行：跳过
   - 第 26 行：跳过
   - 第 27 行：跳过
   - 第 28 行：跳过
   - 第 29 行：跳过
   - 第 30 行：跳过
   - 第 31 行：跳过
   - 第 32 行：跳过
   - 第 33 行：跳过
   - 第 34 行：跳过
   - 第 35 行：跳过
   - 第 36 行：跳过
   - 第 37 行：跳过
   - 第 38 行：跳过
   - 第 39 行：跳过
   - 第 40 行：跳过
   - 第 41 行：跳过
   - 第 42 行：跳过
   - 第 43 行：跳过
   - 第 44 行：跳过
   - 第 45 行：跳过
   - 第 46 行：跳过
   - 第 47 行：跳过

✅ 成功处理的行:
   - 第 48 行 (136.39s) - 1 个文件
   - 第 49 行 (134.25s) - 1 个文件
   - 第 50 行 (134.73s) - 1 个文件
   - 第 51 行 (138.90s) - 1 个文件

============================================================

2025-08-27 20:17:23,325 - __main__ - INFO - 🎬 阶段2: 执行图生视频工作流
2025-08-27 20:17:24,198 - feishu_client - INFO - 列映射: {'product_image': 0, 'model_image': 1, 'prompt': 2, 'status': 3, 'composite_image': 4, 'product_name': 5, 'model_name': 7, 'video_status': 8}
2025-08-27 20:17:24,200 - feishu_client - INFO - 处理了 50 行有效数据
2025-08-27 20:17:24,202 - WorkflowManager - INFO - 🚀 开始执行 图生视频工作流
2025-08-27 20:17:24,202 - WorkflowManager - INFO - 📊 总共需要处理 50 行数据
2025-08-27 20:17:24,202 - WorkflowManager - INFO - 📝 处理进度: 1/50 - 第 2 行，跳过
2025-08-27 20:17:24,202 - WorkflowManager - INFO - 📝 处理进度: 2/50 - 第 3 行，跳过
2025-08-27 20:17:24,202 - WorkflowManager - INFO - 📝 处理进度: 3/50 - 第 4 行，跳过
2025-08-27 20:17:24,202 - WorkflowManager - INFO - 📝 处理进度: 4/50 - 第 5 行，跳过
2025-08-27 20:17:24,202 - WorkflowManager - INFO - 📝 处理进度: 5/50 - 第 6 行，跳过
2025-08-27 20:17:24,202 - WorkflowManager - INFO - 📝 处理进度: 6/50 - 第 7 行，跳过
2025-08-27 20:17:24,202 - WorkflowManager - INFO - 📝 处理进度: 7/50 - 第 8 行，跳过
2025-08-27 20:17:24,202 - WorkflowManager - INFO - 📝 处理进度: 8/50 - 第 9 行，跳过
2025-08-27 20:17:24,202 - WorkflowManager - INFO - 📝 处理进度: 9/50 - 第 10 行，跳过
2025-08-27 20:17:24,203 - WorkflowManager - INFO - 📝 处理进度: 10/50 - 第 11 行，跳过
2025-08-27 20:17:24,203 - WorkflowManager - INFO - 📝 处理进度: 11/50 - 第 12 行，跳过
2025-08-27 20:17:24,203 - WorkflowManager - INFO - 📝 处理进度: 12/50 - 第 13 行，跳过
2025-08-27 20:17:24,203 - WorkflowManager - INFO - 📝 处理进度: 13/50 - 第 14 行，跳过
2025-08-27 20:17:24,203 - WorkflowManager - INFO - 📝 处理进度: 14/50 - 第 15 行，跳过
2025-08-27 20:17:24,203 - WorkflowManager - INFO - 📝 处理进度: 15/50 - 第 16 行，跳过
2025-08-27 20:17:24,204 - WorkflowManager - INFO - 📝 处理进度: 16/50 - 第 17 行，跳过
2025-08-27 20:17:24,204 - WorkflowManager - INFO - 📝 处理进度: 17/50 - 第 18 行，跳过
2025-08-27 20:17:24,204 - WorkflowManager - INFO - 📝 处理进度: 18/50 - 第 19 行，跳过
2025-08-27 20:17:24,204 - WorkflowManager - INFO - 📝 处理进度: 19/50 - 第 20 行，跳过
2025-08-27 20:17:24,204 - WorkflowManager - INFO - 📝 处理进度: 20/50 - 第 21 行，跳过
2025-08-27 20:17:24,205 - WorkflowManager - INFO - 📝 处理进度: 21/50 - 第 22 行，跳过
2025-08-27 20:17:24,205 - WorkflowManager - INFO - 📝 处理进度: 22/50 - 第 23 行，跳过
2025-08-27 20:17:24,205 - WorkflowManager - INFO - 📝 处理进度: 23/50 - 第 24 行，跳过
2025-08-27 20:17:24,205 - WorkflowManager - INFO - 📝 处理进度: 24/50 - 第 25 行，跳过
2025-08-27 20:17:24,205 - WorkflowManager - INFO - 📝 处理进度: 25/50 - 第 26 行，跳过
2025-08-27 20:17:24,205 - WorkflowManager - INFO - 📝 处理进度: 26/50 - 第 27 行，跳过
2025-08-27 20:17:24,205 - WorkflowManager - INFO - 📝 处理进度: 27/50 - 第 28 行，跳过
2025-08-27 20:17:24,205 - WorkflowManager - INFO - 📝 处理进度: 28/50 - 第 29 行，跳过
2025-08-27 20:17:24,205 - WorkflowManager - INFO - 📝 处理进度: 29/50 - 第 30 行，跳过
2025-08-27 20:17:24,205 - WorkflowManager - INFO - 📝 处理进度: 30/50 - 第 31 行，跳过
2025-08-27 20:17:24,205 - WorkflowManager - INFO - 📝 处理进度: 31/50 - 第 32 行，跳过
2025-08-27 20:17:24,205 - WorkflowManager - INFO - 📝 处理进度: 32/50 - 第 33 行，跳过
2025-08-27 20:17:24,205 - WorkflowManager - INFO - 📝 处理进度: 33/50 - 第 34 行，跳过
2025-08-27 20:17:24,206 - WorkflowManager - INFO - 📝 处理进度: 34/50 - 第 35 行，跳过
2025-08-27 20:17:24,206 - WorkflowManager - INFO - 📝 处理进度: 35/50 - 第 36 行，跳过
2025-08-27 20:17:24,206 - WorkflowManager - INFO - 📝 处理进度: 36/50 - 第 37 行，跳过
2025-08-27 20:17:24,206 - WorkflowManager - INFO - 📝 处理进度: 37/50 - 第 38 行，跳过
2025-08-27 20:17:24,206 - WorkflowManager - INFO - 📝 处理进度: 38/50 - 第 39 行，跳过
2025-08-27 20:17:24,206 - WorkflowManager - INFO - 📝 处理进度: 39/50 - 第 40 行，跳过
2025-08-27 20:17:24,206 - WorkflowManager - INFO - 📝 处理进度: 40/50 - 第 41 行，跳过
2025-08-27 20:17:24,206 - WorkflowManager - INFO - 📝 处理进度: 41/50 - 第 42 行，跳过
2025-08-27 20:17:24,206 - WorkflowManager - INFO - 📝 处理进度: 42/50 - 第 43 行，跳过
2025-08-27 20:17:24,206 - WorkflowManager - INFO - 📝 处理进度: 43/50 - 第 44 行，跳过
2025-08-27 20:17:24,206 - WorkflowManager - INFO - 📝 处理进度: 44/50 - 第 45 行，跳过
2025-08-27 20:17:24,206 - WorkflowManager - INFO - 📝 处理进度: 45/50 - 第 46 行，跳过
2025-08-27 20:17:24,206 - WorkflowManager - INFO - 📝 处理进度: 46/50 - 第 47 行 | 产品: 0827-fear is noithing | 提示词: 镜头平行缓移跟拍，模特自然走路，双手轻摆，清晰呈现 T 恤彩...
2025-08-27 20:17:24,206 - ImageToVideoWorkflow - INFO - 🎬 开始处理图生视频 - 第 47 行
2025-08-27 20:17:25,141 - comfyui_client - INFO - 开始上传图片用于视频生成...
2025-08-27 20:17:27,104 - comfyui_client - INFO - 图片上传成功: api/ca58a343cb2838bb9214045983b60f5afa495f567bbf425cb1de8fff041f8370.png
2025-08-27 20:17:27,104 - comfyui_client - INFO - 创建图生视频工作流...
2025-08-27 20:17:27,328 - comfyui_client - INFO - 图生视频工作流创建成功，任务ID: 1960678042106560514
2025-08-27 20:17:27,329 - comfyui_client - INFO - 等待5秒后开始检查任务状态
2025-08-27 20:17:32,336 - comfyui_client - INFO - 开始检查视频生成状态
2025-08-27 20:17:32,772 - comfyui_client - INFO -         🔸 子步骤4: 等待工作流执行完成 (已等待 0分0秒)
2025-08-27 20:18:03,295 - comfyui_client - INFO -         🔸 子步骤4: 等待工作流执行完成 (已等待 0分30秒)
2025-08-27 20:18:33,538 - comfyui_client - INFO -         🔸 子步骤4: 等待工作流执行完成 (已等待 1分0秒)
2025-08-27 20:19:03,786 - comfyui_client - INFO -         🔸 子步骤4: 等待工作流执行完成 (已等待 1分31秒)
2025-08-27 20:19:35,008 - ImageToVideoWorkflow - INFO -         ✅ 视频文件保存成功: output/video/0827-fear is noithing_白人-男-20-晚上街上酷酷的1_20250827_201935.mp4
2025-08-27 20:19:35,696 - feishu_client - INFO - 视频状态更新成功到单元格: 35d2b7!I47:I47
2025-08-27 20:19:35,698 - WorkflowManager - INFO -      ✅ 第 47 行处理成功 | 产品: 0827-fear is noithing | 提示词: 镜头平行缓移跟拍，模特自然走路，双手轻摆，清晰呈现 T 恤彩...
2025-08-27 20:19:35,699 - WorkflowManager - INFO - 📝 处理进度: 47/50 - 第 48 行 | 产品: 0827-fear is noithing | 提示词: 镜头平行缓移跟拍，模特自然走路，双手轻摆，清晰呈现 T 恤彩...
2025-08-27 20:19:35,699 - ImageToVideoWorkflow - INFO - 🎬 开始处理图生视频 - 第 48 行
2025-08-27 20:19:36,577 - comfyui_client - INFO - 开始上传图片用于视频生成...
2025-08-27 20:19:39,006 - comfyui_client - INFO - 图片上传成功: api/e79044e25555c45326857e44dd2df9ff276b07f3cae45d9f16a7d506fe12f87e.png
2025-08-27 20:19:39,007 - comfyui_client - INFO - 创建图生视频工作流...
2025-08-27 20:19:39,340 - comfyui_client - INFO - 图生视频工作流创建成功，任务ID: 1960678595838574593
2025-08-27 20:19:39,341 - comfyui_client - INFO - 等待5秒后开始检查任务状态
2025-08-27 20:19:44,343 - comfyui_client - INFO - 开始检查视频生成状态
2025-08-27 20:19:44,567 - comfyui_client - INFO -         🔸 子步骤4: 等待工作流执行完成 (已等待 0分0秒)
2025-08-27 20:20:14,796 - comfyui_client - INFO -         🔸 子步骤4: 等待工作流执行完成 (已等待 0分30秒)
2025-08-27 20:20:45,059 - comfyui_client - INFO -         🔸 子步骤4: 等待工作流执行完成 (已等待 1分0秒)
2025-08-27 20:21:15,279 - comfyui_client - INFO -         🔸 子步骤4: 等待工作流执行完成 (已等待 1分30秒)
2025-08-27 20:21:45,765 - comfyui_client - INFO -         🔸 子步骤4: 等待工作流执行完成 (已等待 2分0秒)
2025-08-27 20:22:16,775 - ImageToVideoWorkflow - INFO -         ✅ 视频文件保存成功: output/video/0827-fear is noithing_白人-男-20-晚上街上酷酷的2_20250827_202216.mp4
2025-08-27 20:22:17,565 - feishu_client - INFO - 视频状态更新成功到单元格: 35d2b7!I48:I48
2025-08-27 20:22:17,566 - WorkflowManager - INFO -      ✅ 第 48 行处理成功 | 产品: 0827-fear is noithing | 提示词: 镜头平行缓移跟拍，模特自然走路，双手轻摆，清晰呈现 T 恤彩...
2025-08-27 20:22:17,566 - WorkflowManager - INFO - 📝 处理进度: 48/50 - 第 49 行 | 产品: 0827-fear is noithing | 提示词: 镜头平行缓移跟拍，模特自然走路，双手轻摆，清晰呈现 T 恤彩...
2025-08-27 20:22:17,566 - ImageToVideoWorkflow - INFO - 🎬 开始处理图生视频 - 第 49 行
2025-08-27 20:22:18,448 - comfyui_client - INFO - 开始上传图片用于视频生成...
2025-08-27 20:22:20,972 - comfyui_client - INFO - 图片上传成功: api/9ed682bba024eede343681e5ef28addb3e2e1c75cebf1d17f2743467e864befa.png
2025-08-27 20:22:20,972 - comfyui_client - INFO - 创建图生视频工作流...
2025-08-27 20:22:21,298 - comfyui_client - INFO - 图生视频工作流创建成功，任务ID: 1960679275135467521
2025-08-27 20:22:21,299 - comfyui_client - INFO - 等待5秒后开始检查任务状态
2025-08-27 20:22:26,300 - comfyui_client - INFO - 开始检查视频生成状态
2025-08-27 20:22:26,623 - comfyui_client - INFO -         🔸 子步骤4: 等待工作流执行完成 (已等待 0分0秒)
2025-08-27 20:22:56,863 - comfyui_client - INFO -         🔸 子步骤4: 等待工作流执行完成 (已等待 0分30秒)
2025-08-27 20:23:27,140 - comfyui_client - INFO -         🔸 子步骤4: 等待工作流执行完成 (已等待 1分0秒)
2025-08-27 20:23:57,392 - comfyui_client - INFO -         🔸 子步骤4: 等待工作流执行完成 (已等待 1分30秒)
2025-08-27 20:24:28,817 - ImageToVideoWorkflow - INFO -         ✅ 视频文件保存成功: output/video/0827-fear is noithing_白人-男-20-晚上街上酷酷的3_20250827_202428.mp4
2025-08-27 20:24:29,574 - feishu_client - INFO - 视频状态更新成功到单元格: 35d2b7!I49:I49
2025-08-27 20:24:29,575 - WorkflowManager - INFO -      ✅ 第 49 行处理成功 | 产品: 0827-fear is noithing | 提示词: 镜头平行缓移跟拍，模特自然走路，双手轻摆，清晰呈现 T 恤彩...
2025-08-27 20:24:29,575 - WorkflowManager - INFO - 📝 处理进度: 49/50 - 第 50 行 | 产品: 0827-fear is noithing | 提示词: 镜头平行缓移跟拍，模特自然走路，双手轻摆，清晰呈现 T 恤彩...
2025-08-27 20:24:29,575 - ImageToVideoWorkflow - INFO - 🎬 开始处理图生视频 - 第 50 行
2025-08-27 20:24:30,713 - comfyui_client - INFO - 开始上传图片用于视频生成...
2025-08-27 20:24:33,062 - comfyui_client - INFO - 图片上传成功: api/64795b8a8672c9d13851188d1c022baf7f5074cfbc1407f5a417a689087c5fa3.png
2025-08-27 20:24:33,063 - comfyui_client - INFO - 创建图生视频工作流...
2025-08-27 20:24:33,332 - comfyui_client - INFO - 图生视频工作流创建成功，任务ID: 1960679828963950593
2025-08-27 20:24:33,334 - comfyui_client - INFO - 等待5秒后开始检查任务状态
2025-08-27 20:24:38,335 - comfyui_client - INFO - 开始检查视频生成状态
2025-08-27 20:24:38,640 - comfyui_client - INFO -         🔸 子步骤4: 等待工作流执行完成 (已等待 0分0秒)
2025-08-27 20:25:08,921 - comfyui_client - INFO -         🔸 子步骤4: 等待工作流执行完成 (已等待 0分30秒)
2025-08-27 20:25:39,191 - comfyui_client - INFO -         🔸 子步骤4: 等待工作流执行完成 (已等待 1分0秒)
2025-08-27 20:26:09,744 - comfyui_client - INFO -         🔸 子步骤4: 等待工作流执行完成 (已等待 1分30秒)
2025-08-27 20:26:40,768 - ImageToVideoWorkflow - INFO -         ✅ 视频文件保存成功: output/video/0827-fear is noithing_白人-男-20-晚上街上酷酷的4_20250827_202640.mp4
2025-08-27 20:26:41,519 - feishu_client - INFO - 视频状态更新成功到单元格: 35d2b7!I50:I50
2025-08-27 20:26:41,540 - WorkflowManager - INFO -      ✅ 第 50 行处理成功 | 产品: 0827-fear is noithing | 提示词: 镜头平行缓移跟拍，模特自然走路，双手轻摆，清晰呈现 T 恤彩...
2025-08-27 20:26:41,560 - WorkflowManager - INFO - 📝 处理进度: 50/50 - 第 51 行 | 产品: 0827-fear is noithing | 提示词: 镜头平行缓移跟拍，模特自然走路，双手轻摆，清晰呈现 T 恤彩...
2025-08-27 20:26:41,560 - ImageToVideoWorkflow - INFO - 🎬 开始处理图生视频 - 第 51 行
2025-08-27 20:26:42,632 - comfyui_client - INFO - 开始上传图片用于视频生成...
2025-08-27 20:26:45,452 - comfyui_client - INFO - 图片上传成功: api/27334261004cab917260401f1dfef278322d7a926679b621030e1c4a88a3184d.png
2025-08-27 20:26:45,452 - comfyui_client - INFO - 创建图生视频工作流...
2025-08-27 20:27:01,034 - comfyui_client - INFO - 图生视频工作流创建成功，任务ID: 1960680448437489665
2025-08-27 20:27:01,035 - comfyui_client - INFO - 等待5秒后开始检查任务状态
2025-08-27 20:27:06,037 - comfyui_client - INFO - 开始检查视频生成状态
2025-08-27 20:27:06,294 - comfyui_client - INFO -         🔸 子步骤4: 等待工作流执行完成 (已等待 0分0秒)
2025-08-27 20:27:36,543 - comfyui_client - INFO -         🔸 子步骤4: 等待工作流执行完成 (已等待 0分30秒)
2025-08-27 20:28:06,841 - comfyui_client - INFO -         🔸 子步骤4: 等待工作流执行完成 (已等待 1分0秒)
2025-08-27 20:28:37,242 - comfyui_client - INFO -         🔸 子步骤4: 等待工作流执行完成 (已等待 1分30秒)
2025-08-27 20:29:08,474 - ImageToVideoWorkflow - INFO -         ✅ 视频文件保存成功: output/video/0827-fear is noithing_白人-男-25-帅气_20250827_202908.mp4
2025-08-27 20:29:09,153 - feishu_client - INFO - 视频状态更新成功到单元格: 35d2b7!I51:I51
2025-08-27 20:29:09,155 - WorkflowManager - INFO -      ✅ 第 51 行处理成功 | 产品: 0827-fear is noithing | 提示词: 镜头平行缓移跟拍，模特自然走路，双手轻摆，清晰呈现 T 恤彩...
2025-08-27 20:29:09,155 - __main__ - INFO - 📋 步骤4: 生成处理报告
2025-08-27 20:29:09,156 - __main__ - INFO - 
============================================================
📊 完整工作流 (图片合成 + 图生视频) 处理报告
============================================================
📈 处理统计:
   - 总行数: 100
   - 成功: 9
   - 失败: 0
   - 跳过: 91
   - 成功率: 100.0% (如果总行数 > 0)
   - 总耗时: 1249.17 秒
   - 平均耗时: 12.49 秒/行

⏭️ 跳过的行:
   - 第 2 行：跳过
   - 第 3 行：跳过
   - 第 4 行：跳过
   - 第 5 行：跳过
   - 第 6 行：跳过
   - 第 7 行：跳过
   - 第 8 行：跳过
   - 第 9 行：跳过
   - 第 10 行：跳过
   - 第 11 行：跳过
   - 第 12 行：跳过
   - 第 13 行：跳过
   - 第 14 行：跳过
   - 第 15 行：跳过
   - 第 16 行：跳过
   - 第 17 行：跳过
   - 第 18 行：跳过
   - 第 19 行：跳过
   - 第 20 行：跳过
   - 第 21 行：跳过
   - 第 22 行：跳过
   - 第 23 行：跳过
   - 第 24 行：跳过
   - 第 25 行：跳过
   - 第 26 行：跳过
   - 第 27 行：跳过
   - 第 28 行：跳过
   - 第 29 行：跳过
   - 第 30 行：跳过
   - 第 31 行：跳过
   - 第 32 行：跳过
   - 第 33 行：跳过
   - 第 34 行：跳过
   - 第 35 行：跳过
   - 第 36 行：跳过
   - 第 37 行：跳过
   - 第 38 行：跳过
   - 第 39 行：跳过
   - 第 40 行：跳过
   - 第 41 行：跳过
   - 第 42 行：跳过
   - 第 43 行：跳过
   - 第 44 行：跳过
   - 第 45 行：跳过
   - 第 46 行：跳过
   - 第 47 行：跳过
   - 第 2 行：跳过
   - 第 3 行：跳过
   - 第 4 行：跳过
   - 第 5 行：跳过
   - 第 6 行：跳过
   - 第 7 行：跳过
   - 第 8 行：跳过
   - 第 9 行：跳过
   - 第 10 行：跳过
   - 第 11 行：跳过
   - 第 12 行：跳过
   - 第 13 行：跳过
   - 第 14 行：跳过
   - 第 15 行：跳过
   - 第 16 行：跳过
   - 第 17 行：跳过
   - 第 18 行：跳过
   - 第 19 行：跳过
   - 第 20 行：跳过
   - 第 21 行：跳过
   - 第 22 行：跳过
   - 第 23 行：跳过
   - 第 24 行：跳过
   - 第 25 行：跳过
   - 第 26 行：跳过
   - 第 27 行：跳过
   - 第 28 行：跳过
   - 第 29 行：跳过
   - 第 30 行：跳过
   - 第 31 行：跳过
   - 第 32 行：跳过
   - 第 33 行：跳过
   - 第 34 行：跳过
   - 第 35 行：跳过
   - 第 36 行：跳过
   - 第 37 行：跳过
   - 第 38 行：跳过
   - 第 39 行：跳过
   - 第 40 行：跳过
   - 第 41 行：跳过
   - 第 42 行：跳过
   - 第 43 行：跳过
   - 第 44 行：跳过
   - 第 45 行：跳过
   - 第 46 行：跳过

✅ 成功处理的行:
   - 第 48 行 (136.39s) - 1 个文件
   - 第 49 行 (134.25s) - 1 个文件
   - 第 50 行 (134.73s) - 1 个文件
   - 第 51 行 (138.90s) - 1 个文件
   - 第 47 行 (131.49s) - 1 个文件
   - 第 48 行 (161.86s) - 1 个文件
   - 第 49 行 (132.01s) - 1 个文件
   - 第 50 行 (131.96s) - 1 个文件
   - 第 51 行 (147.59s) - 1 个文件

============================================================

2025-08-27 20:29:09,160 - __main__ - INFO - 处理报告已保存到: reports/report_20250827_202909.txt
2025-08-27 20:29:09,160 - __main__ - INFO - 所有数据处理成功
