2025-08-27 13:40:37,404 - __main__ - INFO - 日志文件: logs/workflow_20250827_134037.log
2025-08-27 13:40:37,404 - __main__ - INFO - === 开始执行飞书表格数据处理工作流 ===
2025-08-27 13:40:37,404 - __main__ - INFO - 🔧 步骤1: 初始化工作流管理器
2025-08-27 13:40:37,404 - __main__ - INFO - 📊 步骤2: 获取飞书表格数据
2025-08-27 13:40:37,404 - __main__ - INFO -    - 正在连接飞书API...
2025-08-27 13:40:37,686 - feishu_client - INFO - Token获取成功
2025-08-27 13:40:38,424 - feishu_client - INFO - 列映射: {'product_image': 0, 'model_image': 1, 'prompt': 2, 'status': 3, 'composite_image': 4, 'product_name': 5, 'model_name': 7, 'video_status': 8}
2025-08-27 13:40:38,426 - feishu_client - INFO - 处理了 35 行有效数据
2025-08-27 13:40:38,427 - __main__ - INFO -    ✅ 获取到 35 行数据
2025-08-27 13:40:38,427 - __main__ - INFO - 🚀 步骤3: 执行完整工作流 (图片合成 + 图生视频)
2025-08-27 13:40:38,427 - __main__ - INFO - 🎨 阶段1: 执行图片合成工作流
2025-08-27 13:40:38,427 - WorkflowManager - INFO - 🚀 开始执行 图片合成工作流
2025-08-27 13:40:38,427 - WorkflowManager - INFO - 📊 总共需要处理 35 行数据
2025-08-27 13:40:38,427 - WorkflowManager - INFO - 📝 处理进度: 1/35 - 第 2 行，跳过
2025-08-27 13:40:38,427 - WorkflowManager - INFO - 📝 处理进度: 2/35 - 第 3 行，跳过
2025-08-27 13:40:38,427 - WorkflowManager - INFO - 📝 处理进度: 3/35 - 第 4 行，跳过
2025-08-27 13:40:38,427 - WorkflowManager - INFO - 📝 处理进度: 4/35 - 第 5 行，跳过
2025-08-27 13:40:38,428 - WorkflowManager - INFO - 📝 处理进度: 5/35 - 第 6 行，跳过
2025-08-27 13:40:38,428 - WorkflowManager - INFO - 📝 处理进度: 6/35 - 第 7 行，跳过
2025-08-27 13:40:38,428 - WorkflowManager - INFO - 📝 处理进度: 7/35 - 第 8 行，跳过
2025-08-27 13:40:38,428 - WorkflowManager - INFO - 📝 处理进度: 8/35 - 第 9 行，跳过
2025-08-27 13:40:38,428 - WorkflowManager - INFO - 📝 处理进度: 9/35 - 第 10 行，跳过
2025-08-27 13:40:38,428 - WorkflowManager - INFO - 📝 处理进度: 10/35 - 第 11 行，跳过
2025-08-27 13:40:38,428 - WorkflowManager - INFO - 📝 处理进度: 11/35 - 第 12 行，跳过
2025-08-27 13:40:38,428 - WorkflowManager - INFO - 📝 处理进度: 12/35 - 第 13 行，跳过
2025-08-27 13:40:38,428 - WorkflowManager - INFO - 📝 处理进度: 13/35 - 第 14 行，跳过
2025-08-27 13:40:38,428 - WorkflowManager - INFO - 📝 处理进度: 14/35 - 第 15 行，跳过
2025-08-27 13:40:38,429 - WorkflowManager - INFO - 📝 处理进度: 15/35 - 第 16 行，跳过
2025-08-27 13:40:38,429 - WorkflowManager - INFO - 📝 处理进度: 16/35 - 第 17 行，跳过
2025-08-27 13:40:38,429 - WorkflowManager - INFO - 📝 处理进度: 17/35 - 第 18 行，跳过
2025-08-27 13:40:38,429 - WorkflowManager - INFO - 📝 处理进度: 18/35 - 第 19 行，跳过
2025-08-27 13:40:38,429 - WorkflowManager - INFO - 📝 处理进度: 19/35 - 第 20 行，跳过
2025-08-27 13:40:38,429 - WorkflowManager - INFO - 📝 处理进度: 20/35 - 第 21 行，跳过
2025-08-27 13:40:38,429 - WorkflowManager - INFO - 📝 处理进度: 21/35 - 第 22 行，跳过
2025-08-27 13:40:38,430 - WorkflowManager - INFO - 📝 处理进度: 22/35 - 第 23 行，跳过
2025-08-27 13:40:38,430 - WorkflowManager - INFO - 📝 处理进度: 23/35 - 第 24 行，跳过
2025-08-27 13:40:38,430 - WorkflowManager - INFO - 📝 处理进度: 24/35 - 第 25 行，跳过
2025-08-27 13:40:38,430 - WorkflowManager - INFO - 📝 处理进度: 25/35 - 第 26 行，跳过
2025-08-27 13:40:38,430 - WorkflowManager - INFO - 📝 处理进度: 26/35 - 第 27 行，跳过
2025-08-27 13:40:38,430 - WorkflowManager - INFO - 📝 处理进度: 27/35 - 第 28 行 | 产品: 0826-Yes, I Can Drive a Stick | 提示词: 镜头平行缓移跟拍，模特自然走路，双手轻摆，清晰呈现 T 恤彩...
2025-08-27 13:40:38,634 - feishu_client - INFO - Token获取成功
2025-08-27 13:40:40,279 - comfyui_client - INFO -         - 上传产品图片...
2025-08-27 13:40:40,717 - comfyui_client - INFO -         ✅ 产品图片上传成功
2025-08-27 13:40:40,717 - comfyui_client - INFO -         - 上传模特图片...
2025-08-27 13:40:41,795 - comfyui_client - INFO -         ✅ 模特图片上传成功
2025-08-27 13:40:41,795 - comfyui_client - INFO -         - 创建ComfyUI工作流...
2025-08-27 13:40:42,118 - comfyui_client - INFO -         ✅ 工作流创建成功，任务ID: 1960578195076648962
2025-08-27 13:40:42,118 - comfyui_client - INFO -         🔸 子步骤4: 等待工作流执行完成
2025-08-27 13:40:42,394 - comfyui_client - INFO -         🔸 子步骤4: 等待工作流执行完成 (已等待 0分0秒)
2025-08-27 13:42:43,882 - ImageCompositionWorkflow - INFO -         ✅ 文件保存成功: ./output/img/0826-Yes I Can Drive a Stick_拉丁-男-25-卷发相机_08-27-13-42.png
2025-08-27 13:42:44,098 - feishu_client - INFO - Token获取成功
2025-08-27 13:42:52,639 - feishu_client - INFO - 图片写入成功
2025-08-27 13:42:53,544 - feishu_client - INFO - 行 28 状态更新为: 已完成
2025-08-27 13:42:53,547 - WorkflowManager - INFO -      ✅ 第 28 行处理成功 | 产品: 0826-Yes, I Can Drive a Stick | 提示词: 镜头平行缓移跟拍，模特自然走路，双手轻摆，清晰呈现 T 恤彩...
2025-08-27 13:42:53,547 - WorkflowManager - INFO - 📝 处理进度: 28/35 - 第 29 行 | 产品: 0826-Yahweh     | 提示词: 镜头平行缓移跟拍，模特自然走路，双手轻摆，清晰呈现 T 恤彩...
2025-08-27 13:42:55,084 - comfyui_client - INFO -         - 上传产品图片...
2025-08-27 13:42:55,782 - comfyui_client - INFO -         ✅ 产品图片上传成功
2025-08-27 13:42:55,782 - comfyui_client - INFO -         - 上传模特图片...
2025-08-27 13:42:57,743 - comfyui_client - INFO -         ✅ 模特图片上传成功
2025-08-27 13:42:57,743 - comfyui_client - INFO -         - 创建ComfyUI工作流...
2025-08-27 13:42:58,251 - comfyui_client - INFO -         ✅ 工作流创建成功，任务ID: 1960578765975945218
2025-08-27 13:42:58,251 - comfyui_client - INFO -         🔸 子步骤4: 等待工作流执行完成
2025-08-27 13:42:58,468 - comfyui_client - INFO -         🔸 子步骤4: 等待工作流执行完成 (已等待 0分0秒)
2025-08-27 13:45:03,170 - ImageCompositionWorkflow - INFO -         ✅ 文件保存成功: ./output/img/0826-Yahweh_拉丁-男-25-卷发相机_08-27-13-45.png
2025-08-27 13:45:03,589 - feishu_client - INFO - Token获取成功
2025-08-27 13:45:13,478 - feishu_client - INFO - 图片写入成功
2025-08-27 13:45:14,329 - feishu_client - INFO - 行 29 状态更新为: 已完成
2025-08-27 13:45:14,332 - WorkflowManager - INFO -      ✅ 第 29 行处理成功 | 产品: 0826-Yahweh | 提示词: 镜头平行缓移跟拍，模特自然走路，双手轻摆，清晰呈现 T 恤彩...
2025-08-27 13:45:14,332 - WorkflowManager - INFO - 📝 处理进度: 29/35 - 第 30 行 | 产品: 0826-Yes, I Can Drive a Stick | 提示词: 镜头平行缓移跟拍，模特自然走路，双手轻摆，清晰呈现 T 恤彩...
2025-08-27 13:45:16,273 - comfyui_client - INFO -         - 上传产品图片...
2025-08-27 13:45:16,826 - comfyui_client - INFO -         ✅ 产品图片上传成功
2025-08-27 13:45:16,827 - comfyui_client - INFO -         - 上传模特图片...
2025-08-27 13:45:18,955 - comfyui_client - INFO -         ✅ 模特图片上传成功
2025-08-27 13:45:18,956 - comfyui_client - INFO -         - 创建ComfyUI工作流...
2025-08-27 13:45:19,411 - comfyui_client - INFO -         ✅ 工作流创建成功，任务ID: 1960579358056484866
2025-08-27 13:45:19,411 - comfyui_client - INFO -         🔸 子步骤4: 等待工作流执行完成
2025-08-27 13:45:19,754 - comfyui_client - INFO -         🔸 子步骤4: 等待工作流执行完成 (已等待 0分0秒)
2025-08-27 13:47:21,108 - ImageCompositionWorkflow - INFO -         ✅ 文件保存成功: ./output/img/0826-Yes I Can Drive a Stick_白人-女-25-金发上班族_08-27-13-47.png
2025-08-27 13:47:21,325 - feishu_client - INFO - Token获取成功
2025-08-27 13:47:30,815 - feishu_client - INFO - 图片写入成功
2025-08-27 13:47:31,693 - feishu_client - INFO - 行 30 状态更新为: 已完成
2025-08-27 13:47:31,694 - WorkflowManager - INFO -      ✅ 第 30 行处理成功 | 产品: 0826-Yes, I Can Drive a Stick | 提示词: 镜头平行缓移跟拍，模特自然走路，双手轻摆，清晰呈现 T 恤彩...
2025-08-27 13:47:31,694 - WorkflowManager - INFO - 📝 处理进度: 30/35 - 第 31 行 | 产品: 0826-Abvela     | 提示词: 镜头平行缓移跟拍，模特自然走路，双手轻摆，清晰呈现 T 恤彩...
2025-08-27 13:47:33,554 - comfyui_client - INFO -         - 上传产品图片...
2025-08-27 13:47:34,026 - comfyui_client - INFO -         ✅ 产品图片上传成功
2025-08-27 13:47:34,026 - comfyui_client - INFO -         - 上传模特图片...
2025-08-27 13:47:36,063 - comfyui_client - INFO -         ✅ 模特图片上传成功
2025-08-27 13:47:36,063 - comfyui_client - INFO -         - 创建ComfyUI工作流...
2025-08-27 13:47:36,577 - comfyui_client - INFO -         ✅ 工作流创建成功，任务ID: 1960579932952956930
2025-08-27 13:47:36,578 - comfyui_client - INFO -         🔸 子步骤4: 等待工作流执行完成
2025-08-27 13:47:36,846 - comfyui_client - INFO -         🔸 子步骤4: 等待工作流执行完成 (已等待 0分0秒)
2025-08-27 13:49:38,662 - ImageCompositionWorkflow - INFO -         ✅ 文件保存成功: ./output/img/0826-Abvela_白人-女-26-金发上班族_08-27-13-49.png
2025-08-27 13:49:38,882 - feishu_client - INFO - Token获取成功
2025-08-27 13:49:48,833 - feishu_client - INFO - 图片写入成功
2025-08-27 13:49:49,670 - feishu_client - INFO - 行 31 状态更新为: 已完成
2025-08-27 13:49:49,673 - WorkflowManager - INFO -      ✅ 第 31 行处理成功 | 产品: 0826-Abvela | 提示词: 镜头平行缓移跟拍，模特自然走路，双手轻摆，清晰呈现 T 恤彩...
2025-08-27 13:49:49,673 - WorkflowManager - INFO - 📝 处理进度: 31/35 - 第 32 行 | 产品: 0826-HIPPIE SOUL | 提示词: 镜头平行缓移跟拍，模特自然走路，双手轻摆，清晰呈现 T 恤彩...
2025-08-27 13:49:51,554 - comfyui_client - INFO -         - 上传产品图片...
2025-08-27 13:49:52,009 - comfyui_client - INFO -         ✅ 产品图片上传成功
2025-08-27 13:49:52,010 - comfyui_client - INFO -         - 上传模特图片...
2025-08-27 13:49:53,819 - comfyui_client - INFO -         ✅ 模特图片上传成功
2025-08-27 13:49:53,819 - comfyui_client - INFO -         - 创建ComfyUI工作流...
2025-08-27 13:49:54,165 - comfyui_client - INFO -         ✅ 工作流创建成功，任务ID: 1960580510663802881
2025-08-27 13:49:54,165 - comfyui_client - INFO -         🔸 子步骤4: 等待工作流执行完成
2025-08-27 13:49:54,361 - comfyui_client - INFO -         🔸 子步骤4: 等待工作流执行完成 (已等待 0分0秒)
2025-08-27 13:51:59,076 - ImageCompositionWorkflow - INFO -         ✅ 文件保存成功: ./output/img/0826-HIPPIE SOUL_白人-女-27-金发上班族_08-27-13-51.png
2025-08-27 13:52:00,446 - feishu_client - INFO - Token获取成功
2025-08-27 13:52:19,951 - feishu_client - INFO - 图片写入成功
2025-08-27 13:52:21,100 - feishu_client - INFO - 行 32 状态更新为: 已完成
2025-08-27 13:52:21,103 - WorkflowManager - INFO -      ✅ 第 32 行处理成功 | 产品: 0826-HIPPIE SOUL | 提示词: 镜头平行缓移跟拍，模特自然走路，双手轻摆，清晰呈现 T 恤彩...
2025-08-27 13:52:21,104 - WorkflowManager - INFO - 📝 处理进度: 32/35 - 第 33 行 | 产品: 0826-life is better | 提示词: 镜头平行缓移跟拍，模特自然走路，双手轻摆，清晰呈现 T 恤彩...
2025-08-27 13:52:23,095 - comfyui_client - INFO -         - 上传产品图片...
2025-08-27 13:52:23,725 - comfyui_client - INFO -         ✅ 产品图片上传成功
2025-08-27 13:52:23,725 - comfyui_client - INFO -         - 上传模特图片...
2025-08-27 13:52:25,556 - comfyui_client - INFO -         ✅ 模特图片上传成功
2025-08-27 13:52:25,557 - comfyui_client - INFO -         - 创建ComfyUI工作流...
2025-08-27 13:52:25,864 - comfyui_client - INFO -         ✅ 工作流创建成功，任务ID: 1960581147069743105
2025-08-27 13:52:25,865 - comfyui_client - INFO -         🔸 子步骤4: 等待工作流执行完成
2025-08-27 13:52:26,070 - comfyui_client - INFO -         🔸 子步骤4: 等待工作流执行完成 (已等待 0分0秒)
2025-08-27 13:54:27,745 - ImageCompositionWorkflow - INFO -         ✅ 文件保存成功: ./output/img/0826-life is better_白人-女-28-金发上班族_08-27-13-54.png
2025-08-27 13:54:27,979 - feishu_client - INFO - Token获取成功
2025-08-27 13:54:36,012 - feishu_client - INFO - 图片写入成功
2025-08-27 13:54:42,015 - feishu_client - INFO - 行 33 状态更新为: 已完成
2025-08-27 13:54:42,018 - WorkflowManager - INFO -      ✅ 第 33 行处理成功 | 产品: 0826-life is better | 提示词: 镜头平行缓移跟拍，模特自然走路，双手轻摆，清晰呈现 T 恤彩...
2025-08-27 13:54:42,018 - WorkflowManager - INFO - 📝 处理进度: 33/35 - 第 34 行 | 产品: 0826-Abvela     | 提示词: 镜头平行缓移跟拍，模特自然走路，双手轻摆，清晰呈现 T 恤彩...
2025-08-27 13:54:43,660 - comfyui_client - INFO -         - 上传产品图片...
2025-08-27 13:54:44,006 - comfyui_client - INFO -         ✅ 产品图片上传成功
2025-08-27 13:54:44,007 - comfyui_client - INFO -         - 上传模特图片...
2025-08-27 13:54:45,738 - comfyui_client - INFO -         ✅ 模特图片上传成功
2025-08-27 13:54:45,738 - comfyui_client - INFO -         - 创建ComfyUI工作流...
2025-08-27 13:54:45,917 - comfyui_client - INFO -         ✅ 工作流创建成功，任务ID: 1960581734515572737
2025-08-27 13:54:45,917 - comfyui_client - INFO -         🔸 子步骤4: 等待工作流执行完成
2025-08-27 13:54:47,035 - comfyui_client - INFO -         🔸 子步骤4: 等待工作流执行完成 (已等待 0分0秒)
2025-08-27 13:56:48,375 - ImageCompositionWorkflow - INFO -         ✅ 文件保存成功: ./output/img/0826-Abvela_白人-女-29-金发上班族_08-27-13-56.png
2025-08-27 13:56:48,601 - feishu_client - INFO - Token获取成功
2025-08-27 13:56:57,869 - feishu_client - INFO - 图片写入成功
2025-08-27 13:56:58,792 - feishu_client - INFO - 行 34 状态更新为: 已完成
2025-08-27 13:56:58,795 - WorkflowManager - INFO -      ✅ 第 34 行处理成功 | 产品: 0826-Abvela | 提示词: 镜头平行缓移跟拍，模特自然走路，双手轻摆，清晰呈现 T 恤彩...
2025-08-27 13:56:58,795 - WorkflowManager - INFO - 📝 处理进度: 34/35 - 第 35 行 | 产品: 0826-HIPPIE SOUL | 提示词: 镜头平行缓移跟拍，模特自然走路，双手轻摆，清晰呈现 T 恤彩...
2025-08-27 13:57:00,654 - comfyui_client - INFO -         - 上传产品图片...
2025-08-27 13:57:00,924 - comfyui_client - INFO -         ✅ 产品图片上传成功
2025-08-27 13:57:00,925 - comfyui_client - INFO -         - 上传模特图片...
2025-08-27 13:57:02,546 - comfyui_client - INFO -         ✅ 模特图片上传成功
2025-08-27 13:57:02,546 - comfyui_client - INFO -         - 创建ComfyUI工作流...
2025-08-27 13:57:02,789 - comfyui_client - INFO -         ✅ 工作流创建成功，任务ID: 1960582308585771010
2025-08-27 13:57:02,789 - comfyui_client - INFO -         🔸 子步骤4: 等待工作流执行完成
2025-08-27 13:57:02,977 - comfyui_client - INFO -         🔸 子步骤4: 等待工作流执行完成 (已等待 0分0秒)
2025-08-27 13:59:21,754 - ImageCompositionWorkflow - INFO -         ✅ 文件保存成功: ./output/img/0826-HIPPIE SOUL_白人-女-30-金发上班族_08-27-13-59.png
2025-08-27 13:59:21,972 - feishu_client - INFO - Token获取成功
2025-08-27 13:59:29,931 - feishu_client - INFO - 图片写入成功
2025-08-27 13:59:30,829 - feishu_client - INFO - 行 35 状态更新为: 已完成
2025-08-27 13:59:30,831 - WorkflowManager - INFO -      ✅ 第 35 行处理成功 | 产品: 0826-HIPPIE SOUL | 提示词: 镜头平行缓移跟拍，模特自然走路，双手轻摆，清晰呈现 T 恤彩...
2025-08-27 13:59:30,831 - WorkflowManager - INFO - 📝 处理进度: 35/35 - 第 36 行 | 产品: 0826-life is better | 提示词: 镜头平行缓移跟拍，模特自然走路，双手轻摆，清晰呈现 T 恤彩...
2025-08-27 13:59:32,862 - comfyui_client - INFO -         - 上传产品图片...
2025-08-27 13:59:33,346 - comfyui_client - INFO -         ✅ 产品图片上传成功
2025-08-27 13:59:33,347 - comfyui_client - INFO -         - 上传模特图片...
2025-08-27 13:59:35,463 - comfyui_client - INFO -         ✅ 模特图片上传成功
2025-08-27 13:59:35,463 - comfyui_client - INFO -         - 创建ComfyUI工作流...
2025-08-27 13:59:35,900 - comfyui_client - INFO -         ✅ 工作流创建成功，任务ID: 1960582950440112130
2025-08-27 13:59:35,901 - comfyui_client - INFO -         🔸 子步骤4: 等待工作流执行完成
2025-08-27 13:59:36,078 - comfyui_client - INFO -         🔸 子步骤4: 等待工作流执行完成 (已等待 0分0秒)
2025-08-27 14:01:40,772 - ImageCompositionWorkflow - INFO -         ✅ 文件保存成功: ./output/img/0826-life is better_白人-女-31-金发上班族_08-27-14-01.png
2025-08-27 14:01:41,602 - feishu_client - INFO - Token获取成功
2025-08-27 14:02:20,149 - feishu_client - INFO - 图片写入成功
2025-08-27 14:02:21,417 - feishu_client - INFO - 行 36 状态更新为: 已完成
2025-08-27 14:02:21,419 - WorkflowManager - INFO -      ✅ 第 36 行处理成功 | 产品: 0826-life is better | 提示词: 镜头平行缓移跟拍，模特自然走路，双手轻摆，清晰呈现 T 恤彩...
2025-08-27 14:02:21,424 - __main__ - INFO - 
============================================================
📊 图片合成工作流 处理报告
============================================================
📈 处理统计:
   - 总行数: 35
   - 成功: 9
   - 失败: 0
   - 跳过: 26
   - 成功率: 100.0% (如果总行数 > 0)
   - 总耗时: 1303.00 秒
   - 平均耗时: 37.23 秒/行

⏭️ 跳过的行:
   - 第 2 行：跳过
   - 第 3 行：跳过
   - 第 4 行：跳过
   - 第 5 行：跳过
   - 第 6 行：跳过
   - 第 7 行：跳过
   - 第 8 行：跳过
   - 第 9 行：跳过
   - 第 10 行：跳过
   - 第 11 行：跳过
   - 第 12 行：跳过
   - 第 13 行：跳过
   - 第 14 行：跳过
   - 第 15 行：跳过
   - 第 16 行：跳过
   - 第 17 行：跳过
   - 第 18 行：跳过
   - 第 19 行：跳过
   - 第 20 行：跳过
   - 第 21 行：跳过
   - 第 22 行：跳过
   - 第 23 行：跳过
   - 第 24 行：跳过
   - 第 25 行：跳过
   - 第 26 行：跳过
   - 第 27 行：跳过

✅ 成功处理的行:
   - 第 28 行 (135.11s) - 1 个文件
   - 第 29 行 (140.78s) - 1 个文件
   - 第 30 行 (137.37s) - 1 个文件
   - 第 31 行 (138.01s) - 1 个文件
   - 第 32 行 (151.43s) - 1 个文件
   - 第 33 行 (140.91s) - 1 个文件
   - 第 34 行 (136.77s) - 1 个文件
   - 第 35 行 (152.03s) - 1 个文件
   - 第 36 行 (170.59s) - 1 个文件

============================================================

2025-08-27 14:02:21,425 - __main__ - INFO - 🎬 阶段2: 执行图生视频工作流
2025-08-27 14:02:23,197 - feishu_client - INFO - 列映射: {'product_image': 0, 'model_image': 1, 'prompt': 2, 'status': 3, 'composite_image': 4, 'product_name': 5, 'model_name': 7, 'video_status': 8}
2025-08-27 14:02:23,200 - feishu_client - INFO - 处理了 35 行有效数据
2025-08-27 14:02:23,203 - WorkflowManager - INFO - 🚀 开始执行 图生视频工作流
2025-08-27 14:02:23,203 - WorkflowManager - INFO - 📊 总共需要处理 35 行数据
2025-08-27 14:02:23,203 - WorkflowManager - INFO - 📝 处理进度: 1/35 - 第 2 行，跳过
2025-08-27 14:02:23,204 - WorkflowManager - INFO - 📝 处理进度: 2/35 - 第 3 行，跳过
2025-08-27 14:02:23,204 - WorkflowManager - INFO - 📝 处理进度: 3/35 - 第 4 行，跳过
2025-08-27 14:02:23,204 - WorkflowManager - INFO - 📝 处理进度: 4/35 - 第 5 行，跳过
2025-08-27 14:02:23,204 - WorkflowManager - INFO - 📝 处理进度: 5/35 - 第 6 行，跳过
2025-08-27 14:02:23,204 - WorkflowManager - INFO - 📝 处理进度: 6/35 - 第 7 行，跳过
2025-08-27 14:02:23,205 - WorkflowManager - INFO - 📝 处理进度: 7/35 - 第 8 行，跳过
2025-08-27 14:02:23,205 - WorkflowManager - INFO - 📝 处理进度: 8/35 - 第 9 行，跳过
2025-08-27 14:02:23,205 - WorkflowManager - INFO - 📝 处理进度: 9/35 - 第 10 行，跳过
2025-08-27 14:02:23,205 - WorkflowManager - INFO - 📝 处理进度: 10/35 - 第 11 行，跳过
2025-08-27 14:02:23,205 - WorkflowManager - INFO - 📝 处理进度: 11/35 - 第 12 行，跳过
2025-08-27 14:02:23,206 - WorkflowManager - INFO - 📝 处理进度: 12/35 - 第 13 行，跳过
2025-08-27 14:02:23,206 - WorkflowManager - INFO - 📝 处理进度: 13/35 - 第 14 行，跳过
2025-08-27 14:02:23,206 - WorkflowManager - INFO - 📝 处理进度: 14/35 - 第 15 行，跳过
2025-08-27 14:02:23,206 - WorkflowManager - INFO - 📝 处理进度: 15/35 - 第 16 行，跳过
2025-08-27 14:02:23,206 - WorkflowManager - INFO - 📝 处理进度: 16/35 - 第 17 行，跳过
2025-08-27 14:02:23,206 - WorkflowManager - INFO - 📝 处理进度: 17/35 - 第 18 行，跳过
2025-08-27 14:02:23,206 - WorkflowManager - INFO - 📝 处理进度: 18/35 - 第 19 行，跳过
2025-08-27 14:02:23,206 - WorkflowManager - INFO - 📝 处理进度: 19/35 - 第 20 行，跳过
2025-08-27 14:02:23,206 - WorkflowManager - INFO - 📝 处理进度: 20/35 - 第 21 行，跳过
2025-08-27 14:02:23,207 - WorkflowManager - INFO - 📝 处理进度: 21/35 - 第 22 行，跳过
2025-08-27 14:02:23,207 - WorkflowManager - INFO - 📝 处理进度: 22/35 - 第 23 行，跳过
2025-08-27 14:02:23,207 - WorkflowManager - INFO - 📝 处理进度: 23/35 - 第 24 行，跳过
2025-08-27 14:02:23,207 - WorkflowManager - INFO - 📝 处理进度: 24/35 - 第 25 行 | 产品: 0826-This is Bull shit | 提示词: 镜头平行缓移跟拍，模特自然走路，双手轻摆，清晰呈现 T 恤彩...
2025-08-27 14:02:23,208 - ImageToVideoWorkflow - INFO - 🎬 开始处理图生视频 - 第 25 行
2025-08-27 14:02:25,159 - comfyui_client - INFO - 开始上传图片用于视频生成...
2025-08-27 14:02:27,887 - comfyui_client - INFO - 图片上传成功: api/0db9ac9de326b33760260501d558753fd06a755ddaa7e620b9ca8bca9fc81b01.png
2025-08-27 14:02:27,887 - comfyui_client - INFO - 创建图生视频工作流...
2025-08-27 14:02:28,245 - comfyui_client - INFO - 图生视频工作流创建成功，任务ID: 1960583673257099266
2025-08-27 14:02:28,246 - comfyui_client - INFO - 等待5秒后开始检查任务状态
2025-08-27 14:02:33,247 - comfyui_client - INFO - 开始检查视频生成状态
2025-08-27 14:02:33,637 - comfyui_client - INFO -         🔸 子步骤4: 等待工作流执行完成 (已等待 0分0秒)
2025-08-27 14:03:05,313 - comfyui_client - INFO -         🔸 子步骤4: 等待工作流执行完成 (已等待 0分30秒)
2025-08-27 14:03:35,725 - comfyui_client - INFO -         🔸 子步骤4: 等待工作流执行完成 (已等待 1分2秒)
2025-08-27 14:04:06,086 - comfyui_client - INFO -         🔸 子步骤4: 等待工作流执行完成 (已等待 1分32秒)
2025-08-27 14:04:41,547 - ImageToVideoWorkflow - INFO -         ✅ 视频文件保存成功: output/video/0826-This is Bull shit_拉丁-男-25-卷发相机_20250827_140441.mp4
2025-08-27 14:04:44,015 - feishu_client - INFO - 视频状态更新成功到单元格: 35d2b7!I25:I25
2025-08-27 14:04:44,016 - WorkflowManager - INFO -      ✅ 第 25 行处理成功 | 产品: 0826-This is Bull shit | 提示词: 镜头平行缓移跟拍，模特自然走路，双手轻摆，清晰呈现 T 恤彩...
2025-08-27 14:04:44,016 - WorkflowManager - INFO - 📝 处理进度: 25/35 - 第 26 行，跳过
2025-08-27 14:04:44,016 - WorkflowManager - INFO - 📝 处理进度: 26/35 - 第 27 行 | 产品: 0826-Yes, I Can Drive a Stick | 提示词: 镜头平行缓移跟拍，模特自然走路，双手轻摆，清晰呈现 T 恤彩...
2025-08-27 14:04:44,017 - ImageToVideoWorkflow - INFO - 🎬 开始处理图生视频 - 第 27 行
2025-08-27 14:04:46,042 - comfyui_client - INFO - 开始上传图片用于视频生成...
2025-08-27 14:04:49,506 - comfyui_client - INFO - 图片上传成功: api/5673ab656fb9b3988b42e120b00592c4993a103b2456e8790fcfd163bacf0db2.png
2025-08-27 14:04:49,507 - comfyui_client - INFO - 创建图生视频工作流...
2025-08-27 14:05:04,250 - comfyui_client - INFO - 图生视频工作流创建成功，任务ID: 1960584270626656258
2025-08-27 14:05:04,252 - comfyui_client - INFO - 等待5秒后开始检查任务状态
2025-08-27 14:05:09,253 - comfyui_client - INFO - 开始检查视频生成状态
2025-08-27 14:05:10,953 - comfyui_client - INFO -         🔸 子步骤4: 等待工作流执行完成 (已等待 0分0秒)
2025-08-27 14:05:43,671 - comfyui_client - INFO -         🔸 子步骤4: 等待工作流执行完成 (已等待 0分31秒)
2025-08-27 14:06:15,704 - comfyui_client - INFO -         🔸 子步骤4: 等待工作流执行完成 (已等待 1分4秒)
2025-08-27 14:07:04,896 - comfyui_client - INFO -         🔸 子步骤4: 等待工作流执行完成 (已等待 1分36秒)
2025-08-27 14:07:47,394 - ImageToVideoWorkflow - INFO -         ✅ 视频文件保存成功: output/video/0826-Yes I Can Drive a Stick_拉丁-男-25-卷发相机_20250827_140747.mp4
2025-08-27 14:07:50,236 - feishu_client - INFO - 视频状态更新成功到单元格: 35d2b7!I27:I27
2025-08-27 14:07:50,237 - WorkflowManager - INFO -      ✅ 第 27 行处理成功 | 产品: 0826-Yes, I Can Drive a Stick | 提示词: 镜头平行缓移跟拍，模特自然走路，双手轻摆，清晰呈现 T 恤彩...
2025-08-27 14:07:50,237 - WorkflowManager - INFO - 📝 处理进度: 27/35 - 第 28 行 | 产品: 0826-Yes, I Can Drive a Stick | 提示词: 镜头平行缓移跟拍，模特自然走路，双手轻摆，清晰呈现 T 恤彩...
2025-08-27 14:07:50,238 - ImageToVideoWorkflow - INFO - 🎬 开始处理图生视频 - 第 28 行
2025-08-27 14:07:55,059 - comfyui_client - INFO - 开始上传图片用于视频生成...
2025-08-27 14:07:59,407 - comfyui_client - INFO - 图片上传成功: api/74a1813b561e1d69befebd165fb900ad4bce063ef040bd9776d8c10365135950.png
2025-08-27 14:07:59,407 - comfyui_client - INFO - 创建图生视频工作流...
2025-08-27 14:08:00,042 - comfyui_client - INFO - 图生视频工作流创建成功，任务ID: 1960585064872644610
2025-08-27 14:08:00,044 - comfyui_client - INFO - 等待5秒后开始检查任务状态
2025-08-27 14:08:05,044 - comfyui_client - INFO - 开始检查视频生成状态
2025-08-27 14:08:06,044 - comfyui_client - INFO -         🔸 子步骤4: 等待工作流执行完成 (已等待 0分0秒)
2025-08-27 14:08:36,282 - comfyui_client - INFO -         🔸 子步骤4: 等待工作流执行完成 (已等待 0分31秒)
2025-08-27 14:09:06,550 - comfyui_client - INFO -         🔸 子步骤4: 等待工作流执行完成 (已等待 1分1秒)
2025-08-27 14:09:38,296 - comfyui_client - INFO -         🔸 子步骤4: 等待工作流执行完成 (已等待 1分31秒)
2025-08-27 14:10:29,692 - ImageToVideoWorkflow - INFO -         ✅ 视频文件保存成功: output/video/0826-Yes I Can Drive a Stick_拉丁-男-25-卷发相机_20250827_141029.mp4
2025-08-27 14:10:31,171 - feishu_client - INFO - 视频状态更新成功到单元格: 35d2b7!I28:I28
2025-08-27 14:10:31,173 - WorkflowManager - INFO -      ✅ 第 28 行处理成功 | 产品: 0826-Yes, I Can Drive a Stick | 提示词: 镜头平行缓移跟拍，模特自然走路，双手轻摆，清晰呈现 T 恤彩...
2025-08-27 14:10:31,173 - WorkflowManager - INFO - 📝 处理进度: 28/35 - 第 29 行 | 产品: 0826-Yahweh     | 提示词: 镜头平行缓移跟拍，模特自然走路，双手轻摆，清晰呈现 T 恤彩...
2025-08-27 14:10:31,174 - ImageToVideoWorkflow - INFO - 🎬 开始处理图生视频 - 第 29 行
2025-08-27 14:10:35,274 - comfyui_client - INFO - 开始上传图片用于视频生成...
2025-08-27 14:10:42,390 - comfyui_client - INFO - 图片上传成功: api/019c8fa7abbeef70591325bb7d3556c1adae2f3c5393c226fccfcfc2fffb033e.png
2025-08-27 14:10:42,391 - comfyui_client - INFO - 创建图生视频工作流...
2025-08-27 14:10:42,915 - comfyui_client - INFO - 图生视频工作流创建成功，任务ID: 1960585748405780482
2025-08-27 14:10:42,916 - comfyui_client - INFO - 等待5秒后开始检查任务状态
2025-08-27 14:10:47,916 - comfyui_client - INFO - 开始检查视频生成状态
2025-08-27 14:10:48,121 - comfyui_client - INFO -         🔸 子步骤4: 等待工作流执行完成 (已等待 0分0秒)
2025-08-27 14:11:18,331 - comfyui_client - INFO -         🔸 子步骤4: 等待工作流执行完成 (已等待 0分30秒)
2025-08-27 14:11:48,616 - comfyui_client - INFO -         🔸 子步骤4: 等待工作流执行完成 (已等待 1分0秒)
2025-08-27 14:12:18,811 - comfyui_client - INFO -         🔸 子步骤4: 等待工作流执行完成 (已等待 1分30秒)
2025-08-27 14:13:18,672 - ImageToVideoWorkflow - INFO -         ✅ 视频文件保存成功: output/video/0826-Yahweh_拉丁-男-25-卷发相机_20250827_141318.mp4
2025-08-27 14:13:19,651 - feishu_client - INFO - 视频状态更新成功到单元格: 35d2b7!I29:I29
2025-08-27 14:13:19,652 - WorkflowManager - INFO -      ✅ 第 29 行处理成功 | 产品: 0826-Yahweh | 提示词: 镜头平行缓移跟拍，模特自然走路，双手轻摆，清晰呈现 T 恤彩...
2025-08-27 14:13:19,652 - WorkflowManager - INFO - 📝 处理进度: 29/35 - 第 30 行 | 产品: 0826-Yes, I Can Drive a Stick | 提示词: 镜头平行缓移跟拍，模特自然走路，双手轻摆，清晰呈现 T 恤彩...
2025-08-27 14:13:19,652 - ImageToVideoWorkflow - INFO - 🎬 开始处理图生视频 - 第 30 行
2025-08-27 14:13:21,138 - comfyui_client - INFO - 开始上传图片用于视频生成...
2025-08-27 14:13:22,784 - comfyui_client - INFO - 图片上传成功: api/47014300efc42676d338ad370cb3d74fffb7921db289468cd89508b7389c449e.png
2025-08-27 14:13:22,784 - comfyui_client - INFO - 创建图生视频工作流...
2025-08-27 14:13:23,072 - comfyui_client - INFO - 图生视频工作流创建成功，任务ID: 1960586420035489794
2025-08-27 14:13:23,073 - comfyui_client - INFO - 等待5秒后开始检查任务状态
2025-08-27 14:13:28,073 - comfyui_client - INFO - 开始检查视频生成状态
2025-08-27 14:13:28,362 - comfyui_client - INFO -         🔸 子步骤4: 等待工作流执行完成 (已等待 0分0秒)
2025-08-27 14:13:58,775 - comfyui_client - INFO -         🔸 子步骤4: 等待工作流执行完成 (已等待 0分30秒)
2025-08-27 14:14:29,342 - comfyui_client - INFO -         🔸 子步骤4: 等待工作流执行完成 (已等待 1分0秒)
2025-08-27 14:15:00,526 - ImageToVideoWorkflow - INFO -         ✅ 视频文件保存成功: output/video/0826-Yes I Can Drive a Stick_白人-女-25-金发上班族_20250827_141500.mp4
2025-08-27 14:15:01,498 - feishu_client - INFO - 视频状态更新成功到单元格: 35d2b7!I30:I30
2025-08-27 14:15:01,500 - WorkflowManager - INFO -      ✅ 第 30 行处理成功 | 产品: 0826-Yes, I Can Drive a Stick | 提示词: 镜头平行缓移跟拍，模特自然走路，双手轻摆，清晰呈现 T 恤彩...
2025-08-27 14:15:01,500 - WorkflowManager - INFO - 📝 处理进度: 30/35 - 第 31 行 | 产品: 0826-Abvela     | 提示词: 镜头平行缓移跟拍，模特自然走路，双手轻摆，清晰呈现 T 恤彩...
2025-08-27 14:15:01,500 - ImageToVideoWorkflow - INFO - 🎬 开始处理图生视频 - 第 31 行
2025-08-27 14:15:03,355 - comfyui_client - INFO - 开始上传图片用于视频生成...
2025-08-27 14:15:06,389 - comfyui_client - INFO - 图片上传成功: api/449a60da8677d1b533fc8719ac2b91679ea722f794ba717ccf67883b4c5f289d.png
2025-08-27 14:15:06,389 - comfyui_client - INFO - 创建图生视频工作流...
2025-08-27 14:15:06,643 - comfyui_client - INFO - 图生视频工作流创建成功，任务ID: 1960586854569574401
2025-08-27 14:15:06,644 - comfyui_client - INFO - 等待5秒后开始检查任务状态
2025-08-27 14:15:11,644 - comfyui_client - INFO - 开始检查视频生成状态
2025-08-27 14:15:11,963 - comfyui_client - INFO -         🔸 子步骤4: 等待工作流执行完成 (已等待 0分0秒)
2025-08-27 14:15:42,199 - comfyui_client - INFO -         🔸 子步骤4: 等待工作流执行完成 (已等待 0分30秒)
2025-08-27 14:16:12,887 - comfyui_client - INFO -         🔸 子步骤4: 等待工作流执行完成 (已等待 1分0秒)
2025-08-27 14:16:48,510 - comfyui_client - INFO -         🔸 子步骤4: 等待工作流执行完成 (已等待 1分31秒)
2025-08-27 14:17:19,681 - ImageToVideoWorkflow - INFO -         ✅ 视频文件保存成功: output/video/0826-Abvela_白人-女-26-金发上班族_20250827_141719.mp4
2025-08-27 14:17:20,676 - feishu_client - INFO - 视频状态更新成功到单元格: 35d2b7!I31:I31
2025-08-27 14:17:20,677 - WorkflowManager - INFO -      ✅ 第 31 行处理成功 | 产品: 0826-Abvela | 提示词: 镜头平行缓移跟拍，模特自然走路，双手轻摆，清晰呈现 T 恤彩...
2025-08-27 14:17:20,677 - WorkflowManager - INFO - 📝 处理进度: 31/35 - 第 32 行 | 产品: 0826-HIPPIE SOUL | 提示词: 镜头平行缓移跟拍，模特自然走路，双手轻摆，清晰呈现 T 恤彩...
2025-08-27 14:17:20,677 - ImageToVideoWorkflow - INFO - 🎬 开始处理图生视频 - 第 32 行
2025-08-27 14:17:22,223 - comfyui_client - INFO - 开始上传图片用于视频生成...
2025-08-27 14:17:24,291 - comfyui_client - INFO - 图片上传成功: api/1337edde8651eb7507fd64284b3bef54231170f058488311b72ba238f97b7b5b.png
2025-08-27 14:17:24,291 - comfyui_client - INFO - 创建图生视频工作流...
2025-08-27 14:17:24,566 - comfyui_client - INFO - 图生视频工作流创建成功，任务ID: 1960587433115090945
2025-08-27 14:17:24,568 - comfyui_client - INFO - 等待5秒后开始检查任务状态
2025-08-27 14:17:29,568 - comfyui_client - INFO - 开始检查视频生成状态
2025-08-27 14:17:29,825 - comfyui_client - INFO -         🔸 子步骤4: 等待工作流执行完成 (已等待 0分0秒)
2025-08-27 14:18:00,149 - comfyui_client - INFO -         🔸 子步骤4: 等待工作流执行完成 (已等待 0分30秒)
2025-08-27 14:18:40,812 - comfyui_client - INFO -         🔸 子步骤4: 等待工作流执行完成 (已等待 1分0秒)
2025-08-27 14:19:11,543 - comfyui_client - INFO -         🔸 子步骤4: 等待工作流执行完成 (已等待 1分41秒)
2025-08-27 14:19:41,790 - comfyui_client - INFO -         🔸 子步骤4: 等待工作流执行完成 (已等待 2分11秒)
2025-08-27 14:20:13,156 - ImageToVideoWorkflow - INFO -         ✅ 视频文件保存成功: output/video/0826-HIPPIE SOUL_白人-女-27-金发上班族_20250827_142013.mp4
2025-08-27 14:20:14,205 - feishu_client - INFO - 视频状态更新成功到单元格: 35d2b7!I32:I32
2025-08-27 14:20:14,205 - WorkflowManager - INFO -      ✅ 第 32 行处理成功 | 产品: 0826-HIPPIE SOUL | 提示词: 镜头平行缓移跟拍，模特自然走路，双手轻摆，清晰呈现 T 恤彩...
2025-08-27 14:20:14,205 - WorkflowManager - INFO - 📝 处理进度: 32/35 - 第 33 行 | 产品: 0826-life is better | 提示词: 镜头平行缓移跟拍，模特自然走路，双手轻摆，清晰呈现 T 恤彩...
2025-08-27 14:20:14,206 - ImageToVideoWorkflow - INFO - 🎬 开始处理图生视频 - 第 33 行
2025-08-27 14:20:15,651 - comfyui_client - INFO - 开始上传图片用于视频生成...
2025-08-27 14:20:17,511 - comfyui_client - INFO - 图片上传成功: api/af188f07e388587a563125b35b2b1e2ae5ccef543ada0f577fc4e7531bb56d3e.png
2025-08-27 14:20:17,511 - comfyui_client - INFO - 创建图生视频工作流...
2025-08-27 14:20:17,949 - comfyui_client - INFO - 图生视频工作流创建成功，任务ID: 1960588159916670977
2025-08-27 14:20:17,950 - comfyui_client - INFO - 等待5秒后开始检查任务状态
2025-08-27 14:20:22,951 - comfyui_client - INFO - 开始检查视频生成状态
2025-08-27 14:20:53,527 - comfyui_client - INFO -         🔸 子步骤4: 等待工作流执行完成 (已等待 0分0秒)
2025-08-27 14:21:23,841 - comfyui_client - INFO -         🔸 子步骤4: 等待工作流执行完成 (已等待 1分0秒)
2025-08-27 14:21:54,420 - comfyui_client - INFO -         🔸 子步骤4: 等待工作流执行完成 (已等待 1分30秒)
2025-08-27 14:22:24,735 - comfyui_client - INFO -         🔸 子步骤4: 等待工作流执行完成 (已等待 2分1秒)
2025-08-27 14:23:08,779 - comfyui_client - INFO -         🔸 子步骤4: 等待工作流执行完成 (已等待 2分31秒)
2025-08-27 14:23:40,221 - ImageToVideoWorkflow - INFO -         ✅ 视频文件保存成功: output/video/0826-life is better_白人-女-28-金发上班族_20250827_142340.mp4
2025-08-27 14:23:41,221 - feishu_client - INFO - 视频状态更新成功到单元格: 35d2b7!I33:I33
2025-08-27 14:23:41,222 - WorkflowManager - INFO -      ✅ 第 33 行处理成功 | 产品: 0826-life is better | 提示词: 镜头平行缓移跟拍，模特自然走路，双手轻摆，清晰呈现 T 恤彩...
2025-08-27 14:23:41,223 - WorkflowManager - INFO - 📝 处理进度: 33/35 - 第 34 行 | 产品: 0826-Abvela     | 提示词: 镜头平行缓移跟拍，模特自然走路，双手轻摆，清晰呈现 T 恤彩...
2025-08-27 14:23:41,223 - ImageToVideoWorkflow - INFO - 🎬 开始处理图生视频 - 第 34 行
2025-08-27 14:23:43,014 - comfyui_client - INFO - 开始上传图片用于视频生成...
2025-08-27 14:23:45,064 - comfyui_client - INFO - 图片上传成功: api/f95678cc58f938a321cba465a265e79f78d9589174941eba834c894ec71a41e3.png
2025-08-27 14:23:45,065 - comfyui_client - INFO - 创建图生视频工作流...
2025-08-27 14:23:45,368 - comfyui_client - INFO - 图生视频工作流创建成功，任务ID: 1960589030264115202
2025-08-27 14:23:45,369 - comfyui_client - INFO - 等待5秒后开始检查任务状态
2025-08-27 14:23:50,370 - comfyui_client - INFO - 开始检查视频生成状态
2025-08-27 14:23:50,625 - comfyui_client - INFO -         🔸 子步骤4: 等待工作流执行完成 (已等待 0分0秒)
2025-08-27 14:24:21,495 - comfyui_client - INFO -         🔸 子步骤4: 等待工作流执行完成 (已等待 0分30秒)
2025-08-27 14:24:51,879 - comfyui_client - INFO -         🔸 子步骤4: 等待工作流执行完成 (已等待 1分1秒)
2025-08-27 14:25:22,268 - comfyui_client - INFO -         🔸 子步骤4: 等待工作流执行完成 (已等待 1分31秒)
2025-08-27 14:25:53,739 - ImageToVideoWorkflow - INFO -         ✅ 视频文件保存成功: output/video/0826-Abvela_白人-女-29-金发上班族_20250827_142553.mp4
2025-08-27 14:25:54,581 - feishu_client - INFO - 视频状态更新成功到单元格: 35d2b7!I34:I34
2025-08-27 14:25:54,582 - WorkflowManager - INFO -      ✅ 第 34 行处理成功 | 产品: 0826-Abvela | 提示词: 镜头平行缓移跟拍，模特自然走路，双手轻摆，清晰呈现 T 恤彩...
2025-08-27 14:25:54,582 - WorkflowManager - INFO - 📝 处理进度: 34/35 - 第 35 行 | 产品: 0826-HIPPIE SOUL | 提示词: 镜头平行缓移跟拍，模特自然走路，双手轻摆，清晰呈现 T 恤彩...
2025-08-27 14:25:54,582 - ImageToVideoWorkflow - INFO - 🎬 开始处理图生视频 - 第 35 行
2025-08-27 14:25:56,520 - comfyui_client - INFO - 开始上传图片用于视频生成...
2025-08-27 14:25:58,457 - comfyui_client - INFO - 图片上传成功: api/4369b3918b1623876b4e89a0d511e53372148ea4333bcdcfbf58b385ccb57380.png
2025-08-27 14:25:58,457 - comfyui_client - INFO - 创建图生视频工作流...
2025-08-27 14:26:09,668 - comfyui_client - INFO - 图生视频工作流创建成功，任务ID: 1960589635321823233
2025-08-27 14:26:09,672 - comfyui_client - INFO - 等待5秒后开始检查任务状态
2025-08-27 14:26:14,675 - comfyui_client - INFO - 开始检查视频生成状态
2025-08-27 14:26:14,972 - comfyui_client - INFO -         🔸 子步骤4: 等待工作流执行完成 (已等待 0分0秒)
2025-08-27 14:26:45,191 - comfyui_client - INFO -         🔸 子步骤4: 等待工作流执行完成 (已等待 0分30秒)
2025-08-27 14:27:15,892 - comfyui_client - INFO -         🔸 子步骤4: 等待工作流执行完成 (已等待 1分0秒)
2025-08-27 14:27:46,795 - comfyui_client - INFO -         🔸 子步骤4: 等待工作流执行完成 (已等待 1分31秒)
2025-08-27 14:28:17,098 - comfyui_client - INFO -         🔸 子步骤4: 等待工作流执行完成 (已等待 2分2秒)
2025-08-27 14:28:47,381 - comfyui_client - INFO -         🔸 子步骤4: 等待工作流执行完成 (已等待 2分32秒)
2025-08-27 14:29:18,956 - ImageToVideoWorkflow - INFO -         ✅ 视频文件保存成功: output/video/0826-HIPPIE SOUL_白人-女-30-金发上班族_20250827_142918.mp4
2025-08-27 14:29:19,939 - feishu_client - INFO - 视频状态更新成功到单元格: 35d2b7!I35:I35
2025-08-27 14:29:19,941 - WorkflowManager - INFO -      ✅ 第 35 行处理成功 | 产品: 0826-HIPPIE SOUL | 提示词: 镜头平行缓移跟拍，模特自然走路，双手轻摆，清晰呈现 T 恤彩...
2025-08-27 14:29:19,941 - WorkflowManager - INFO - 📝 处理进度: 35/35 - 第 36 行 | 产品: 0826-life is better | 提示词: 镜头平行缓移跟拍，模特自然走路，双手轻摆，清晰呈现 T 恤彩...
2025-08-27 14:29:19,941 - ImageToVideoWorkflow - INFO - 🎬 开始处理图生视频 - 第 36 行
2025-08-27 14:29:21,318 - comfyui_client - INFO - 开始上传图片用于视频生成...
2025-08-27 14:29:23,656 - comfyui_client - INFO - 图片上传成功: api/0fc3abe1a5d1da3da7e29b7fd0ebbc281d2057b48c202d5c7b2c986fcbe20c9e.png
2025-08-27 14:29:23,656 - comfyui_client - INFO - 创建图生视频工作流...
2025-08-27 14:29:23,965 - comfyui_client - INFO - 图生视频工作流创建成功，任务ID: 1960590450610634754
2025-08-27 14:29:23,967 - comfyui_client - INFO - 等待5秒后开始检查任务状态
2025-08-27 14:29:28,967 - comfyui_client - INFO - 开始检查视频生成状态
2025-08-27 14:29:29,266 - comfyui_client - INFO -         🔸 子步骤4: 等待工作流执行完成 (已等待 0分0秒)
2025-08-27 14:30:08,958 - comfyui_client - INFO -         🔸 子步骤4: 等待工作流执行完成 (已等待 0分30秒)
2025-08-27 14:30:39,171 - comfyui_client - INFO -         🔸 子步骤4: 等待工作流执行完成 (已等待 1分9秒)
2025-08-27 14:31:09,487 - comfyui_client - INFO -         🔸 子步骤4: 等待工作流执行完成 (已等待 1分40秒)
2025-08-27 14:31:59,542 - ImageToVideoWorkflow - INFO -         ✅ 视频文件保存成功: output/video/0826-life is better_白人-女-31-金发上班族_20250827_143159.mp4
2025-08-27 14:32:00,920 - feishu_client - INFO - 视频状态更新成功到单元格: 35d2b7!I36:I36
2025-08-27 14:32:00,921 - WorkflowManager - INFO -      ✅ 第 36 行处理成功 | 产品: 0826-life is better | 提示词: 镜头平行缓移跟拍，模特自然走路，双手轻摆，清晰呈现 T 恤彩...
2025-08-27 14:32:00,922 - __main__ - INFO - 📋 步骤4: 生成处理报告
2025-08-27 14:32:00,922 - __main__ - INFO - 
============================================================
📊 完整工作流 (图片合成 + 图生视频) 处理报告
============================================================
📈 处理统计:
   - 总行数: 70
   - 成功: 20
   - 失败: 0
   - 跳过: 50
   - 成功率: 100.0% (如果总行数 > 0)
   - 总耗时: 3080.71 秒
   - 平均耗时: 44.01 秒/行

⏭️ 跳过的行:
   - 第 2 行：跳过
   - 第 3 行：跳过
   - 第 4 行：跳过
   - 第 5 行：跳过
   - 第 6 行：跳过
   - 第 7 行：跳过
   - 第 8 行：跳过
   - 第 9 行：跳过
   - 第 10 行：跳过
   - 第 11 行：跳过
   - 第 12 行：跳过
   - 第 13 行：跳过
   - 第 14 行：跳过
   - 第 15 行：跳过
   - 第 16 行：跳过
   - 第 17 行：跳过
   - 第 18 行：跳过
   - 第 19 行：跳过
   - 第 20 行：跳过
   - 第 21 行：跳过
   - 第 22 行：跳过
   - 第 23 行：跳过
   - 第 24 行：跳过
   - 第 25 行：跳过
   - 第 26 行：跳过
   - 第 27 行：跳过
   - 第 2 行：跳过
   - 第 3 行：跳过
   - 第 4 行：跳过
   - 第 5 行：跳过
   - 第 6 行：跳过
   - 第 7 行：跳过
   - 第 8 行：跳过
   - 第 9 行：跳过
   - 第 10 行：跳过
   - 第 11 行：跳过
   - 第 12 行：跳过
   - 第 13 行：跳过
   - 第 14 行：跳过
   - 第 15 行：跳过
   - 第 16 行：跳过
   - 第 17 行：跳过
   - 第 18 行：跳过
   - 第 19 行：跳过
   - 第 20 行：跳过
   - 第 21 行：跳过
   - 第 22 行：跳过
   - 第 23 行：跳过
   - 第 24 行：跳过
   - 第 26 行：跳过

✅ 成功处理的行:
   - 第 28 行 (135.11s) - 1 个文件
   - 第 29 行 (140.78s) - 1 个文件
   - 第 30 行 (137.37s) - 1 个文件
   - 第 31 行 (138.01s) - 1 个文件
   - 第 32 行 (151.43s) - 1 个文件
   - 第 33 行 (140.91s) - 1 个文件
   - 第 34 行 (136.77s) - 1 个文件
   - 第 35 行 (152.03s) - 1 个文件
   - 第 36 行 (170.59s) - 1 个文件
   - 第 25 行 (140.81s) - 1 个文件
   - 第 27 行 (186.22s) - 1 个文件
   - 第 28 行 (160.93s) - 1 个文件
   - 第 29 行 (168.48s) - 1 个文件
   - 第 30 行 (101.85s) - 1 个文件
   - 第 31 行 (139.18s) - 1 个文件
   - 第 32 行 (173.53s) - 1 个文件
   - 第 33 行 (207.02s) - 1 个文件
   - 第 34 行 (133.36s) - 1 个文件
   - 第 35 行 (205.37s) - 1 个文件
   - 第 36 行 (160.98s) - 1 个文件

============================================================

2025-08-27 14:32:00,925 - __main__ - INFO - 处理报告已保存到: reports/report_20250827_143200.txt
2025-08-27 14:32:00,925 - __main__ - INFO - 所有数据处理成功
