2025-08-27 19:44:13,052 - __main__ - INFO - 日志文件: logs/workflow_20250827_194413.log
2025-08-27 19:44:13,052 - __main__ - INFO - === 开始执行飞书表格数据处理工作流 ===
2025-08-27 19:44:13,052 - __main__ - INFO - 🔧 步骤1: 初始化工作流管理器
2025-08-27 19:44:13,052 - __main__ - INFO - 📊 步骤2: 获取飞书表格数据
2025-08-27 19:44:13,053 - __main__ - INFO -    - 正在连接飞书API...
2025-08-27 19:44:13,417 - feishu_client - INFO - Token获取成功
2025-08-27 19:44:14,700 - feishu_client - INFO - 列映射: {'product_image': 0, 'model_image': 1, 'prompt': 2, 'status': 3, 'composite_image': 4, 'product_name': 5, 'model_name': 7, 'video_status': 8}
2025-08-27 19:44:14,703 - feishu_client - INFO - 处理了 50 行有效数据
2025-08-27 19:44:14,704 - __main__ - INFO -    ✅ 获取到 50 行数据
2025-08-27 19:44:14,704 - __main__ - INFO - 🚀 步骤3: 执行完整工作流 (图片合成 + 图生视频)
2025-08-27 19:44:14,705 - __main__ - INFO - 🎨 阶段1: 执行图片合成工作流
2025-08-27 19:44:14,705 - WorkflowManager - INFO - 🚀 开始执行 图片合成工作流
2025-08-27 19:44:14,705 - WorkflowManager - INFO - 📊 总共需要处理 50 行数据
2025-08-27 19:44:14,705 - WorkflowManager - INFO - 📝 处理进度: 1/50 - 第 2 行，跳过
2025-08-27 19:44:14,706 - WorkflowManager - INFO - 📝 处理进度: 2/50 - 第 3 行，跳过
2025-08-27 19:44:14,706 - WorkflowManager - INFO - 📝 处理进度: 3/50 - 第 4 行，跳过
2025-08-27 19:44:14,706 - WorkflowManager - INFO - 📝 处理进度: 4/50 - 第 5 行，跳过
2025-08-27 19:44:14,707 - WorkflowManager - INFO - 📝 处理进度: 5/50 - 第 6 行，跳过
2025-08-27 19:44:14,707 - WorkflowManager - INFO - 📝 处理进度: 6/50 - 第 7 行，跳过
2025-08-27 19:44:14,707 - WorkflowManager - INFO - 📝 处理进度: 7/50 - 第 8 行，跳过
2025-08-27 19:44:14,707 - WorkflowManager - INFO - 📝 处理进度: 8/50 - 第 9 行，跳过
2025-08-27 19:44:14,707 - WorkflowManager - INFO - 📝 处理进度: 9/50 - 第 10 行，跳过
2025-08-27 19:44:14,708 - WorkflowManager - INFO - 📝 处理进度: 10/50 - 第 11 行，跳过
2025-08-27 19:44:14,708 - WorkflowManager - INFO - 📝 处理进度: 11/50 - 第 12 行，跳过
2025-08-27 19:44:14,708 - WorkflowManager - INFO - 📝 处理进度: 12/50 - 第 13 行，跳过
2025-08-27 19:44:14,708 - WorkflowManager - INFO - 📝 处理进度: 13/50 - 第 14 行，跳过
2025-08-27 19:44:14,708 - WorkflowManager - INFO - 📝 处理进度: 14/50 - 第 15 行，跳过
2025-08-27 19:44:14,708 - WorkflowManager - INFO - 📝 处理进度: 15/50 - 第 16 行，跳过
2025-08-27 19:44:14,708 - WorkflowManager - INFO - 📝 处理进度: 16/50 - 第 17 行，跳过
2025-08-27 19:44:14,708 - WorkflowManager - INFO - 📝 处理进度: 17/50 - 第 18 行，跳过
2025-08-27 19:44:14,709 - WorkflowManager - INFO - 📝 处理进度: 18/50 - 第 19 行，跳过
2025-08-27 19:44:14,709 - WorkflowManager - INFO - 📝 处理进度: 19/50 - 第 20 行，跳过
2025-08-27 19:44:14,709 - WorkflowManager - INFO - 📝 处理进度: 20/50 - 第 21 行，跳过
2025-08-27 19:44:14,709 - WorkflowManager - INFO - 📝 处理进度: 21/50 - 第 22 行，跳过
2025-08-27 19:44:14,709 - WorkflowManager - INFO - 📝 处理进度: 22/50 - 第 23 行，跳过
2025-08-27 19:44:14,709 - WorkflowManager - INFO - 📝 处理进度: 23/50 - 第 24 行，跳过
2025-08-27 19:44:14,709 - WorkflowManager - INFO - 📝 处理进度: 24/50 - 第 25 行，跳过
2025-08-27 19:44:14,709 - WorkflowManager - INFO - 📝 处理进度: 25/50 - 第 26 行，跳过
2025-08-27 19:44:14,709 - WorkflowManager - INFO - 📝 处理进度: 26/50 - 第 27 行，跳过
2025-08-27 19:44:14,710 - WorkflowManager - INFO - 📝 处理进度: 27/50 - 第 28 行，跳过
2025-08-27 19:44:14,710 - WorkflowManager - INFO - 📝 处理进度: 28/50 - 第 29 行，跳过
2025-08-27 19:44:14,710 - WorkflowManager - INFO - 📝 处理进度: 29/50 - 第 30 行，跳过
2025-08-27 19:44:14,710 - WorkflowManager - INFO - 📝 处理进度: 30/50 - 第 31 行，跳过
2025-08-27 19:44:14,712 - WorkflowManager - INFO - 📝 处理进度: 31/50 - 第 32 行，跳过
2025-08-27 19:44:14,712 - WorkflowManager - INFO - 📝 处理进度: 32/50 - 第 33 行，跳过
2025-08-27 19:44:14,712 - WorkflowManager - INFO - 📝 处理进度: 33/50 - 第 34 行，跳过
2025-08-27 19:44:14,713 - WorkflowManager - INFO - 📝 处理进度: 34/50 - 第 35 行，跳过
2025-08-27 19:44:14,713 - WorkflowManager - INFO - 📝 处理进度: 35/50 - 第 36 行，跳过
2025-08-27 19:44:14,714 - WorkflowManager - INFO - 📝 处理进度: 36/50 - 第 37 行，跳过
2025-08-27 19:44:14,714 - WorkflowManager - INFO - 📝 处理进度: 37/50 - 第 38 行，跳过
2025-08-27 19:44:14,714 - WorkflowManager - INFO - 📝 处理进度: 38/50 - 第 39 行，跳过
2025-08-27 19:44:14,714 - WorkflowManager - INFO - 📝 处理进度: 39/50 - 第 40 行，跳过
2025-08-27 19:44:14,714 - WorkflowManager - INFO - 📝 处理进度: 40/50 - 第 41 行，跳过
2025-08-27 19:44:14,714 - WorkflowManager - INFO - 📝 处理进度: 41/50 - 第 42 行，跳过
2025-08-27 19:44:14,715 - WorkflowManager - INFO - 📝 处理进度: 42/50 - 第 43 行，跳过
2025-08-27 19:44:14,715 - WorkflowManager - INFO - 📝 处理进度: 43/50 - 第 44 行，跳过
2025-08-27 19:44:14,715 - WorkflowManager - INFO - 📝 处理进度: 44/50 - 第 45 行，跳过
2025-08-27 19:44:14,715 - WorkflowManager - INFO - 📝 处理进度: 45/50 - 第 46 行 | 产品: 0827-hail-santa | 提示词: 镜头平行缓移跟拍，模特自然走路，双手轻摆，清晰呈现 T 恤彩...
2025-08-27 19:44:14,999 - feishu_client - INFO - Token获取成功
2025-08-27 19:44:18,466 - comfyui_client - INFO -         - 上传产品图片...
2025-08-27 19:44:19,529 - comfyui_client - INFO -         ✅ 产品图片上传成功
2025-08-27 19:44:19,529 - comfyui_client - INFO -         - 上传模特图片...
2025-08-27 19:44:21,460 - comfyui_client - INFO -         ✅ 模特图片上传成功
2025-08-27 19:44:21,461 - comfyui_client - INFO -         - 创建ComfyUI工作流...
2025-08-27 19:44:21,810 - comfyui_client - INFO -         ✅ 工作流创建成功，任务ID: 1960669714278219777
2025-08-27 19:44:21,810 - comfyui_client - INFO -         🔸 子步骤4: 等待工作流执行完成
2025-08-27 19:44:22,340 - comfyui_client - INFO -         🔸 子步骤4: 等待工作流执行完成 (已等待 0分0秒)
2025-08-27 19:46:25,065 - ImageCompositionWorkflow - INFO -         ✅ 文件保存成功: ./output/img/0827-hail-santa_白人-女-25-咖啡1_08-27-19-46.png
2025-08-27 19:46:25,348 - feishu_client - INFO - Token获取成功
2025-08-27 19:46:47,583 - feishu_client - INFO - 图片写入成功
2025-08-27 19:46:48,485 - feishu_client - INFO - 行 46 状态更新为: 已完成
2025-08-27 19:46:48,489 - WorkflowManager - INFO -      ✅ 第 46 行处理成功 | 产品: 0827-hail-santa | 提示词: 镜头平行缓移跟拍，模特自然走路，双手轻摆，清晰呈现 T 恤彩...
2025-08-27 19:46:48,489 - WorkflowManager - INFO - 📝 处理进度: 46/50 - 第 47 行 | 产品: 0827-fear is noithing | 提示词: 镜头平行缓移跟拍，模特自然走路，双手轻摆，清晰呈现 T 恤彩...
2025-08-27 19:46:51,976 - comfyui_client - INFO -         - 上传产品图片...
2025-08-27 19:46:52,479 - comfyui_client - INFO -         ✅ 产品图片上传成功
2025-08-27 19:46:52,479 - comfyui_client - INFO -         - 上传模特图片...
2025-08-27 19:46:55,266 - comfyui_client - INFO -         ✅ 模特图片上传成功
2025-08-27 19:46:55,266 - comfyui_client - INFO -         - 创建ComfyUI工作流...
2025-08-27 19:46:55,709 - comfyui_client - INFO -         ✅ 工作流创建成功，任务ID: 1960670359588667394
2025-08-27 19:46:55,709 - comfyui_client - INFO -         🔸 子步骤4: 等待工作流执行完成
2025-08-27 19:46:55,970 - comfyui_client - INFO -         🔸 子步骤4: 等待工作流执行完成 (已等待 0分0秒)
2025-08-27 19:48:56,081 - comfyui_client - ERROR - ❌ 任务执行失败
2025-08-27 19:48:56,084 - WorkflowManager - ERROR -      ❌ 第 47 行处理失败 | 产品: 0827-fear is noithing | 提示词: 镜头平行缓移跟拍，模特自然走路，双手轻摆，清晰呈现 T 恤彩... | 错误: 任务执行失败
2025-08-27 19:48:56,085 - WorkflowManager - INFO - 📝 处理进度: 47/50 - 第 48 行 | 产品: 0827-fear is noithing | 提示词: 镜头平行缓移跟拍，模特自然走路，双手轻摆，清晰呈现 T 恤彩...
2025-08-27 19:48:57,597 - comfyui_client - INFO -         - 上传产品图片...
2025-08-27 19:48:57,737 - comfyui_client - INFO -         ✅ 产品图片上传成功
2025-08-27 19:48:57,737 - comfyui_client - INFO -         - 上传模特图片...
2025-08-27 19:48:58,869 - comfyui_client - INFO -         ✅ 模特图片上传成功
2025-08-27 19:48:58,869 - comfyui_client - INFO -         - 创建ComfyUI工作流...
2025-08-27 19:48:59,033 - comfyui_client - INFO -         ✅ 工作流创建成功，任务ID: 1960670877450997761
2025-08-27 19:48:59,033 - comfyui_client - INFO -         🔸 子步骤4: 等待工作流执行完成
2025-08-27 19:48:59,166 - comfyui_client - INFO -         🔸 子步骤4: 等待工作流执行完成 (已等待 0分0秒)
2025-08-27 19:50:59,419 - comfyui_client - ERROR - ❌ 任务执行失败
2025-08-27 19:50:59,420 - WorkflowManager - ERROR -      ❌ 第 48 行处理失败 | 产品: 0827-fear is noithing | 提示词: 镜头平行缓移跟拍，模特自然走路，双手轻摆，清晰呈现 T 恤彩... | 错误: 任务执行失败
2025-08-27 19:50:59,420 - WorkflowManager - INFO - 📝 处理进度: 48/50 - 第 49 行 | 产品: 0827-fear is noithing | 提示词: 镜头平行缓移跟拍，模特自然走路，双手轻摆，清晰呈现 T 恤彩...
2025-08-27 19:51:00,844 - comfyui_client - INFO -         - 上传产品图片...
2025-08-27 19:51:01,148 - comfyui_client - INFO -         ✅ 产品图片上传成功
2025-08-27 19:51:01,148 - comfyui_client - INFO -         - 上传模特图片...
2025-08-27 19:51:02,837 - comfyui_client - INFO -         ✅ 模特图片上传成功
2025-08-27 19:51:02,837 - comfyui_client - INFO -         - 创建ComfyUI工作流...
2025-08-27 19:51:03,054 - comfyui_client - INFO -         ✅ 工作流创建成功，任务ID: 1960671397490163714
2025-08-27 19:51:03,054 - comfyui_client - INFO -         🔸 子步骤4: 等待工作流执行完成
2025-08-27 19:51:03,161 - comfyui_client - INFO -         🔸 子步骤4: 等待工作流执行完成 (已等待 0分0秒)
2025-08-27 19:53:03,329 - comfyui_client - ERROR - ❌ 任务执行失败
2025-08-27 19:53:03,331 - WorkflowManager - ERROR -      ❌ 第 49 行处理失败 | 产品: 0827-fear is noithing | 提示词: 镜头平行缓移跟拍，模特自然走路，双手轻摆，清晰呈现 T 恤彩... | 错误: 任务执行失败
2025-08-27 19:53:03,332 - WorkflowManager - INFO - 📝 处理进度: 49/50 - 第 50 行 | 产品: 0827-fear is noithing | 提示词: 镜头平行缓移跟拍，模特自然走路，双手轻摆，清晰呈现 T 恤彩...
2025-08-27 19:53:04,589 - comfyui_client - INFO -         - 上传产品图片...
2025-08-27 19:53:04,712 - comfyui_client - INFO -         ✅ 产品图片上传成功
2025-08-27 19:53:04,712 - comfyui_client - INFO -         - 上传模特图片...
2025-08-27 19:53:06,098 - comfyui_client - INFO -         ✅ 模特图片上传成功
2025-08-27 19:53:06,098 - comfyui_client - INFO -         - 创建ComfyUI工作流...
2025-08-27 19:53:06,276 - comfyui_client - INFO -         ✅ 工作流创建成功，任务ID: 1960671914450718722
2025-08-27 19:53:06,276 - comfyui_client - INFO -         🔸 子步骤4: 等待工作流执行完成
2025-08-27 19:53:06,427 - comfyui_client - INFO -         🔸 子步骤4: 等待工作流执行完成 (已等待 0分0秒)
2025-08-27 19:55:06,768 - comfyui_client - ERROR - ❌ 任务执行失败
2025-08-27 19:55:06,769 - WorkflowManager - ERROR -      ❌ 第 50 行处理失败 | 产品: 0827-fear is noithing | 提示词: 镜头平行缓移跟拍，模特自然走路，双手轻摆，清晰呈现 T 恤彩... | 错误: 任务执行失败
2025-08-27 19:55:06,769 - WorkflowManager - INFO - 📝 处理进度: 50/50 - 第 51 行 | 产品: 0827-fear is noithing | 提示词: 镜头平行缓移跟拍，模特自然走路，双手轻摆，清晰呈现 T 恤彩...
2025-08-27 19:55:08,984 - comfyui_client - INFO -         - 上传产品图片...
2025-08-27 19:55:09,599 - comfyui_client - INFO -         ✅ 产品图片上传成功
2025-08-27 19:55:09,599 - comfyui_client - INFO -         - 上传模特图片...
2025-08-27 19:55:12,073 - comfyui_client - INFO -         ✅ 模特图片上传成功
2025-08-27 19:55:12,073 - comfyui_client - INFO -         - 创建ComfyUI工作流...
2025-08-27 19:55:12,424 - comfyui_client - INFO -         ✅ 工作流创建成功，任务ID: 1960672443482476546
2025-08-27 19:55:12,424 - comfyui_client - INFO -         🔸 子步骤4: 等待工作流执行完成
2025-08-27 19:55:12,809 - comfyui_client - INFO -         🔸 子步骤4: 等待工作流执行完成 (已等待 0分0秒)
2025-08-27 19:57:13,142 - comfyui_client - ERROR - ❌ 任务执行失败
2025-08-27 19:57:13,144 - WorkflowManager - ERROR -      ❌ 第 51 行处理失败 | 产品: 0827-fear is noithing | 提示词: 镜头平行缓移跟拍，模特自然走路，双手轻摆，清晰呈现 T 恤彩... | 错误: 任务执行失败
2025-08-27 19:57:13,151 - __main__ - INFO - 
============================================================
📊 图片合成工作流 处理报告
============================================================
📈 处理统计:
   - 总行数: 50
   - 成功: 1
   - 失败: 5
   - 跳过: 44
   - 成功率: 90.0% (如果总行数 > 0)
   - 总耗时: 153.77 秒
   - 平均耗时: 3.08 秒/行

❌ 失败详情:
   - 第 47 行: 任务执行失败
   - 第 48 行: 任务执行失败
   - 第 49 行: 任务执行失败
   - 第 50 行: 任务执行失败
   - 第 51 行: 任务执行失败

⏭️ 跳过的行:
   - 第 2 行：跳过
   - 第 3 行：跳过
   - 第 4 行：跳过
   - 第 5 行：跳过
   - 第 6 行：跳过
   - 第 7 行：跳过
   - 第 8 行：跳过
   - 第 9 行：跳过
   - 第 10 行：跳过
   - 第 11 行：跳过
   - 第 12 行：跳过
   - 第 13 行：跳过
   - 第 14 行：跳过
   - 第 15 行：跳过
   - 第 16 行：跳过
   - 第 17 行：跳过
   - 第 18 行：跳过
   - 第 19 行：跳过
   - 第 20 行：跳过
   - 第 21 行：跳过
   - 第 22 行：跳过
   - 第 23 行：跳过
   - 第 24 行：跳过
   - 第 25 行：跳过
   - 第 26 行：跳过
   - 第 27 行：跳过
   - 第 28 行：跳过
   - 第 29 行：跳过
   - 第 30 行：跳过
   - 第 31 行：跳过
   - 第 32 行：跳过
   - 第 33 行：跳过
   - 第 34 行：跳过
   - 第 35 行：跳过
   - 第 36 行：跳过
   - 第 37 行：跳过
   - 第 38 行：跳过
   - 第 39 行：跳过
   - 第 40 行：跳过
   - 第 41 行：跳过
   - 第 42 行：跳过
   - 第 43 行：跳过
   - 第 44 行：跳过
   - 第 45 行：跳过

✅ 成功处理的行:
   - 第 46 行 (153.77s) - 1 个文件

============================================================

2025-08-27 19:57:13,152 - __main__ - INFO - 🎬 阶段2: 执行图生视频工作流
2025-08-27 19:57:13,951 - feishu_client - INFO - 列映射: {'product_image': 0, 'model_image': 1, 'prompt': 2, 'status': 3, 'composite_image': 4, 'product_name': 5, 'model_name': 7, 'video_status': 8}
2025-08-27 19:57:13,952 - feishu_client - INFO - 处理了 50 行有效数据
2025-08-27 19:57:13,954 - WorkflowManager - INFO - 🚀 开始执行 图生视频工作流
2025-08-27 19:57:13,954 - WorkflowManager - INFO - 📊 总共需要处理 50 行数据
2025-08-27 19:57:13,954 - WorkflowManager - INFO - 📝 处理进度: 1/50 - 第 2 行，跳过
2025-08-27 19:57:13,955 - WorkflowManager - INFO - 📝 处理进度: 2/50 - 第 3 行，跳过
2025-08-27 19:57:13,955 - WorkflowManager - INFO - 📝 处理进度: 3/50 - 第 4 行，跳过
2025-08-27 19:57:13,955 - WorkflowManager - INFO - 📝 处理进度: 4/50 - 第 5 行，跳过
2025-08-27 19:57:13,955 - WorkflowManager - INFO - 📝 处理进度: 5/50 - 第 6 行，跳过
2025-08-27 19:57:13,955 - WorkflowManager - INFO - 📝 处理进度: 6/50 - 第 7 行，跳过
2025-08-27 19:57:13,955 - WorkflowManager - INFO - 📝 处理进度: 7/50 - 第 8 行，跳过
2025-08-27 19:57:13,955 - WorkflowManager - INFO - 📝 处理进度: 8/50 - 第 9 行，跳过
2025-08-27 19:57:13,956 - WorkflowManager - INFO - 📝 处理进度: 9/50 - 第 10 行，跳过
2025-08-27 19:57:13,956 - WorkflowManager - INFO - 📝 处理进度: 10/50 - 第 11 行，跳过
2025-08-27 19:57:13,956 - WorkflowManager - INFO - 📝 处理进度: 11/50 - 第 12 行，跳过
2025-08-27 19:57:13,956 - WorkflowManager - INFO - 📝 处理进度: 12/50 - 第 13 行，跳过
2025-08-27 19:57:13,956 - WorkflowManager - INFO - 📝 处理进度: 13/50 - 第 14 行，跳过
2025-08-27 19:57:13,956 - WorkflowManager - INFO - 📝 处理进度: 14/50 - 第 15 行，跳过
2025-08-27 19:57:13,956 - WorkflowManager - INFO - 📝 处理进度: 15/50 - 第 16 行，跳过
2025-08-27 19:57:13,956 - WorkflowManager - INFO - 📝 处理进度: 16/50 - 第 17 行，跳过
2025-08-27 19:57:13,956 - WorkflowManager - INFO - 📝 处理进度: 17/50 - 第 18 行，跳过
2025-08-27 19:57:13,956 - WorkflowManager - INFO - 📝 处理进度: 18/50 - 第 19 行，跳过
2025-08-27 19:57:13,956 - WorkflowManager - INFO - 📝 处理进度: 19/50 - 第 20 行，跳过
2025-08-27 19:57:13,956 - WorkflowManager - INFO - 📝 处理进度: 20/50 - 第 21 行，跳过
2025-08-27 19:57:13,957 - WorkflowManager - INFO - 📝 处理进度: 21/50 - 第 22 行，跳过
2025-08-27 19:57:13,957 - WorkflowManager - INFO - 📝 处理进度: 22/50 - 第 23 行，跳过
2025-08-27 19:57:13,957 - WorkflowManager - INFO - 📝 处理进度: 23/50 - 第 24 行，跳过
2025-08-27 19:57:13,957 - WorkflowManager - INFO - 📝 处理进度: 24/50 - 第 25 行，跳过
2025-08-27 19:57:13,957 - WorkflowManager - INFO - 📝 处理进度: 25/50 - 第 26 行，跳过
2025-08-27 19:57:13,957 - WorkflowManager - INFO - 📝 处理进度: 26/50 - 第 27 行，跳过
2025-08-27 19:57:13,957 - WorkflowManager - INFO - 📝 处理进度: 27/50 - 第 28 行，跳过
2025-08-27 19:57:13,957 - WorkflowManager - INFO - 📝 处理进度: 28/50 - 第 29 行，跳过
2025-08-27 19:57:13,957 - WorkflowManager - INFO - 📝 处理进度: 29/50 - 第 30 行，跳过
2025-08-27 19:57:13,957 - WorkflowManager - INFO - 📝 处理进度: 30/50 - 第 31 行，跳过
2025-08-27 19:57:13,957 - WorkflowManager - INFO - 📝 处理进度: 31/50 - 第 32 行，跳过
2025-08-27 19:57:13,957 - WorkflowManager - INFO - 📝 处理进度: 32/50 - 第 33 行，跳过
2025-08-27 19:57:13,957 - WorkflowManager - INFO - 📝 处理进度: 33/50 - 第 34 行，跳过
2025-08-27 19:57:13,957 - WorkflowManager - INFO - 📝 处理进度: 34/50 - 第 35 行，跳过
2025-08-27 19:57:13,958 - WorkflowManager - INFO - 📝 处理进度: 35/50 - 第 36 行，跳过
2025-08-27 19:57:13,958 - WorkflowManager - INFO - 📝 处理进度: 36/50 - 第 37 行，跳过
2025-08-27 19:57:13,958 - WorkflowManager - INFO - 📝 处理进度: 37/50 - 第 38 行，跳过
2025-08-27 19:57:13,958 - WorkflowManager - INFO - 📝 处理进度: 38/50 - 第 39 行，跳过
2025-08-27 19:57:13,958 - WorkflowManager - INFO - 📝 处理进度: 39/50 - 第 40 行，跳过
2025-08-27 19:57:13,958 - WorkflowManager - INFO - 📝 处理进度: 40/50 - 第 41 行，跳过
2025-08-27 19:57:13,958 - WorkflowManager - INFO - 📝 处理进度: 41/50 - 第 42 行，跳过
2025-08-27 19:57:13,958 - WorkflowManager - INFO - 📝 处理进度: 42/50 - 第 43 行，跳过
2025-08-27 19:57:13,958 - WorkflowManager - INFO - 📝 处理进度: 43/50 - 第 44 行，跳过
2025-08-27 19:57:13,958 - WorkflowManager - INFO - 📝 处理进度: 44/50 - 第 45 行，跳过
2025-08-27 19:57:13,958 - WorkflowManager - INFO - 📝 处理进度: 45/50 - 第 46 行 | 产品: 0827-hail-santa | 提示词: 镜头平行缓移跟拍，模特自然走路，双手轻摆，清晰呈现 T 恤彩...
2025-08-27 19:57:13,958 - ImageToVideoWorkflow - INFO - 🎬 开始处理图生视频 - 第 46 行
2025-08-27 19:57:17,328 - comfyui_client - INFO - 开始上传图片用于视频生成...
2025-08-27 19:57:19,990 - comfyui_client - INFO - 图片上传成功: api/16b62044bfb6397920b2157be336a49be63a3395aa60b65bd6287db0af385e90.png
2025-08-27 19:57:19,991 - comfyui_client - INFO - 创建图生视频工作流...
2025-08-27 19:57:20,521 - comfyui_client - INFO - 图生视频工作流创建成功，任务ID: 1960672980814757890
2025-08-27 19:57:20,522 - comfyui_client - INFO - 等待5秒后开始检查任务状态
2025-08-27 19:57:25,523 - comfyui_client - INFO - 开始检查视频生成状态
2025-08-27 19:57:26,906 - comfyui_client - INFO -         🔸 子步骤4: 等待工作流执行完成 (已等待 0分0秒)
2025-08-27 19:57:57,297 - comfyui_client - INFO -         🔸 子步骤4: 等待工作流执行完成 (已等待 0分31秒)
2025-08-27 19:58:27,701 - comfyui_client - INFO -         🔸 子步骤4: 等待工作流执行完成 (已等待 1分1秒)
2025-08-27 19:58:58,055 - comfyui_client - INFO -         🔸 子步骤4: 等待工作流执行完成 (已等待 1分32秒)
2025-08-27 19:59:28,255 - comfyui_client - INFO -         🔸 子步骤4: 等待工作流执行完成 (已等待 2分2秒)
2025-08-27 19:59:58,615 - comfyui_client - INFO -         🔸 子步骤4: 等待工作流执行完成 (已等待 2分32秒)
2025-08-27 20:00:30,578 - ImageToVideoWorkflow - INFO -         ✅ 视频文件保存成功: output/video/0827-hail-santa_白人-女-25-咖啡1_20250827_200030.mp4
2025-08-27 20:00:31,558 - feishu_client - INFO - 视频状态更新成功到单元格: 35d2b7!I46:I46
2025-08-27 20:00:31,559 - WorkflowManager - INFO -      ✅ 第 46 行处理成功 | 产品: 0827-hail-santa | 提示词: 镜头平行缓移跟拍，模特自然走路，双手轻摆，清晰呈现 T 恤彩...
2025-08-27 20:00:31,559 - WorkflowManager - INFO - 📝 处理进度: 46/50 - 第 47 行，跳过
2025-08-27 20:00:31,559 - WorkflowManager - INFO - 📝 处理进度: 47/50 - 第 48 行，跳过
2025-08-27 20:00:31,560 - WorkflowManager - INFO - 📝 处理进度: 48/50 - 第 49 行，跳过
2025-08-27 20:00:31,560 - WorkflowManager - INFO - 📝 处理进度: 49/50 - 第 50 行，跳过
2025-08-27 20:00:31,560 - WorkflowManager - INFO - 📝 处理进度: 50/50 - 第 51 行，跳过
2025-08-27 20:00:31,560 - __main__ - INFO - 📋 步骤4: 生成处理报告
2025-08-27 20:00:31,560 - __main__ - INFO - 
============================================================
📊 完整工作流 (图片合成 + 图生视频) 处理报告
============================================================
📈 处理统计:
   - 总行数: 100
   - 成功: 2
   - 失败: 5
   - 跳过: 93
   - 成功率: 95.0% (如果总行数 > 0)
   - 总耗时: 351.37 秒
   - 平均耗时: 3.51 秒/行

❌ 失败详情:
   - 第 47 行: 任务执行失败
   - 第 48 行: 任务执行失败
   - 第 49 行: 任务执行失败
   - 第 50 行: 任务执行失败
   - 第 51 行: 任务执行失败

⏭️ 跳过的行:
   - 第 2 行：跳过
   - 第 3 行：跳过
   - 第 4 行：跳过
   - 第 5 行：跳过
   - 第 6 行：跳过
   - 第 7 行：跳过
   - 第 8 行：跳过
   - 第 9 行：跳过
   - 第 10 行：跳过
   - 第 11 行：跳过
   - 第 12 行：跳过
   - 第 13 行：跳过
   - 第 14 行：跳过
   - 第 15 行：跳过
   - 第 16 行：跳过
   - 第 17 行：跳过
   - 第 18 行：跳过
   - 第 19 行：跳过
   - 第 20 行：跳过
   - 第 21 行：跳过
   - 第 22 行：跳过
   - 第 23 行：跳过
   - 第 24 行：跳过
   - 第 25 行：跳过
   - 第 26 行：跳过
   - 第 27 行：跳过
   - 第 28 行：跳过
   - 第 29 行：跳过
   - 第 30 行：跳过
   - 第 31 行：跳过
   - 第 32 行：跳过
   - 第 33 行：跳过
   - 第 34 行：跳过
   - 第 35 行：跳过
   - 第 36 行：跳过
   - 第 37 行：跳过
   - 第 38 行：跳过
   - 第 39 行：跳过
   - 第 40 行：跳过
   - 第 41 行：跳过
   - 第 42 行：跳过
   - 第 43 行：跳过
   - 第 44 行：跳过
   - 第 45 行：跳过
   - 第 2 行：跳过
   - 第 3 行：跳过
   - 第 4 行：跳过
   - 第 5 行：跳过
   - 第 6 行：跳过
   - 第 7 行：跳过
   - 第 8 行：跳过
   - 第 9 行：跳过
   - 第 10 行：跳过
   - 第 11 行：跳过
   - 第 12 行：跳过
   - 第 13 行：跳过
   - 第 14 行：跳过
   - 第 15 行：跳过
   - 第 16 行：跳过
   - 第 17 行：跳过
   - 第 18 行：跳过
   - 第 19 行：跳过
   - 第 20 行：跳过
   - 第 21 行：跳过
   - 第 22 行：跳过
   - 第 23 行：跳过
   - 第 24 行：跳过
   - 第 25 行：跳过
   - 第 26 行：跳过
   - 第 27 行：跳过
   - 第 28 行：跳过
   - 第 29 行：跳过
   - 第 30 行：跳过
   - 第 31 行：跳过
   - 第 32 行：跳过
   - 第 33 行：跳过
   - 第 34 行：跳过
   - 第 35 行：跳过
   - 第 36 行：跳过
   - 第 37 行：跳过
   - 第 38 行：跳过
   - 第 39 行：跳过
   - 第 40 行：跳过
   - 第 41 行：跳过
   - 第 42 行：跳过
   - 第 43 行：跳过
   - 第 44 行：跳过
   - 第 45 行：跳过
   - 第 47 行：跳过
   - 第 48 行：跳过
   - 第 49 行：跳过
   - 第 50 行：跳过
   - 第 51 行：跳过

✅ 成功处理的行:
   - 第 46 行 (153.77s) - 1 个文件
   - 第 46 行 (197.60s) - 1 个文件

============================================================

2025-08-27 20:00:31,562 - __main__ - INFO - 处理报告已保存到: reports/report_20250827_200031.txt
2025-08-27 20:00:31,562 - __main__ - WARNING - 部分数据处理失败: 95/100
