2025-08-27 17:31:57,343 - __main__ - INFO - 日志文件: logs/workflow_20250827_173157.log
2025-08-27 17:31:57,343 - __main__ - INFO - === 开始执行飞书表格数据处理工作流 ===
2025-08-27 17:31:57,343 - __main__ - INFO - 🔧 步骤1: 初始化工作流管理器
2025-08-27 17:31:57,343 - __main__ - INFO - 📊 步骤2: 获取飞书表格数据
2025-08-27 17:31:57,343 - __main__ - INFO -    - 正在连接飞书API...
2025-08-27 17:31:57,702 - feishu_client - INFO - Token获取成功
2025-08-27 17:31:59,047 - feishu_client - INFO - 列映射: {'product_image': 0, 'model_image': 1, 'prompt': 2, 'status': 3, 'composite_image': 4, 'product_name': 5, 'model_name': 7, 'video_status': 8}
2025-08-27 17:31:59,051 - feishu_client - INFO - 处理了 44 行有效数据
2025-08-27 17:31:59,052 - __main__ - INFO -    ✅ 获取到 44 行数据
2025-08-27 17:31:59,053 - __main__ - INFO - 🚀 步骤3: 执行完整工作流 (图片合成 + 图生视频)
2025-08-27 17:31:59,053 - __main__ - INFO - 🎨 阶段1: 执行图片合成工作流
2025-08-27 17:31:59,053 - WorkflowManager - INFO - 🚀 开始执行 图片合成工作流
2025-08-27 17:31:59,053 - WorkflowManager - INFO - 📊 总共需要处理 44 行数据
2025-08-27 17:31:59,054 - WorkflowManager - INFO - 📝 处理进度: 1/44 - 第 2 行，跳过
2025-08-27 17:31:59,054 - WorkflowManager - INFO - 📝 处理进度: 2/44 - 第 3 行，跳过
2025-08-27 17:31:59,054 - WorkflowManager - INFO - 📝 处理进度: 3/44 - 第 4 行，跳过
2025-08-27 17:31:59,054 - WorkflowManager - INFO - 📝 处理进度: 4/44 - 第 5 行，跳过
2025-08-27 17:31:59,055 - WorkflowManager - INFO - 📝 处理进度: 5/44 - 第 6 行，跳过
2025-08-27 17:31:59,055 - WorkflowManager - INFO - 📝 处理进度: 6/44 - 第 7 行，跳过
2025-08-27 17:31:59,055 - WorkflowManager - INFO - 📝 处理进度: 7/44 - 第 8 行，跳过
2025-08-27 17:31:59,056 - WorkflowManager - INFO - 📝 处理进度: 8/44 - 第 9 行，跳过
2025-08-27 17:31:59,057 - WorkflowManager - INFO - 📝 处理进度: 9/44 - 第 10 行，跳过
2025-08-27 17:31:59,057 - WorkflowManager - INFO - 📝 处理进度: 10/44 - 第 11 行，跳过
2025-08-27 17:31:59,057 - WorkflowManager - INFO - 📝 处理进度: 11/44 - 第 12 行，跳过
2025-08-27 17:31:59,057 - WorkflowManager - INFO - 📝 处理进度: 12/44 - 第 13 行，跳过
2025-08-27 17:31:59,057 - WorkflowManager - INFO - 📝 处理进度: 13/44 - 第 14 行，跳过
2025-08-27 17:31:59,058 - WorkflowManager - INFO - 📝 处理进度: 14/44 - 第 15 行，跳过
2025-08-27 17:31:59,058 - WorkflowManager - INFO - 📝 处理进度: 15/44 - 第 16 行，跳过
2025-08-27 17:31:59,058 - WorkflowManager - INFO - 📝 处理进度: 16/44 - 第 17 行，跳过
2025-08-27 17:31:59,058 - WorkflowManager - INFO - 📝 处理进度: 17/44 - 第 18 行，跳过
2025-08-27 17:31:59,058 - WorkflowManager - INFO - 📝 处理进度: 18/44 - 第 19 行，跳过
2025-08-27 17:31:59,058 - WorkflowManager - INFO - 📝 处理进度: 19/44 - 第 20 行，跳过
2025-08-27 17:31:59,058 - WorkflowManager - INFO - 📝 处理进度: 20/44 - 第 21 行，跳过
2025-08-27 17:31:59,058 - WorkflowManager - INFO - 📝 处理进度: 21/44 - 第 22 行，跳过
2025-08-27 17:31:59,059 - WorkflowManager - INFO - 📝 处理进度: 22/44 - 第 23 行，跳过
2025-08-27 17:31:59,059 - WorkflowManager - INFO - 📝 处理进度: 23/44 - 第 24 行，跳过
2025-08-27 17:31:59,060 - WorkflowManager - INFO - 📝 处理进度: 24/44 - 第 25 行，跳过
2025-08-27 17:31:59,060 - WorkflowManager - INFO - 📝 处理进度: 25/44 - 第 26 行，跳过
2025-08-27 17:31:59,061 - WorkflowManager - INFO - 📝 处理进度: 26/44 - 第 27 行，跳过
2025-08-27 17:31:59,063 - WorkflowManager - INFO - 📝 处理进度: 27/44 - 第 28 行，跳过
2025-08-27 17:31:59,063 - WorkflowManager - INFO - 📝 处理进度: 28/44 - 第 29 行，跳过
2025-08-27 17:31:59,064 - WorkflowManager - INFO - 📝 处理进度: 29/44 - 第 30 行，跳过
2025-08-27 17:31:59,067 - WorkflowManager - INFO - 📝 处理进度: 30/44 - 第 31 行，跳过
2025-08-27 17:31:59,068 - WorkflowManager - INFO - 📝 处理进度: 31/44 - 第 32 行，跳过
2025-08-27 17:31:59,068 - WorkflowManager - INFO - 📝 处理进度: 32/44 - 第 33 行，跳过
2025-08-27 17:31:59,069 - WorkflowManager - INFO - 📝 处理进度: 33/44 - 第 34 行，跳过
2025-08-27 17:31:59,069 - WorkflowManager - INFO - 📝 处理进度: 34/44 - 第 35 行，跳过
2025-08-27 17:31:59,084 - WorkflowManager - INFO - 📝 处理进度: 35/44 - 第 36 行，跳过
2025-08-27 17:31:59,085 - WorkflowManager - INFO - 📝 处理进度: 36/44 - 第 37 行 | 产品: 0827-hail-santa | 提示词: 镜头平行缓移跟拍，模特自然走路，双手轻摆，清晰呈现 T 恤彩...
2025-08-27 17:31:59,296 - feishu_client - INFO - Token获取成功
2025-08-27 17:32:00,924 - comfyui_client - INFO -         - 上传产品图片...
2025-08-27 17:32:01,803 - comfyui_client - INFO -         ✅ 产品图片上传成功
2025-08-27 17:32:01,803 - comfyui_client - INFO -         - 上传模特图片...
2025-08-27 17:32:03,444 - comfyui_client - INFO -         ✅ 模特图片上传成功
2025-08-27 17:32:03,444 - comfyui_client - INFO -         - 创建ComfyUI工作流...
2025-08-27 17:32:03,702 - comfyui_client - INFO -         ✅ 工作流创建成功，任务ID: 1960636418609614850
2025-08-27 17:32:03,702 - comfyui_client - INFO -         🔸 子步骤4: 等待工作流执行完成
2025-08-27 17:32:04,039 - comfyui_client - INFO -         🔸 子步骤4: 等待工作流执行完成 (已等待 0分0秒)
2025-08-27 17:34:52,812 - ImageCompositionWorkflow - INFO -         ✅ 文件保存成功: ./output/img/0827-hail-santa_白人-女-31-金发上班族_08-27-17-34.png
2025-08-27 17:34:53,105 - feishu_client - INFO - Token获取成功
2025-08-27 17:35:14,387 - feishu_client - INFO - 图片写入成功
2025-08-27 17:35:15,815 - feishu_client - INFO - 行 37 状态更新为: 已完成
2025-08-27 17:35:15,818 - WorkflowManager - INFO -      ✅ 第 37 行处理成功 | 产品: 0827-hail-santa | 提示词: 镜头平行缓移跟拍，模特自然走路，双手轻摆，清晰呈现 T 恤彩...
2025-08-27 17:35:15,818 - WorkflowManager - INFO - 📝 处理进度: 37/44 - 第 38 行 | 产品: 0827-hail-santa | 提示词: 镜头平行缓移跟拍，模特自然走路，双手轻摆，清晰呈现 T 恤彩...
2025-08-27 17:35:19,110 - comfyui_client - INFO -         - 上传产品图片...
2025-08-27 17:35:19,735 - comfyui_client - INFO -         ✅ 产品图片上传成功
2025-08-27 17:35:19,735 - comfyui_client - INFO -         - 上传模特图片...
2025-08-27 17:35:23,297 - comfyui_client - INFO -         ✅ 模特图片上传成功
2025-08-27 17:35:23,297 - comfyui_client - INFO -         - 创建ComfyUI工作流...
2025-08-27 17:35:23,598 - comfyui_client - INFO -         ✅ 工作流创建成功，任务ID: 1960637256967094273
2025-08-27 17:35:23,599 - comfyui_client - INFO -         🔸 子步骤4: 等待工作流执行完成
2025-08-27 17:35:24,118 - comfyui_client - INFO -         🔸 子步骤4: 等待工作流执行完成 (已等待 0分0秒)
2025-08-27 17:37:29,138 - comfyui_client - ERROR - 检查任务状态异常: Cannot connect to host www.runninghub.cn:443 ssl:default [Connection reset by peer]
2025-08-27 17:37:44,152 - comfyui_client - ERROR - 检查任务状态异常: Cannot connect to host www.runninghub.cn:443 ssl:default [Connection reset by peer]
2025-08-27 17:38:08,941 - ImageCompositionWorkflow - INFO -         ✅ 文件保存成功: ./output/img/0827-hail-santa_latin-女-25-长发_08-27-17-38.png
2025-08-27 17:38:09,402 - feishu_client - INFO - Token获取成功
2025-08-27 17:38:20,090 - feishu_client - INFO - 图片写入成功
2025-08-27 17:38:21,046 - feishu_client - INFO - 行 38 状态更新为: 已完成
2025-08-27 17:38:21,048 - WorkflowManager - INFO -      ✅ 第 38 行处理成功 | 产品: 0827-hail-santa | 提示词: 镜头平行缓移跟拍，模特自然走路，双手轻摆，清晰呈现 T 恤彩...
2025-08-27 17:38:21,048 - WorkflowManager - INFO - 📝 处理进度: 38/44 - 第 39 行 | 产品: 0827-hail-santa | 提示词: 镜头平行缓移跟拍，模特自然走路，双手轻摆，清晰呈现 T 恤彩...
2025-08-27 17:38:23,277 - comfyui_client - INFO -         - 上传产品图片...
2025-08-27 17:38:23,872 - comfyui_client - INFO -         ✅ 产品图片上传成功
2025-08-27 17:38:23,872 - comfyui_client - INFO -         - 上传模特图片...
2025-08-27 17:38:27,255 - comfyui_client - INFO -         ✅ 模特图片上传成功
2025-08-27 17:38:27,255 - comfyui_client - INFO -         - 创建ComfyUI工作流...
2025-08-27 17:38:27,483 - comfyui_client - INFO -         ✅ 工作流创建成功，任务ID: 1960638028278628354
2025-08-27 17:38:27,484 - comfyui_client - INFO -         🔸 子步骤4: 等待工作流执行完成
2025-08-27 17:38:27,657 - comfyui_client - INFO -         🔸 子步骤4: 等待工作流执行完成 (已等待 0分0秒)
2025-08-27 17:40:31,123 - ImageCompositionWorkflow - INFO -         ✅ 文件保存成功: ./output/img/0827-hail-santa_latin-女-18-马尾长发_08-27-17-40.png
2025-08-27 17:40:31,541 - feishu_client - INFO - Token获取成功
2025-08-27 17:40:42,270 - feishu_client - INFO - 图片写入成功
2025-08-27 17:40:43,262 - feishu_client - INFO - 行 39 状态更新为: 已完成
2025-08-27 17:40:43,266 - WorkflowManager - INFO -      ✅ 第 39 行处理成功 | 产品: 0827-hail-santa | 提示词: 镜头平行缓移跟拍，模特自然走路，双手轻摆，清晰呈现 T 恤彩...
2025-08-27 17:40:43,266 - WorkflowManager - INFO - 📝 处理进度: 39/44 - 第 40 行 | 产品: 0827-hail-santa | 提示词: 镜头平行缓移跟拍，模特自然走路，双手轻摆，清晰呈现 T 恤彩...
2025-08-27 17:40:45,564 - comfyui_client - INFO -         - 上传产品图片...
2025-08-27 17:40:46,212 - comfyui_client - INFO -         ✅ 产品图片上传成功
2025-08-27 17:40:46,212 - comfyui_client - INFO -         - 上传模特图片...
2025-08-27 17:40:48,171 - comfyui_client - INFO -         ✅ 模特图片上传成功
2025-08-27 17:40:48,172 - comfyui_client - INFO -         - 创建ComfyUI工作流...
2025-08-27 17:40:48,406 - comfyui_client - INFO -         ✅ 工作流创建成功，任务ID: 1960638619415449602
2025-08-27 17:40:48,407 - comfyui_client - INFO -         🔸 子步骤4: 等待工作流执行完成
2025-08-27 17:40:48,672 - comfyui_client - INFO -         🔸 子步骤4: 等待工作流执行完成 (已等待 0分0秒)
2025-08-27 17:42:50,919 - ImageCompositionWorkflow - INFO -         ✅ 文件保存成功: ./output/img/0827-hail-santa_白人-女-18-金发校园1_08-27-17-42.png
2025-08-27 17:42:51,152 - feishu_client - INFO - Token获取成功
2025-08-27 17:43:06,393 - feishu_client - INFO - 图片写入成功
2025-08-27 17:43:07,342 - feishu_client - INFO - 行 40 状态更新为: 已完成
2025-08-27 17:43:07,344 - WorkflowManager - INFO -      ✅ 第 40 行处理成功 | 产品: 0827-hail-santa | 提示词: 镜头平行缓移跟拍，模特自然走路，双手轻摆，清晰呈现 T 恤彩...
2025-08-27 17:43:07,344 - WorkflowManager - INFO - 📝 处理进度: 40/44 - 第 41 行 | 产品: 0827-hail-santa | 提示词: 镜头平行缓移跟拍，模特自然走路，双手轻摆，清晰呈现 T 恤彩...
2025-08-27 17:43:09,558 - comfyui_client - INFO -         - 上传产品图片...
2025-08-27 17:43:09,989 - comfyui_client - INFO -         ✅ 产品图片上传成功
2025-08-27 17:43:09,989 - comfyui_client - INFO -         - 上传模特图片...
2025-08-27 17:43:12,411 - comfyui_client - INFO -         ✅ 模特图片上传成功
2025-08-27 17:43:12,411 - comfyui_client - INFO -         - 创建ComfyUI工作流...
2025-08-27 17:43:12,708 - comfyui_client - INFO -         ✅ 工作流创建成功，任务ID: 1960639224557043713
2025-08-27 17:43:12,708 - comfyui_client - INFO -         🔸 子步骤4: 等待工作流执行完成
2025-08-27 17:43:12,904 - comfyui_client - INFO -         🔸 子步骤4: 等待工作流执行完成 (已等待 0分0秒)
2025-08-27 17:45:13,128 - comfyui_client - INFO -         🔸 子步骤4: 等待工作流执行完成 (已等待 2分0秒)
2025-08-27 17:47:16,199 - ImageCompositionWorkflow - INFO -         ✅ 文件保存成功: ./output/img/0827-hail-santa_白人-女-18-金发校园2_08-27-17-47.png
2025-08-27 17:47:16,472 - feishu_client - INFO - Token获取成功
2025-08-27 17:47:31,119 - feishu_client - INFO - 图片写入成功
2025-08-27 17:47:32,417 - feishu_client - INFO - 行 41 状态更新为: 已完成
2025-08-27 17:47:32,423 - WorkflowManager - INFO -      ✅ 第 41 行处理成功 | 产品: 0827-hail-santa | 提示词: 镜头平行缓移跟拍，模特自然走路，双手轻摆，清晰呈现 T 恤彩...
2025-08-27 17:47:32,423 - WorkflowManager - INFO - 📝 处理进度: 41/44 - 第 42 行 | 产品: 0827-hail-santa | 提示词: 镜头平行缓移跟拍，模特自然走路，双手轻摆，清晰呈现 T 恤彩...
2025-08-27 17:47:35,677 - comfyui_client - INFO -         - 上传产品图片...
2025-08-27 17:47:36,090 - comfyui_client - INFO -         ✅ 产品图片上传成功
2025-08-27 17:47:36,090 - comfyui_client - INFO -         - 上传模特图片...
2025-08-27 17:47:39,209 - comfyui_client - INFO -         ✅ 模特图片上传成功
2025-08-27 17:47:39,209 - comfyui_client - INFO -         - 创建ComfyUI工作流...
2025-08-27 17:47:39,448 - comfyui_client - INFO -         ✅ 工作流创建成功，任务ID: 1960640343437971457
2025-08-27 17:47:39,448 - comfyui_client - INFO -         🔸 子步骤4: 等待工作流执行完成
2025-08-27 17:47:39,607 - comfyui_client - INFO -         🔸 子步骤4: 等待工作流执行完成 (已等待 0分0秒)
2025-08-27 17:49:39,890 - comfyui_client - INFO -         🔸 子步骤4: 等待工作流执行完成 (已等待 2分0秒)
2025-08-27 17:51:41,936 - ImageCompositionWorkflow - INFO -         ✅ 文件保存成功: ./output/img/0827-hail-santa_白人-女-18-金发校园3_08-27-17-51.png
2025-08-27 17:51:42,185 - feishu_client - INFO - Token获取成功
2025-08-27 17:51:53,893 - feishu_client - INFO - 图片写入成功
2025-08-27 17:51:54,740 - feishu_client - INFO - 行 42 状态更新为: 已完成
2025-08-27 17:51:54,743 - WorkflowManager - INFO -      ✅ 第 42 行处理成功 | 产品: 0827-hail-santa | 提示词: 镜头平行缓移跟拍，模特自然走路，双手轻摆，清晰呈现 T 恤彩...
2025-08-27 17:51:54,743 - WorkflowManager - INFO - 📝 处理进度: 42/44 - 第 43 行 | 产品: 0827-hail-santa | 提示词: 镜头平行缓移跟拍，模特自然走路，双手轻摆，清晰呈现 T 恤彩...
2025-08-27 17:51:58,367 - comfyui_client - INFO -         - 上传产品图片...
2025-08-27 17:51:58,792 - comfyui_client - INFO -         ✅ 产品图片上传成功
2025-08-27 17:51:58,792 - comfyui_client - INFO -         - 上传模特图片...
2025-08-27 17:52:02,174 - comfyui_client - INFO -         ✅ 模特图片上传成功
2025-08-27 17:52:02,174 - comfyui_client - INFO -         - 创建ComfyUI工作流...
2025-08-27 17:52:02,769 - comfyui_client - INFO -         ✅ 工作流创建成功，任务ID: 1960641447827574785
2025-08-27 17:52:02,769 - comfyui_client - INFO -         🔸 子步骤4: 等待工作流执行完成
2025-08-27 17:52:03,064 - comfyui_client - INFO -         🔸 子步骤4: 等待工作流执行完成 (已等待 0分0秒)
2025-08-27 17:54:05,059 - ImageCompositionWorkflow - INFO -         ✅ 文件保存成功: ./output/img/0827-hail-santa_拉丁裔-女-20-聚会1_08-27-17-54.png
2025-08-27 17:54:05,258 - feishu_client - INFO - Token获取成功
2025-08-27 17:54:30,118 - feishu_client - INFO - 图片写入成功
2025-08-27 17:54:31,400 - feishu_client - INFO - 行 43 状态更新为: 已完成
2025-08-27 17:54:31,411 - WorkflowManager - INFO -      ✅ 第 43 行处理成功 | 产品: 0827-hail-santa | 提示词: 镜头平行缓移跟拍，模特自然走路，双手轻摆，清晰呈现 T 恤彩...
2025-08-27 17:54:31,430 - WorkflowManager - INFO - 📝 处理进度: 43/44 - 第 44 行 | 产品: 0827-hail-santa | 提示词: 镜头平行缓移跟拍，模特自然走路，双手轻摆，清晰呈现 T 恤彩...
2025-08-27 17:54:35,429 - comfyui_client - INFO -         - 上传产品图片...
2025-08-27 17:54:35,955 - comfyui_client - INFO -         ✅ 产品图片上传成功
2025-08-27 17:54:35,956 - comfyui_client - INFO -         - 上传模特图片...
2025-08-27 17:54:39,047 - comfyui_client - INFO -         ✅ 模特图片上传成功
2025-08-27 17:54:39,047 - comfyui_client - INFO -         - 创建ComfyUI工作流...
2025-08-27 17:54:39,318 - comfyui_client - INFO -         ✅ 工作流创建成功，任务ID: 1960642104412307458
2025-08-27 17:54:39,319 - comfyui_client - INFO -         🔸 子步骤4: 等待工作流执行完成
2025-08-27 17:54:39,599 - comfyui_client - INFO -         🔸 子步骤4: 等待工作流执行完成 (已等待 0分0秒)
2025-08-27 17:56:41,915 - ImageCompositionWorkflow - INFO -         ✅ 文件保存成功: ./output/img/0827-hail-santa_拉丁裔-女-20-聚会2_08-27-17-56.png
2025-08-27 17:56:42,121 - feishu_client - INFO - Token获取成功
2025-08-27 17:56:54,175 - feishu_client - INFO - 图片写入成功
2025-08-27 17:56:55,089 - feishu_client - INFO - 行 44 状态更新为: 已完成
2025-08-27 17:56:55,091 - WorkflowManager - INFO -      ✅ 第 44 行处理成功 | 产品: 0827-hail-santa | 提示词: 镜头平行缓移跟拍，模特自然走路，双手轻摆，清晰呈现 T 恤彩...
2025-08-27 17:56:55,092 - WorkflowManager - INFO - 📝 处理进度: 44/44 - 第 45 行 | 产品: 0827-hail-santa | 提示词: 镜头平行缓移跟拍，模特自然走路，双手轻摆，清晰呈现 T 恤彩...
2025-08-27 17:56:57,457 - comfyui_client - INFO -         - 上传产品图片...
2025-08-27 17:56:57,958 - comfyui_client - INFO -         ✅ 产品图片上传成功
2025-08-27 17:56:57,958 - comfyui_client - INFO -         - 上传模特图片...
2025-08-27 17:57:00,628 - comfyui_client - INFO -         ✅ 模特图片上传成功
2025-08-27 17:57:00,628 - comfyui_client - INFO -         - 创建ComfyUI工作流...
2025-08-27 17:57:00,869 - comfyui_client - INFO -         ✅ 工作流创建成功，任务ID: 1960642698195734529
2025-08-27 17:57:00,869 - comfyui_client - INFO -         🔸 子步骤4: 等待工作流执行完成
2025-08-27 17:57:01,110 - comfyui_client - INFO -         🔸 子步骤4: 等待工作流执行完成 (已等待 0分0秒)
2025-08-27 17:59:01,447 - comfyui_client - INFO -         🔸 子步骤4: 等待工作流执行完成 (已等待 2分0秒)
2025-08-27 18:01:03,859 - ImageCompositionWorkflow - INFO -         ✅ 文件保存成功: ./output/img/0827-hail-santa_拉丁裔-女-20-聚会3_08-27-18-01.png
2025-08-27 18:01:04,118 - feishu_client - INFO - Token获取成功
2025-08-27 18:01:13,136 - feishu_client - INFO - 图片写入成功
2025-08-27 18:01:14,051 - feishu_client - INFO - 行 45 状态更新为: 已完成
2025-08-27 18:01:14,054 - WorkflowManager - INFO -      ✅ 第 45 行处理成功 | 产品: 0827-hail-santa | 提示词: 镜头平行缓移跟拍，模特自然走路，双手轻摆，清晰呈现 T 恤彩...
2025-08-27 18:01:14,062 - __main__ - INFO - 
============================================================
📊 图片合成工作流 处理报告
============================================================
📈 处理统计:
   - 总行数: 44
   - 成功: 9
   - 失败: 0
   - 跳过: 35
   - 成功率: 100.0% (如果总行数 > 0)
   - 总耗时: 1754.89 秒
   - 平均耗时: 39.88 秒/行

⏭️ 跳过的行:
   - 第 2 行：跳过
   - 第 3 行：跳过
   - 第 4 行：跳过
   - 第 5 行：跳过
   - 第 6 行：跳过
   - 第 7 行：跳过
   - 第 8 行：跳过
   - 第 9 行：跳过
   - 第 10 行：跳过
   - 第 11 行：跳过
   - 第 12 行：跳过
   - 第 13 行：跳过
   - 第 14 行：跳过
   - 第 15 行：跳过
   - 第 16 行：跳过
   - 第 17 行：跳过
   - 第 18 行：跳过
   - 第 19 行：跳过
   - 第 20 行：跳过
   - 第 21 行：跳过
   - 第 22 行：跳过
   - 第 23 行：跳过
   - 第 24 行：跳过
   - 第 25 行：跳过
   - 第 26 行：跳过
   - 第 27 行：跳过
   - 第 28 行：跳过
   - 第 29 行：跳过
   - 第 30 行：跳过
   - 第 31 行：跳过
   - 第 32 行：跳过
   - 第 33 行：跳过
   - 第 34 行：跳过
   - 第 35 行：跳过
   - 第 36 行：跳过

✅ 成功处理的行:
   - 第 37 行 (196.73s) - 1 个文件
   - 第 38 行 (185.22s) - 1 个文件
   - 第 39 行 (142.21s) - 1 个文件
   - 第 40 行 (144.07s) - 1 个文件
   - 第 41 行 (265.07s) - 1 个文件
   - 第 42 行 (262.31s) - 1 个文件
   - 第 43 行 (156.67s) - 1 个文件
   - 第 44 行 (143.66s) - 1 个文件
   - 第 45 行 (258.95s) - 1 个文件

============================================================

2025-08-27 18:01:14,074 - __main__ - INFO - 🎬 阶段2: 执行图生视频工作流
2025-08-27 18:01:15,572 - feishu_client - INFO - 列映射: {'product_image': 0, 'model_image': 1, 'prompt': 2, 'status': 3, 'composite_image': 4, 'product_name': 5, 'model_name': 7, 'video_status': 8}
2025-08-27 18:01:15,574 - feishu_client - INFO - 处理了 44 行有效数据
2025-08-27 18:01:15,576 - WorkflowManager - INFO - 🚀 开始执行 图生视频工作流
2025-08-27 18:01:15,576 - WorkflowManager - INFO - 📊 总共需要处理 44 行数据
2025-08-27 18:01:15,576 - WorkflowManager - INFO - 📝 处理进度: 1/44 - 第 2 行，跳过
2025-08-27 18:01:15,576 - WorkflowManager - INFO - 📝 处理进度: 2/44 - 第 3 行，跳过
2025-08-27 18:01:15,577 - WorkflowManager - INFO - 📝 处理进度: 3/44 - 第 4 行，跳过
2025-08-27 18:01:15,577 - WorkflowManager - INFO - 📝 处理进度: 4/44 - 第 5 行，跳过
2025-08-27 18:01:15,577 - WorkflowManager - INFO - 📝 处理进度: 5/44 - 第 6 行，跳过
2025-08-27 18:01:15,577 - WorkflowManager - INFO - 📝 处理进度: 6/44 - 第 7 行，跳过
2025-08-27 18:01:15,577 - WorkflowManager - INFO - 📝 处理进度: 7/44 - 第 8 行，跳过
2025-08-27 18:01:15,577 - WorkflowManager - INFO - 📝 处理进度: 8/44 - 第 9 行，跳过
2025-08-27 18:01:15,578 - WorkflowManager - INFO - 📝 处理进度: 9/44 - 第 10 行，跳过
2025-08-27 18:01:15,578 - WorkflowManager - INFO - 📝 处理进度: 10/44 - 第 11 行，跳过
2025-08-27 18:01:15,578 - WorkflowManager - INFO - 📝 处理进度: 11/44 - 第 12 行，跳过
2025-08-27 18:01:15,579 - WorkflowManager - INFO - 📝 处理进度: 12/44 - 第 13 行，跳过
2025-08-27 18:01:15,579 - WorkflowManager - INFO - 📝 处理进度: 13/44 - 第 14 行，跳过
2025-08-27 18:01:15,580 - WorkflowManager - INFO - 📝 处理进度: 14/44 - 第 15 行，跳过
2025-08-27 18:01:15,580 - WorkflowManager - INFO - 📝 处理进度: 15/44 - 第 16 行，跳过
2025-08-27 18:01:15,580 - WorkflowManager - INFO - 📝 处理进度: 16/44 - 第 17 行，跳过
2025-08-27 18:01:15,580 - WorkflowManager - INFO - 📝 处理进度: 17/44 - 第 18 行，跳过
2025-08-27 18:01:15,580 - WorkflowManager - INFO - 📝 处理进度: 18/44 - 第 19 行，跳过
2025-08-27 18:01:15,580 - WorkflowManager - INFO - 📝 处理进度: 19/44 - 第 20 行，跳过
2025-08-27 18:01:15,581 - WorkflowManager - INFO - 📝 处理进度: 20/44 - 第 21 行，跳过
2025-08-27 18:01:15,581 - WorkflowManager - INFO - 📝 处理进度: 21/44 - 第 22 行，跳过
2025-08-27 18:01:15,581 - WorkflowManager - INFO - 📝 处理进度: 22/44 - 第 23 行，跳过
2025-08-27 18:01:15,582 - WorkflowManager - INFO - 📝 处理进度: 23/44 - 第 24 行，跳过
2025-08-27 18:01:15,582 - WorkflowManager - INFO - 📝 处理进度: 24/44 - 第 25 行，跳过
2025-08-27 18:01:15,582 - WorkflowManager - INFO - 📝 处理进度: 25/44 - 第 26 行，跳过
2025-08-27 18:01:15,582 - WorkflowManager - INFO - 📝 处理进度: 26/44 - 第 27 行，跳过
2025-08-27 18:01:15,584 - WorkflowManager - INFO - 📝 处理进度: 27/44 - 第 28 行，跳过
2025-08-27 18:01:15,585 - WorkflowManager - INFO - 📝 处理进度: 28/44 - 第 29 行，跳过
2025-08-27 18:01:15,585 - WorkflowManager - INFO - 📝 处理进度: 29/44 - 第 30 行，跳过
2025-08-27 18:01:15,587 - WorkflowManager - INFO - 📝 处理进度: 30/44 - 第 31 行，跳过
2025-08-27 18:01:15,587 - WorkflowManager - INFO - 📝 处理进度: 31/44 - 第 32 行，跳过
2025-08-27 18:01:15,587 - WorkflowManager - INFO - 📝 处理进度: 32/44 - 第 33 行，跳过
2025-08-27 18:01:15,588 - WorkflowManager - INFO - 📝 处理进度: 33/44 - 第 34 行，跳过
2025-08-27 18:01:15,588 - WorkflowManager - INFO - 📝 处理进度: 34/44 - 第 35 行，跳过
2025-08-27 18:01:15,588 - WorkflowManager - INFO - 📝 处理进度: 35/44 - 第 36 行，跳过
2025-08-27 18:01:15,589 - WorkflowManager - INFO - 📝 处理进度: 36/44 - 第 37 行 | 产品: 0827-hail-santa | 提示词: 镜头平行缓移跟拍，模特自然走路，双手轻摆，清晰呈现 T 恤彩...
2025-08-27 18:01:15,589 - ImageToVideoWorkflow - INFO - 🎬 开始处理图生视频 - 第 37 行
2025-08-27 18:01:17,032 - comfyui_client - INFO - 开始上传图片用于视频生成...
2025-08-27 18:01:21,016 - comfyui_client - INFO - 图片上传成功: api/62003a2b2ceac3e656bd77a9d997c161732d12bbaf67e65ee2c5760b18f5af5c.png
2025-08-27 18:01:21,016 - comfyui_client - INFO - 创建图生视频工作流...
2025-08-27 18:01:21,234 - comfyui_client - INFO - 图生视频工作流创建成功，任务ID: 1960643790275051522
2025-08-27 18:01:21,236 - comfyui_client - INFO - 等待5秒后开始检查任务状态
2025-08-27 18:01:26,237 - comfyui_client - INFO - 开始检查视频生成状态
2025-08-27 18:01:26,449 - comfyui_client - INFO -         🔸 子步骤4: 等待工作流执行完成 (已等待 0分0秒)
2025-08-27 18:01:56,639 - comfyui_client - INFO -         🔸 子步骤4: 等待工作流执行完成 (已等待 0分30秒)
2025-08-27 18:02:26,910 - comfyui_client - INFO -         🔸 子步骤4: 等待工作流执行完成 (已等待 1分0秒)
2025-08-27 18:03:19,685 - comfyui_client - INFO -         🔸 子步骤4: 等待工作流执行完成 (已等待 1分30秒)
2025-08-27 18:03:50,130 - comfyui_client - INFO -         🔸 子步骤4: 等待工作流执行完成 (已等待 2分23秒)
2025-08-27 18:04:20,468 - comfyui_client - INFO -         🔸 子步骤4: 等待工作流执行完成 (已等待 2分53秒)
2025-08-27 18:04:50,742 - comfyui_client - INFO -         🔸 子步骤4: 等待工作流执行完成 (已等待 3分24秒)
2025-08-27 18:05:20,999 - comfyui_client - INFO -         🔸 子步骤4: 等待工作流执行完成 (已等待 3分54秒)
2025-08-27 18:05:52,628 - ImageToVideoWorkflow - INFO -         ✅ 视频文件保存成功: output/video/0827-hail-santa_白人-女-31-金发上班族_20250827_180552.mp4
2025-08-27 18:05:53,694 - feishu_client - INFO - 视频状态更新成功到单元格: 35d2b7!I37:I37
2025-08-27 18:05:53,696 - WorkflowManager - INFO -      ✅ 第 37 行处理成功 | 产品: 0827-hail-santa | 提示词: 镜头平行缓移跟拍，模特自然走路，双手轻摆，清晰呈现 T 恤彩...
2025-08-27 18:05:53,696 - WorkflowManager - INFO - 📝 处理进度: 37/44 - 第 38 行 | 产品: 0827-hail-santa | 提示词: 镜头平行缓移跟拍，模特自然走路，双手轻摆，清晰呈现 T 恤彩...
2025-08-27 18:05:53,696 - ImageToVideoWorkflow - INFO - 🎬 开始处理图生视频 - 第 38 行
2025-08-27 18:05:56,911 - comfyui_client - INFO - 开始上传图片用于视频生成...
2025-08-27 18:05:58,963 - comfyui_client - INFO - 图片上传成功: api/bf227f7c34ac08d0c974747fe581a67f7d37a9c7be88752169d52f42acc0883c.png
2025-08-27 18:05:58,964 - comfyui_client - INFO - 创建图生视频工作流...
2025-08-27 18:05:59,167 - comfyui_client - INFO - 图生视频工作流创建成功，任务ID: 1960644956014739457
2025-08-27 18:05:59,186 - comfyui_client - INFO - 等待5秒后开始检查任务状态
2025-08-27 18:06:04,187 - comfyui_client - INFO - 开始检查视频生成状态
2025-08-27 18:06:04,431 - comfyui_client - INFO -         🔸 子步骤4: 等待工作流执行完成 (已等待 0分0秒)
2025-08-27 18:06:34,666 - comfyui_client - INFO -         🔸 子步骤4: 等待工作流执行完成 (已等待 0分30秒)
2025-08-27 18:07:04,903 - comfyui_client - INFO -         🔸 子步骤4: 等待工作流执行完成 (已等待 1分0秒)
2025-08-27 18:07:35,357 - comfyui_client - INFO -         🔸 子步骤4: 等待工作流执行完成 (已等待 1分30秒)
2025-08-27 18:08:05,642 - comfyui_client - INFO -         🔸 子步骤4: 等待工作流执行完成 (已等待 2分1秒)
2025-08-27 18:08:35,926 - comfyui_client - INFO -         🔸 子步骤4: 等待工作流执行完成 (已等待 2分31秒)
2025-08-27 18:09:07,322 - ImageToVideoWorkflow - INFO -         ✅ 视频文件保存成功: output/video/0827-hail-santa_latin-女-25-长发_20250827_180907.mp4
2025-08-27 18:09:08,186 - feishu_client - INFO - 视频状态更新成功到单元格: 35d2b7!I38:I38
2025-08-27 18:09:08,187 - WorkflowManager - INFO -      ✅ 第 38 行处理成功 | 产品: 0827-hail-santa | 提示词: 镜头平行缓移跟拍，模特自然走路，双手轻摆，清晰呈现 T 恤彩...
2025-08-27 18:09:08,187 - WorkflowManager - INFO - 📝 处理进度: 38/44 - 第 39 行 | 产品: 0827-hail-santa | 提示词: 镜头平行缓移跟拍，模特自然走路，双手轻摆，清晰呈现 T 恤彩...
2025-08-27 18:09:08,187 - ImageToVideoWorkflow - INFO - 🎬 开始处理图生视频 - 第 39 行
2025-08-27 18:09:09,468 - comfyui_client - INFO - 开始上传图片用于视频生成...
2025-08-27 18:09:11,503 - comfyui_client - INFO - 图片上传成功: api/c189d3af1348a42deb6b89e24bedcb59259207a2fa0bd80455b254fe6edf53d0.png
2025-08-27 18:09:11,503 - comfyui_client - INFO - 创建图生视频工作流...
2025-08-27 18:09:11,839 - comfyui_client - INFO - 图生视频工作流创建成功，任务ID: 1960645763925770242
2025-08-27 18:09:11,841 - comfyui_client - INFO - 等待5秒后开始检查任务状态
2025-08-27 18:09:16,853 - comfyui_client - INFO - 开始检查视频生成状态
2025-08-27 18:09:17,230 - comfyui_client - INFO -         🔸 子步骤4: 等待工作流执行完成 (已等待 0分0秒)
2025-08-27 18:09:47,575 - comfyui_client - INFO -         🔸 子步骤4: 等待工作流执行完成 (已等待 0分30秒)
2025-08-27 18:10:17,847 - comfyui_client - INFO -         🔸 子步骤4: 等待工作流执行完成 (已等待 1分0秒)
2025-08-27 18:10:48,185 - comfyui_client - INFO -         🔸 子步骤4: 等待工作流执行完成 (已等待 1分30秒)
2025-08-27 18:11:20,224 - comfyui_client - INFO -         🔸 子步骤4: 等待工作流执行完成 (已等待 2分1秒)
2025-08-27 18:11:51,570 - ImageToVideoWorkflow - INFO -         ✅ 视频文件保存成功: output/video/0827-hail-santa_latin-女-18-马尾长发_20250827_181151.mp4
2025-08-27 18:11:52,424 - feishu_client - INFO - 视频状态更新成功到单元格: 35d2b7!I39:I39
2025-08-27 18:11:52,425 - WorkflowManager - INFO -      ✅ 第 39 行处理成功 | 产品: 0827-hail-santa | 提示词: 镜头平行缓移跟拍，模特自然走路，双手轻摆，清晰呈现 T 恤彩...
2025-08-27 18:11:52,425 - WorkflowManager - INFO - 📝 处理进度: 39/44 - 第 40 行 | 产品: 0827-hail-santa | 提示词: 镜头平行缓移跟拍，模特自然走路，双手轻摆，清晰呈现 T 恤彩...
2025-08-27 18:11:52,425 - ImageToVideoWorkflow - INFO - 🎬 开始处理图生视频 - 第 40 行
2025-08-27 18:11:54,017 - comfyui_client - INFO - 开始上传图片用于视频生成...
2025-08-27 18:11:55,989 - comfyui_client - INFO - 图片上传成功: api/5d5230dc377c0cf5aa985a36d9dbf9bfd17462bc391e668874cbdbc05703bec5.png
2025-08-27 18:11:55,989 - comfyui_client - INFO - 创建图生视频工作流...
2025-08-27 18:11:56,419 - comfyui_client - INFO - 图生视频工作流创建成功，任务ID: 1960646454324989953
2025-08-27 18:11:56,421 - comfyui_client - INFO - 等待5秒后开始检查任务状态
2025-08-27 18:12:01,422 - comfyui_client - INFO - 开始检查视频生成状态
2025-08-27 18:12:01,711 - comfyui_client - INFO -         🔸 子步骤4: 等待工作流执行完成 (已等待 0分0秒)
2025-08-27 18:12:31,937 - comfyui_client - INFO -         🔸 子步骤4: 等待工作流执行完成 (已等待 0分30秒)
2025-08-27 18:13:02,545 - comfyui_client - INFO -         🔸 子步骤4: 等待工作流执行完成 (已等待 1分0秒)
2025-08-27 18:13:33,813 - comfyui_client - INFO -         🔸 子步骤4: 等待工作流执行完成 (已等待 1分31秒)
2025-08-27 18:14:04,064 - comfyui_client - INFO -         🔸 子步骤4: 等待工作流执行完成 (已等待 2分2秒)
2025-08-27 18:14:34,412 - comfyui_client - INFO -         🔸 子步骤4: 等待工作流执行完成 (已等待 2分32秒)
2025-08-27 18:15:04,639 - comfyui_client - INFO -         🔸 子步骤4: 等待工作流执行完成 (已等待 3分2秒)
2025-08-27 18:15:34,867 - comfyui_client - INFO -         🔸 子步骤4: 等待工作流执行完成 (已等待 3分33秒)
2025-08-27 18:16:06,752 - ImageToVideoWorkflow - INFO -         ✅ 视频文件保存成功: output/video/0827-hail-santa_白人-女-18-金发校园1_20250827_181606.mp4
2025-08-27 18:16:07,698 - feishu_client - INFO - 视频状态更新成功到单元格: 35d2b7!I40:I40
2025-08-27 18:16:07,699 - WorkflowManager - INFO -      ✅ 第 40 行处理成功 | 产品: 0827-hail-santa | 提示词: 镜头平行缓移跟拍，模特自然走路，双手轻摆，清晰呈现 T 恤彩...
2025-08-27 18:16:07,699 - WorkflowManager - INFO - 📝 处理进度: 40/44 - 第 41 行 | 产品: 0827-hail-santa | 提示词: 镜头平行缓移跟拍，模特自然走路，双手轻摆，清晰呈现 T 恤彩...
2025-08-27 18:16:07,700 - ImageToVideoWorkflow - INFO - 🎬 开始处理图生视频 - 第 41 行
2025-08-27 18:16:09,098 - comfyui_client - INFO - 开始上传图片用于视频生成...
2025-08-27 18:16:12,607 - comfyui_client - INFO - 图片上传成功: api/059cf8e1ba8799873ee299649db7d9cd1442921148ccb47c77ecb3db4fc1cfb5.png
2025-08-27 18:16:12,607 - comfyui_client - INFO - 创建图生视频工作流...
2025-08-27 18:16:13,053 - comfyui_client - INFO - 图生视频工作流创建成功，任务ID: 1960647530663088129
2025-08-27 18:16:13,057 - comfyui_client - INFO - 等待5秒后开始检查任务状态
2025-08-27 18:16:18,060 - comfyui_client - INFO - 开始检查视频生成状态
2025-08-27 18:16:18,399 - comfyui_client - INFO -         🔸 子步骤4: 等待工作流执行完成 (已等待 0分0秒)
2025-08-27 18:16:48,595 - comfyui_client - INFO -         🔸 子步骤4: 等待工作流执行完成 (已等待 0分30秒)
2025-08-27 18:17:18,854 - comfyui_client - INFO -         🔸 子步骤4: 等待工作流执行完成 (已等待 1分0秒)
2025-08-27 18:17:50,090 - comfyui_client - INFO -         🔸 子步骤4: 等待工作流执行完成 (已等待 1分30秒)
2025-08-27 18:18:20,410 - comfyui_client - INFO -         🔸 子步骤4: 等待工作流执行完成 (已等待 2分2秒)
2025-08-27 18:18:50,928 - comfyui_client - INFO -         🔸 子步骤4: 等待工作流执行完成 (已等待 2分32秒)
2025-08-27 18:19:21,186 - comfyui_client - INFO -         🔸 子步骤4: 等待工作流执行完成 (已等待 3分2秒)
2025-08-27 18:19:51,795 - comfyui_client - INFO -         🔸 子步骤4: 等待工作流执行完成 (已等待 3分33秒)
2025-08-27 18:20:24,768 - ImageToVideoWorkflow - INFO -         ✅ 视频文件保存成功: output/video/0827-hail-santa_白人-女-18-金发校园2_20250827_182024.mp4
2025-08-27 18:20:26,405 - feishu_client - INFO - 视频状态更新成功到单元格: 35d2b7!I41:I41
2025-08-27 18:20:26,406 - WorkflowManager - INFO -      ✅ 第 41 行处理成功 | 产品: 0827-hail-santa | 提示词: 镜头平行缓移跟拍，模特自然走路，双手轻摆，清晰呈现 T 恤彩...
2025-08-27 18:20:26,406 - WorkflowManager - INFO - 📝 处理进度: 41/44 - 第 42 行 | 产品: 0827-hail-santa | 提示词: 镜头平行缓移跟拍，模特自然走路，双手轻摆，清晰呈现 T 恤彩...
2025-08-27 18:20:26,406 - ImageToVideoWorkflow - INFO - 🎬 开始处理图生视频 - 第 42 行
2025-08-27 18:20:29,745 - comfyui_client - INFO - 开始上传图片用于视频生成...
2025-08-27 18:20:33,545 - comfyui_client - INFO - 图片上传成功: api/90ab36f4ac6644dd7e25806d53ef597c2d9c714a5fb364e9fe09be12ec45968f.png
2025-08-27 18:20:33,545 - comfyui_client - INFO - 创建图生视频工作流...
2025-08-27 18:20:33,995 - comfyui_client - INFO - 图生视频工作流创建成功，任务ID: 1960648625397399554
2025-08-27 18:20:33,997 - comfyui_client - INFO - 等待5秒后开始检查任务状态
2025-08-27 18:20:38,998 - comfyui_client - INFO - 开始检查视频生成状态
2025-08-27 18:20:39,321 - comfyui_client - INFO -         🔸 子步骤4: 等待工作流执行完成 (已等待 0分0秒)
2025-08-27 18:21:09,464 - comfyui_client - INFO -         🔸 子步骤4: 等待工作流执行完成 (已等待 0分30秒)
2025-08-27 18:21:39,761 - comfyui_client - INFO -         🔸 子步骤4: 等待工作流执行完成 (已等待 1分0秒)
2025-08-27 18:22:09,898 - comfyui_client - INFO -         🔸 子步骤4: 等待工作流执行完成 (已等待 1分30秒)
2025-08-27 18:22:40,012 - comfyui_client - INFO -         🔸 子步骤4: 等待工作流执行完成 (已等待 2分0秒)
2025-08-27 18:23:10,504 - comfyui_client - INFO -         🔸 子步骤4: 等待工作流执行完成 (已等待 2分31秒)
2025-08-27 18:23:41,659 - comfyui_client - INFO -         🔸 子步骤4: 等待工作流执行完成 (已等待 3分1秒)
2025-08-27 18:24:11,942 - comfyui_client - INFO -         🔸 子步骤4: 等待工作流执行完成 (已等待 3分32秒)
2025-08-27 18:24:42,098 - comfyui_client - INFO -         🔸 子步骤4: 等待工作流执行完成 (已等待 4分2秒)
2025-08-27 18:25:12,576 - comfyui_client - INFO -         🔸 子步骤4: 等待工作流执行完成 (已等待 4分33秒)
2025-08-27 18:25:43,079 - comfyui_client - INFO -         🔸 子步骤4: 等待工作流执行完成 (已等待 5分3秒)
2025-08-27 18:26:13,230 - comfyui_client - INFO -         🔸 子步骤4: 等待工作流执行完成 (已等待 5分34秒)
2025-08-27 18:26:43,354 - comfyui_client - INFO -         🔸 子步骤4: 等待工作流执行完成 (已等待 6分4秒)
2025-08-27 18:27:13,497 - comfyui_client - INFO -         🔸 子步骤4: 等待工作流执行完成 (已等待 6分34秒)
2025-08-27 18:27:43,691 - comfyui_client - INFO -         🔸 子步骤4: 等待工作流执行完成 (已等待 7分4秒)
2025-08-27 18:28:13,826 - comfyui_client - INFO -         🔸 子步骤4: 等待工作流执行完成 (已等待 7分34秒)
2025-08-27 18:28:43,942 - comfyui_client - INFO -         🔸 子步骤4: 等待工作流执行完成 (已等待 8分4秒)
2025-08-27 18:29:14,048 - comfyui_client - INFO -         🔸 子步骤4: 等待工作流执行完成 (已等待 8分34秒)
2025-08-27 18:29:44,183 - comfyui_client - INFO -         🔸 子步骤4: 等待工作流执行完成 (已等待 9分5秒)
2025-08-27 18:30:15,433 - ImageToVideoWorkflow - INFO -         ✅ 视频文件保存成功: output/video/0827-hail-santa_白人-女-18-金发校园3_20250827_183015.mp4
2025-08-27 18:30:16,314 - feishu_client - INFO - 视频状态更新成功到单元格: 35d2b7!I42:I42
2025-08-27 18:30:16,316 - WorkflowManager - INFO -      ✅ 第 42 行处理成功 | 产品: 0827-hail-santa | 提示词: 镜头平行缓移跟拍，模特自然走路，双手轻摆，清晰呈现 T 恤彩...
2025-08-27 18:30:16,316 - WorkflowManager - INFO - 📝 处理进度: 42/44 - 第 43 行 | 产品: 0827-hail-santa | 提示词: 镜头平行缓移跟拍，模特自然走路，双手轻摆，清晰呈现 T 恤彩...
2025-08-27 18:30:16,316 - ImageToVideoWorkflow - INFO - 🎬 开始处理图生视频 - 第 43 行
2025-08-27 18:30:17,523 - comfyui_client - INFO - 开始上传图片用于视频生成...
2025-08-27 18:30:19,412 - comfyui_client - INFO - 图片上传成功: api/1e6eea5687af1b4862f603e46c5eb5eb7532cf06015f03f49042fef0be725a89.png
2025-08-27 18:30:19,412 - comfyui_client - INFO - 创建图生视频工作流...
2025-08-27 18:30:19,666 - comfyui_client - INFO - 图生视频工作流创建成功，任务ID: 1960651081695072257
2025-08-27 18:30:19,667 - comfyui_client - INFO - 等待5秒后开始检查任务状态
2025-08-27 18:30:24,669 - comfyui_client - INFO - 开始检查视频生成状态
2025-08-27 18:30:24,895 - comfyui_client - INFO -         🔸 子步骤4: 等待工作流执行完成 (已等待 0分0秒)
2025-08-27 18:30:55,108 - comfyui_client - INFO -         🔸 子步骤4: 等待工作流执行完成 (已等待 0分30秒)
2025-08-27 18:31:25,457 - comfyui_client - INFO -         🔸 子步骤4: 等待工作流执行完成 (已等待 1分0秒)
2025-08-27 18:31:55,730 - comfyui_client - INFO -         🔸 子步骤4: 等待工作流执行完成 (已等待 1分30秒)
2025-08-27 18:32:25,915 - comfyui_client - INFO -         🔸 子步骤4: 等待工作流执行完成 (已等待 2分1秒)
2025-08-27 18:32:57,504 - ImageToVideoWorkflow - INFO -         ✅ 视频文件保存成功: output/video/0827-hail-santa_拉丁裔-女-20-聚会1_20250827_183257.mp4
2025-08-27 18:32:59,139 - feishu_client - INFO - 视频状态更新成功到单元格: 35d2b7!I43:I43
2025-08-27 18:32:59,141 - WorkflowManager - INFO -      ✅ 第 43 行处理成功 | 产品: 0827-hail-santa | 提示词: 镜头平行缓移跟拍，模特自然走路，双手轻摆，清晰呈现 T 恤彩...
2025-08-27 18:32:59,141 - WorkflowManager - INFO - 📝 处理进度: 43/44 - 第 44 行 | 产品: 0827-hail-santa | 提示词: 镜头平行缓移跟拍，模特自然走路，双手轻摆，清晰呈现 T 恤彩...
2025-08-27 18:32:59,142 - ImageToVideoWorkflow - INFO - 🎬 开始处理图生视频 - 第 44 行
2025-08-27 18:33:00,489 - comfyui_client - INFO - 开始上传图片用于视频生成...
2025-08-27 18:33:03,663 - comfyui_client - INFO - 图片上传成功: api/d11f892fa519874ac508508f5c105ae4cfcc9edce4b31da83ac4146a14e9d53c.png
2025-08-27 18:33:03,663 - comfyui_client - INFO - 创建图生视频工作流...
2025-08-27 18:33:03,919 - comfyui_client - INFO - 图生视频工作流创建成功，任务ID: 1960651770622087169
2025-08-27 18:33:03,924 - comfyui_client - INFO - 等待5秒后开始检查任务状态
2025-08-27 18:33:08,927 - comfyui_client - INFO - 开始检查视频生成状态
2025-08-27 18:33:09,195 - comfyui_client - INFO -         🔸 子步骤4: 等待工作流执行完成 (已等待 0分0秒)
2025-08-27 18:33:39,401 - comfyui_client - INFO -         🔸 子步骤4: 等待工作流执行完成 (已等待 0分30秒)
2025-08-27 18:34:09,939 - comfyui_client - INFO -         🔸 子步骤4: 等待工作流执行完成 (已等待 1分0秒)
2025-08-27 18:34:40,146 - comfyui_client - INFO -         🔸 子步骤4: 等待工作流执行完成 (已等待 1分31秒)
2025-08-27 18:35:12,570 - ImageToVideoWorkflow - INFO -         ✅ 视频文件保存成功: output/video/0827-hail-santa_拉丁裔-女-20-聚会2_20250827_183512.mp4
2025-08-27 18:35:13,551 - feishu_client - INFO - 视频状态更新成功到单元格: 35d2b7!I44:I44
2025-08-27 18:35:13,553 - WorkflowManager - INFO -      ✅ 第 44 行处理成功 | 产品: 0827-hail-santa | 提示词: 镜头平行缓移跟拍，模特自然走路，双手轻摆，清晰呈现 T 恤彩...
2025-08-27 18:35:13,553 - WorkflowManager - INFO - 📝 处理进度: 44/44 - 第 45 行 | 产品: 0827-hail-santa | 提示词: 镜头平行缓移跟拍，模特自然走路，双手轻摆，清晰呈现 T 恤彩...
2025-08-27 18:35:13,553 - ImageToVideoWorkflow - INFO - 🎬 开始处理图生视频 - 第 45 行
2025-08-27 18:35:15,413 - comfyui_client - INFO - 开始上传图片用于视频生成...
2025-08-27 18:35:17,433 - comfyui_client - INFO - 图片上传成功: api/41933f2735b77ad3865b70073c2d73d2b5983550726016e5b6ce2f26f64e99c8.png
2025-08-27 18:35:17,433 - comfyui_client - INFO - 创建图生视频工作流...
2025-08-27 18:35:17,752 - comfyui_client - INFO - 图生视频工作流创建成功，任务ID: 1960652331970953217
2025-08-27 18:35:17,768 - comfyui_client - INFO - 等待5秒后开始检查任务状态
2025-08-27 18:35:22,772 - comfyui_client - INFO - 开始检查视频生成状态
2025-08-27 18:35:23,072 - comfyui_client - INFO -         🔸 子步骤4: 等待工作流执行完成 (已等待 0分0秒)
2025-08-27 18:35:53,466 - comfyui_client - INFO -         🔸 子步骤4: 等待工作流执行完成 (已等待 0分30秒)
2025-08-27 18:36:23,782 - comfyui_client - INFO -         🔸 子步骤4: 等待工作流执行完成 (已等待 1分0秒)
2025-08-27 18:36:54,099 - comfyui_client - INFO -         🔸 子步骤4: 等待工作流执行完成 (已等待 1分31秒)
2025-08-27 18:37:24,400 - comfyui_client - INFO -         🔸 子步骤4: 等待工作流执行完成 (已等待 2分1秒)
2025-08-27 18:37:56,056 - ImageToVideoWorkflow - INFO -         ✅ 视频文件保存成功: output/video/0827-hail-santa_拉丁裔-女-20-聚会3_20250827_183756.mp4
2025-08-27 18:37:57,204 - feishu_client - INFO - 视频状态更新成功到单元格: 35d2b7!I45:I45
2025-08-27 18:37:57,204 - WorkflowManager - INFO -      ✅ 第 45 行处理成功 | 产品: 0827-hail-santa | 提示词: 镜头平行缓移跟拍，模特自然走路，双手轻摆，清晰呈现 T 恤彩...
2025-08-27 18:37:57,205 - __main__ - INFO - 📋 步骤4: 生成处理报告
2025-08-27 18:37:57,205 - __main__ - INFO - 
============================================================
📊 完整工作流 (图片合成 + 图生视频) 处理报告
============================================================
📈 处理统计:
   - 总行数: 88
   - 成功: 18
   - 失败: 0
   - 跳过: 70
   - 成功率: 100.0% (如果总行数 > 0)
   - 总耗时: 3956.44 秒
   - 平均耗时: 44.96 秒/行

⏭️ 跳过的行:
   - 第 2 行：跳过
   - 第 3 行：跳过
   - 第 4 行：跳过
   - 第 5 行：跳过
   - 第 6 行：跳过
   - 第 7 行：跳过
   - 第 8 行：跳过
   - 第 9 行：跳过
   - 第 10 行：跳过
   - 第 11 行：跳过
   - 第 12 行：跳过
   - 第 13 行：跳过
   - 第 14 行：跳过
   - 第 15 行：跳过
   - 第 16 行：跳过
   - 第 17 行：跳过
   - 第 18 行：跳过
   - 第 19 行：跳过
   - 第 20 行：跳过
   - 第 21 行：跳过
   - 第 22 行：跳过
   - 第 23 行：跳过
   - 第 24 行：跳过
   - 第 25 行：跳过
   - 第 26 行：跳过
   - 第 27 行：跳过
   - 第 28 行：跳过
   - 第 29 行：跳过
   - 第 30 行：跳过
   - 第 31 行：跳过
   - 第 32 行：跳过
   - 第 33 行：跳过
   - 第 34 行：跳过
   - 第 35 行：跳过
   - 第 36 行：跳过
   - 第 2 行：跳过
   - 第 3 行：跳过
   - 第 4 行：跳过
   - 第 5 行：跳过
   - 第 6 行：跳过
   - 第 7 行：跳过
   - 第 8 行：跳过
   - 第 9 行：跳过
   - 第 10 行：跳过
   - 第 11 行：跳过
   - 第 12 行：跳过
   - 第 13 行：跳过
   - 第 14 行：跳过
   - 第 15 行：跳过
   - 第 16 行：跳过
   - 第 17 行：跳过
   - 第 18 行：跳过
   - 第 19 行：跳过
   - 第 20 行：跳过
   - 第 21 行：跳过
   - 第 22 行：跳过
   - 第 23 行：跳过
   - 第 24 行：跳过
   - 第 25 行：跳过
   - 第 26 行：跳过
   - 第 27 行：跳过
   - 第 28 行：跳过
   - 第 29 行：跳过
   - 第 30 行：跳过
   - 第 31 行：跳过
   - 第 32 行：跳过
   - 第 33 行：跳过
   - 第 34 行：跳过
   - 第 35 行：跳过
   - 第 36 行：跳过

✅ 成功处理的行:
   - 第 37 行 (196.73s) - 1 个文件
   - 第 38 行 (185.22s) - 1 个文件
   - 第 39 行 (142.21s) - 1 个文件
   - 第 40 行 (144.07s) - 1 个文件
   - 第 41 行 (265.07s) - 1 个文件
   - 第 42 行 (262.31s) - 1 个文件
   - 第 43 行 (156.67s) - 1 个文件
   - 第 44 行 (143.66s) - 1 个文件
   - 第 45 行 (258.95s) - 1 个文件
   - 第 37 行 (278.10s) - 1 个文件
   - 第 38 行 (194.49s) - 1 个文件
   - 第 39 行 (164.23s) - 1 个文件
   - 第 40 行 (255.27s) - 1 个文件
   - 第 41 行 (258.70s) - 1 个文件
   - 第 42 行 (589.89s) - 1 个文件
   - 第 43 行 (162.82s) - 1 个文件
   - 第 44 行 (134.41s) - 1 个文件
   - 第 45 行 (163.65s) - 1 个文件

============================================================

2025-08-27 18:37:57,207 - __main__ - INFO - 处理报告已保存到: reports/report_20250827_183757.txt
2025-08-27 18:37:57,207 - __main__ - INFO - 所有数据处理成功
