2025-08-26 18:43:13,056 - __main__ - INFO - 日志文件: logs/workflow_20250826_184313.log
2025-08-26 18:43:13,057 - __main__ - INFO - === 开始执行飞书表格数据处理工作流 ===
2025-08-26 18:43:13,057 - __main__ - INFO - 🔧 步骤1: 初始化工作流管理器
2025-08-26 18:43:13,057 - __main__ - INFO -    ✅ 工作流管理器初始化完成 - 模式: 图生视频工作流
2025-08-26 18:43:13,057 - __main__ - INFO - 📊 步骤2: 获取飞书表格数据
2025-08-26 18:43:13,057 - __main__ - INFO -    - 正在连接飞书API...
2025-08-26 18:43:13,057 - feishu_client - INFO -            📋 获取工作表信息...
2025-08-26 18:43:13,286 - feishu_client - INFO - Token获取成功
2025-08-26 18:43:13,645 - feishu_client - INFO - 找到目标工作表: prd_model_sheet
2025-08-26 18:43:13,646 - feishu_client - INFO -            ✅ 工作表信息获取成功: prd_model_sheet
2025-08-26 18:43:13,646 - feishu_client - INFO -            🔗 构建数据请求...
2025-08-26 18:43:13,646 - feishu_client - INFO -            - 请求范围: A2:I1000
2025-08-26 18:43:13,646 - feishu_client - INFO -            🌐 发送API请求...
2025-08-26 18:43:14,015 - feishu_client - INFO -            ✅ API请求成功 (状态码: 0)
2025-08-26 18:43:14,015 - feishu_client - INFO -            📊 解析响应数据...
2025-08-26 18:43:14,015 - feishu_client - INFO -            - 原始数据行数: 999
2025-08-26 18:43:14,015 - feishu_client - INFO -            🔍 解析表格数据...
2025-08-26 18:43:14,016 - feishu_client - INFO - 使用默认列索引映射
2025-08-26 18:43:14,016 - feishu_client - INFO - 列映射: {'product_image': 0, 'model_image': 1, 'prompt': 2, 'status': 3, 'composite_image': 4, 'product_name': 5, 'model_name': 7, 'video_status': 8}
2025-08-26 18:43:14,016 - feishu_client - INFO - 解析行 1: 原始数据长度=9, product_name_idx=5
2025-08-26 18:43:14,016 - feishu_client - INFO - F列原始数据: '0826-Abvela'
2025-08-26 18:43:14,016 - feishu_client - INFO - 解析后的产品名: '0826-Abvela'
2025-08-26 18:43:14,016 - feishu_client - INFO - 解析行 2: 原始数据长度=9, product_name_idx=5
2025-08-26 18:43:14,017 - feishu_client - INFO - F列原始数据: '0826-freaks'
2025-08-26 18:43:14,017 - feishu_client - INFO - 解析后的产品名: '0826-freaks'
2025-08-26 18:43:14,017 - feishu_client - INFO - 解析行 3: 原始数据长度=9, product_name_idx=5
2025-08-26 18:43:14,017 - feishu_client - INFO - F列原始数据: '0826-beautifully broken'
2025-08-26 18:43:14,017 - feishu_client - INFO - 解析后的产品名: '0826-beautifully broken'
2025-08-26 18:43:14,017 - feishu_client - INFO - 解析行 4: 原始数据长度=9, product_name_idx=5
2025-08-26 18:43:14,017 - feishu_client - INFO - F列原始数据: '0826-HIPPIE SOUL'
2025-08-26 18:43:14,017 - feishu_client - INFO - 解析后的产品名: '0826-HIPPIE SOUL'
2025-08-26 18:43:14,017 - feishu_client - INFO - 解析行 5: 原始数据长度=9, product_name_idx=5
2025-08-26 18:43:14,018 - feishu_client - INFO - F列原始数据: '0826-life is better'
2025-08-26 18:43:14,018 - feishu_client - INFO - 解析后的产品名: '0826-life is better'
2025-08-26 18:43:14,018 - feishu_client - INFO - 解析行 6: 原始数据长度=9, product_name_idx=5
2025-08-26 18:43:14,018 - feishu_client - INFO - F列原始数据: '0826-Abvela'
2025-08-26 18:43:14,018 - feishu_client - INFO - 解析后的产品名: '0826-Abvela'
2025-08-26 18:43:14,018 - feishu_client - INFO - 解析行 7: 原始数据长度=9, product_name_idx=5
2025-08-26 18:43:14,018 - feishu_client - INFO - F列原始数据: '0826-freaks'
2025-08-26 18:43:14,018 - feishu_client - INFO - 解析后的产品名: '0826-freaks'
2025-08-26 18:43:14,019 - feishu_client - INFO - 解析行 8: 原始数据长度=9, product_name_idx=5
2025-08-26 18:43:14,019 - feishu_client - INFO - F列原始数据: '0826-beautifully broken'
2025-08-26 18:43:14,019 - feishu_client - INFO - 解析后的产品名: '0826-beautifully broken'
2025-08-26 18:43:14,019 - feishu_client - INFO - 解析行 9: 原始数据长度=9, product_name_idx=5
2025-08-26 18:43:14,019 - feishu_client - INFO - F列原始数据: '0826-HIPPIE SOUL'
2025-08-26 18:43:14,019 - feishu_client - INFO - 解析后的产品名: '0826-HIPPIE SOUL'
2025-08-26 18:43:14,019 - feishu_client - INFO - 解析行 10: 原始数据长度=9, product_name_idx=5
2025-08-26 18:43:14,019 - feishu_client - INFO - F列原始数据: '0826-life is better'
2025-08-26 18:43:14,019 - feishu_client - INFO - 解析后的产品名: '0826-life is better'
2025-08-26 18:43:14,021 - feishu_client - INFO - 处理了 10 行有效数据
2025-08-26 18:43:14,021 - feishu_client - INFO -            ✅ 数据解析完成
2025-08-26 18:43:14,021 - feishu_client - INFO -            - 有效数据行数: 10
2025-08-26 18:43:14,022 - __main__ - INFO -    ✅ 获取到 10 行数据
2025-08-26 18:43:14,022 - __main__ - INFO - 🚀 步骤3: 执行 图生视频工作流
2025-08-26 18:43:14,022 - WorkflowManager - INFO - 🚀 开始执行 图生视频工作流
2025-08-26 18:43:14,022 - WorkflowManager - INFO - 📊 总共需要处理 10 行数据
2025-08-26 18:43:14,022 - WorkflowManager - INFO - 📝 处理进度: 1/10 - 第 2 行 | 产品: 0826-Abvela | 提示词: 镜头平行缓移跟拍，模特自然走路，双手轻摆，路过镜头时抬手比小...
2025-08-26 18:43:14,023 - ImageToVideoWorkflow - INFO -       🔍 第 2 行判断条件:
2025-08-26 18:43:14,023 - ImageToVideoWorkflow - INFO -          - video_workflow_enabled: True
2025-08-26 18:43:14,023 - ImageToVideoWorkflow - INFO -          - video_status: '否'
2025-08-26 18:43:14,023 - ImageToVideoWorkflow - INFO -          - composite_image: {'type': 'embed-image', 'fileToken': 'DIwqbFt9eoIXuXxNMkocq57Qn9d'}
2025-08-26 18:43:14,023 - ImageToVideoWorkflow - INFO -          - has_composite_image: DIwqbFt9eoIXuXxNMkocq57Qn9d
2025-08-26 18:43:14,023 - ImageToVideoWorkflow - INFO -          - 最终判断结果: DIwqbFt9eoIXuXxNMkocq57Qn9d
2025-08-26 18:43:14,023 - ImageToVideoWorkflow - INFO -      🎬 开始处理图生视频 - 第 2 行
2025-08-26 18:43:14,220 - feishu_client - INFO - Token获取成功
2025-08-26 18:43:15,272 - ImageToVideoWorkflow - INFO -         🔄 执行ComfyUI图生视频工作流
2025-08-26 18:43:15,272 - comfyui_client - INFO - 开始上传图片用于视频生成...
2025-08-26 18:43:17,417 - comfyui_client - INFO - 图片上传成功: api/b51def3fa8e0f6170856f12166514693038cd4e25cd2b1fde99fc7deeb40f34d.png
2025-08-26 18:43:17,419 - comfyui_client - INFO - 图片上传成功: api/b51def3fa8e0f6170856f12166514693038cd4e25cd2b1fde99fc7deeb40f34d.png
2025-08-26 18:43:17,419 - comfyui_client - INFO - 创建图生视频工作流...
2025-08-26 18:43:17,708 - comfyui_client - INFO - 图生视频工作流创建成功，任务ID: 1960291957329244161
2025-08-26 18:43:17,711 - comfyui_client - INFO - 等待5秒后开始检查任务状态，任务ID: 1960291957329244161
2025-08-26 18:43:22,713 - comfyui_client - INFO - 开始检查视频生成状态，任务ID: 1960291957329244161
2025-08-26 18:43:22,713 - comfyui_client - INFO -            - 开始等待任务完成，任务ID: 1960291957329244161
2025-08-26 18:43:22,713 - comfyui_client - INFO -            - 最大等待时间: 600秒，检查间隔: 30秒
2025-08-26 18:43:22,713 - comfyui_client - INFO -            - 检查任务状态... (已等待 0.0秒)
2025-08-26 18:43:22,930 - comfyui_client - INFO -            - 当前状态: RUNNING
2025-08-26 18:43:22,930 - comfyui_client - INFO -            - 任务进行中，等待 30 秒后再次检查...
2025-08-26 18:43:52,932 - comfyui_client - INFO -            - 检查任务状态... (已等待 30.2秒)
2025-08-26 18:43:53,093 - comfyui_client - INFO -            - 当前状态: RUNNING
2025-08-26 18:43:53,094 - comfyui_client - INFO -            - 任务进行中，等待 30 秒后再次检查...
2025-08-26 18:44:23,096 - comfyui_client - INFO -            - 检查任务状态... (已等待 60.4秒)
2025-08-26 18:44:23,393 - comfyui_client - INFO -            - 当前状态: FAILED
2025-08-26 18:44:23,393 - comfyui_client - ERROR -            ❌ 任务执行失败
2025-08-26 18:44:23,395 - WorkflowManager - ERROR -      ❌ 第 2 行处理失败 | 产品: 0826-Abvela | 提示词: 镜头平行缓移跟拍，模特自然走路，双手轻摆，路过镜头时抬手比小... | 错误: 任务执行失败
2025-08-26 18:44:23,395 - WorkflowManager - INFO - 📝 处理进度: 2/10 - 第 3 行 | 产品: 0826-freaks | 提示词: 镜头绕模特环形移动，穿过背景人群桌椅，模特走路时俏皮挑眉，偶...
2025-08-26 18:44:23,395 - WorkflowManager - INFO -      ⏭️  跳过第 3 行（不需要处理） | 产品: 0826-freaks
2025-08-26 18:44:23,395 - WorkflowManager - INFO - 📝 处理进度: 3/10 - 第 4 行 | 产品: 0826-beautifully broken | 提示词: 镜头从远慢推至 T 恤特写，模特走路中逐渐灿烂大笑，双手随步...
2025-08-26 18:44:23,395 - WorkflowManager - INFO -      ⏭️  跳过第 4 行（不需要处理） | 产品: 0826-beautifully broken
2025-08-26 18:44:23,395 - WorkflowManager - INFO - 📝 处理进度: 4/10 - 第 5 行 | 产品: 0826-HIPPIE SOUL | 提示词: 镜头动态追焦 T 恤印花，模特走路时侧头向背景朋友招呼，嘴角...
2025-08-26 18:44:23,395 - WorkflowManager - INFO -      ⏭️  跳过第 5 行（不需要处理） | 产品: 0826-HIPPIE SOUL
2025-08-26 18:44:23,396 - WorkflowManager - INFO - 📝 处理进度: 5/10 - 第 6 行 | 产品: 0826-life is better | 提示词: [{'segmentStyle': {'bold': Fal...
2025-08-26 18:44:23,396 - WorkflowManager - INFO -      ⏭️  跳过第 6 行（不需要处理） | 产品: 0826-life is better
2025-08-26 18:44:23,396 - WorkflowManager - INFO - 📝 处理进度: 6/10 - 第 7 行 | 产品: 0826-Abvela | 提示词: 镜头平行缓移跟拍，模特自然走路，双手轻摆，路过镜头时抬手比小...
2025-08-26 18:44:23,396 - WorkflowManager - INFO -      ⏭️  跳过第 7 行（不需要处理） | 产品: 0826-Abvela
2025-08-26 18:44:23,396 - WorkflowManager - INFO - 📝 处理进度: 7/10 - 第 8 行 | 产品: 0826-freaks | 提示词: 镜头平行缓移跟拍，模特自然走路，双手轻摆，路过镜头时抬手比小...
2025-08-26 18:44:23,396 - WorkflowManager - INFO -      ⏭️  跳过第 8 行（不需要处理） | 产品: 0826-freaks
2025-08-26 18:44:23,396 - WorkflowManager - INFO - 📝 处理进度: 8/10 - 第 9 行 | 产品: 0826-beautifully broken | 提示词: 镜头平行缓移跟拍，模特自然走路，双手轻摆，路过镜头时抬手比小...
2025-08-26 18:44:23,396 - WorkflowManager - INFO -      ⏭️  跳过第 9 行（不需要处理） | 产品: 0826-beautifully broken
2025-08-26 18:44:23,396 - WorkflowManager - INFO - 📝 处理进度: 9/10 - 第 10 行 | 产品: 0826-HIPPIE SOUL | 提示词: 镜头平行缓移跟拍，模特自然走路，双手轻摆，路过镜头时抬手比小...
2025-08-26 18:44:23,396 - WorkflowManager - INFO -      ⏭️  跳过第 10 行（不需要处理） | 产品: 0826-HIPPIE SOUL
2025-08-26 18:44:23,396 - WorkflowManager - INFO - 📝 处理进度: 10/10 - 第 11 行 | 产品: 0826-life is better | 提示词: 镜头平行缓移跟拍，模特自然走路，双手轻摆，路过镜头时抬手比小...
2025-08-26 18:44:23,397 - WorkflowManager - INFO -      ⏭️  跳过第 11 行（不需要处理） | 产品: 0826-life is better
2025-08-26 18:44:23,397 - __main__ - INFO - 📋 步骤4: 生成处理报告
2025-08-26 18:44:23,397 - __main__ - INFO - 
============================================================
📊 图生视频工作流 处理报告
============================================================
📈 处理统计:
   - 总行数: 10
   - 成功: 9
   - 失败: 1
   - 成功率: 90.0% (如果总行数 > 0)
   - 总耗时: 0.00 秒
   - 平均耗时: 0.00 秒/行

❌ 失败详情:
   - 第 2 行: 任务执行失败

✅ 成功处理的行:
   - 第 3 行
   - 第 4 行
   - 第 5 行
   - 第 6 行
   - 第 7 行
   - 第 8 行
   - 第 9 行
   - 第 10 行
   - 第 11 行

============================================================

2025-08-26 18:44:23,397 - __main__ - INFO - 处理报告已保存到: reports/report_20250826_184423.txt
2025-08-26 18:44:23,398 - __main__ - WARNING - 部分数据处理失败: 9/10
