2025-08-27 08:39:48,263 - __main__ - INFO - 日志文件: logs/workflow_20250827_083948.log
2025-08-27 08:39:48,263 - __main__ - INFO - === 开始执行飞书表格数据处理工作流 ===
2025-08-27 08:39:48,263 - __main__ - INFO - 🔧 步骤1: 初始化工作流管理器
2025-08-27 08:39:48,263 - __main__ - INFO - 📊 步骤2: 获取飞书表格数据
2025-08-27 08:39:48,263 - __main__ - INFO -    - 正在连接飞书API...
2025-08-27 08:39:48,503 - feishu_client - INFO - Token获取成功
2025-08-27 08:39:49,544 - feishu_client - INFO - 列映射: {'product_image': 0, 'model_image': 1, 'prompt': 2, 'status': 3, 'composite_image': 4, 'product_name': 5, 'model_name': 7, 'video_status': 8}
2025-08-27 08:39:49,545 - feishu_client - INFO - 处理了 23 行有效数据
2025-08-27 08:39:49,546 - __main__ - INFO -    ✅ 获取到 23 行数据
2025-08-27 08:39:49,546 - __main__ - INFO - 🚀 步骤3: 执行完整工作流 (图片合成 + 图生视频)
2025-08-27 08:39:49,546 - __main__ - INFO - 🎨 阶段1: 执行图片合成工作流
2025-08-27 08:39:49,546 - WorkflowManager - INFO - 🚀 开始执行 图片合成工作流
2025-08-27 08:39:49,546 - WorkflowManager - INFO - 📊 总共需要处理 23 行数据
2025-08-27 08:39:49,547 - WorkflowManager - INFO - 📝 处理进度: 1/23 - 第 2 行，跳过
2025-08-27 08:39:49,547 - WorkflowManager - INFO - 📝 处理进度: 2/23 - 第 3 行，跳过
2025-08-27 08:39:49,547 - WorkflowManager - INFO - 📝 处理进度: 3/23 - 第 4 行，跳过
2025-08-27 08:39:49,547 - WorkflowManager - INFO - 📝 处理进度: 4/23 - 第 5 行，跳过
2025-08-27 08:39:49,547 - WorkflowManager - INFO - 📝 处理进度: 5/23 - 第 6 行，跳过
2025-08-27 08:39:49,547 - WorkflowManager - INFO - 📝 处理进度: 6/23 - 第 7 行，跳过
2025-08-27 08:39:49,547 - WorkflowManager - INFO - 📝 处理进度: 7/23 - 第 8 行，跳过
2025-08-27 08:39:49,547 - WorkflowManager - INFO - 📝 处理进度: 8/23 - 第 9 行，跳过
2025-08-27 08:39:49,547 - WorkflowManager - INFO - 📝 处理进度: 9/23 - 第 10 行，跳过
2025-08-27 08:39:49,547 - WorkflowManager - INFO - 📝 处理进度: 10/23 - 第 11 行，跳过
2025-08-27 08:39:49,547 - WorkflowManager - INFO - 📝 处理进度: 11/23 - 第 12 行，跳过
2025-08-27 08:39:49,547 - WorkflowManager - INFO - 📝 处理进度: 12/23 - 第 13 行，跳过
2025-08-27 08:39:49,547 - WorkflowManager - INFO - 📝 处理进度: 13/23 - 第 14 行，跳过
2025-08-27 08:39:49,547 - WorkflowManager - INFO - 📝 处理进度: 14/23 - 第 15 行，跳过
2025-08-27 08:39:49,548 - WorkflowManager - INFO - 📝 处理进度: 15/23 - 第 16 行，跳过
2025-08-27 08:39:49,548 - WorkflowManager - INFO - 📝 处理进度: 16/23 - 第 17 行，跳过
2025-08-27 08:39:49,548 - WorkflowManager - INFO - 📝 处理进度: 17/23 - 第 18 行，跳过
2025-08-27 08:39:49,548 - WorkflowManager - INFO - 📝 处理进度: 18/23 - 第 19 行，跳过
2025-08-27 08:39:49,548 - WorkflowManager - INFO - 📝 处理进度: 19/23 - 第 20 行，跳过
2025-08-27 08:39:49,548 - WorkflowManager - INFO - 📝 处理进度: 20/23 - 第 21 行，跳过
2025-08-27 08:39:49,548 - WorkflowManager - INFO - 📝 处理进度: 21/23 - 第 22 行，跳过
2025-08-27 08:39:49,548 - WorkflowManager - INFO - 📝 处理进度: 22/23 - 第 23 行，跳过
2025-08-27 08:39:49,548 - WorkflowManager - INFO - 📝 处理进度: 23/23 - 第 24 行，跳过
2025-08-27 08:39:49,548 - __main__ - INFO - 
============================================================
📊 图片合成工作流 处理报告
============================================================
📈 处理统计:
   - 总行数: 23
   - 成功: 0
   - 失败: 0
   - 跳过: 23
   - 成功率: 100.0% (如果总行数 > 0)
   - 总耗时: 0.00 秒
   - 平均耗时: 0.00 秒/行

⏭️ 跳过的行:
   - 第 2 行：跳过
   - 第 3 行：跳过
   - 第 4 行：跳过
   - 第 5 行：跳过
   - 第 6 行：跳过
   - 第 7 行：跳过
   - 第 8 行：跳过
   - 第 9 行：跳过
   - 第 10 行：跳过
   - 第 11 行：跳过
   - 第 12 行：跳过
   - 第 13 行：跳过
   - 第 14 行：跳过
   - 第 15 行：跳过
   - 第 16 行：跳过
   - 第 17 行：跳过
   - 第 18 行：跳过
   - 第 19 行：跳过
   - 第 20 行：跳过
   - 第 21 行：跳过
   - 第 22 行：跳过
   - 第 23 行：跳过
   - 第 24 行：跳过


============================================================

2025-08-27 08:39:49,548 - __main__ - INFO - 🎬 阶段2: 执行图生视频工作流
2025-08-27 08:39:50,116 - feishu_client - INFO - 列映射: {'product_image': 0, 'model_image': 1, 'prompt': 2, 'status': 3, 'composite_image': 4, 'product_name': 5, 'model_name': 7, 'video_status': 8}
2025-08-27 08:39:50,118 - feishu_client - INFO - 处理了 23 行有效数据
2025-08-27 08:39:50,119 - WorkflowManager - INFO - 🚀 开始执行 图生视频工作流
2025-08-27 08:39:50,119 - WorkflowManager - INFO - 📊 总共需要处理 23 行数据
2025-08-27 08:39:50,119 - WorkflowManager - INFO - 📝 处理进度: 1/23 - 第 2 行，跳过
2025-08-27 08:39:50,119 - WorkflowManager - INFO - 📝 处理进度: 2/23 - 第 3 行，跳过
2025-08-27 08:39:50,120 - WorkflowManager - INFO - 📝 处理进度: 3/23 - 第 4 行，跳过
2025-08-27 08:39:50,120 - WorkflowManager - INFO - 📝 处理进度: 4/23 - 第 5 行，跳过
2025-08-27 08:39:50,120 - WorkflowManager - INFO - 📝 处理进度: 5/23 - 第 6 行，跳过
2025-08-27 08:39:50,120 - WorkflowManager - INFO - 📝 处理进度: 6/23 - 第 7 行，跳过
2025-08-27 08:39:50,120 - WorkflowManager - INFO - 📝 处理进度: 7/23 - 第 8 行，跳过
2025-08-27 08:39:50,120 - WorkflowManager - INFO - 📝 处理进度: 8/23 - 第 9 行，跳过
2025-08-27 08:39:50,120 - WorkflowManager - INFO - 📝 处理进度: 9/23 - 第 10 行，跳过
2025-08-27 08:39:50,120 - WorkflowManager - INFO - 📝 处理进度: 10/23 - 第 11 行，跳过
2025-08-27 08:39:50,120 - WorkflowManager - INFO - 📝 处理进度: 11/23 - 第 12 行，跳过
2025-08-27 08:39:50,121 - WorkflowManager - INFO - 📝 处理进度: 12/23 - 第 13 行，跳过
2025-08-27 08:39:50,121 - WorkflowManager - INFO - 📝 处理进度: 13/23 - 第 14 行，跳过
2025-08-27 08:39:50,121 - WorkflowManager - INFO - 📝 处理进度: 14/23 - 第 15 行，跳过
2025-08-27 08:39:50,121 - WorkflowManager - INFO - 📝 处理进度: 15/23 - 第 16 行，跳过
2025-08-27 08:39:50,121 - WorkflowManager - INFO - 📝 处理进度: 16/23 - 第 17 行，跳过
2025-08-27 08:39:50,121 - WorkflowManager - INFO - 📝 处理进度: 17/23 - 第 18 行，跳过
2025-08-27 08:39:50,121 - WorkflowManager - INFO - 📝 处理进度: 18/23 - 第 19 行，跳过
2025-08-27 08:39:50,121 - WorkflowManager - INFO - 📝 处理进度: 19/23 - 第 20 行，跳过
2025-08-27 08:39:50,122 - WorkflowManager - INFO - 📝 处理进度: 20/23 - 第 21 行，跳过
2025-08-27 08:39:50,122 - WorkflowManager - INFO - 📝 处理进度: 21/23 - 第 22 行，跳过
2025-08-27 08:39:50,122 - WorkflowManager - INFO - 📝 处理进度: 22/23 - 第 23 行，跳过
2025-08-27 08:39:50,122 - WorkflowManager - INFO - 📝 处理进度: 23/23 - 第 24 行 | 产品: 0826-Yes, I Can Drive a Stick | 提示词: 镜头平行缓移跟拍，模特自然走路，双手轻摆，清晰呈现 T 恤彩...
2025-08-27 08:39:50,122 - ImageToVideoWorkflow - INFO - 🎬 开始处理图生视频 - 第 24 行
2025-08-27 08:39:50,265 - feishu_client - INFO - Token获取成功
2025-08-27 08:39:50,930 - comfyui_client - INFO - 开始上传图片用于视频生成...
2025-08-27 08:39:51,777 - comfyui_client - INFO - 图片上传成功
2025-08-27 08:39:51,778 - comfyui_client - INFO - 图片上传成功: api/32096ac740fb2f9a6855222fd5ac5e6bc457d03000232a9a97fb6078bae41f09.png
2025-08-27 08:39:51,778 - comfyui_client - INFO - 创建图生视频工作流...
2025-08-27 08:39:52,475 - comfyui_client - INFO - 图生视频工作流创建成功，任务ID: 1960502489164517378
2025-08-27 08:39:52,477 - comfyui_client - INFO - 等待5秒后开始检查任务状态
2025-08-27 08:39:57,478 - comfyui_client - INFO - 开始检查视频生成状态，任务ID: 1960502489164517378
2025-08-27 08:39:57,689 - comfyui_client - INFO -         🔸 子步骤4: 等待工作流执行完成 (已等待 0分0秒)
2025-08-27 08:40:27,933 - comfyui_client - INFO -         🔸 子步骤4: 等待工作流执行完成 (已等待 0分30秒)
2025-08-27 08:40:58,053 - comfyui_client - INFO -         🔸 子步骤4: 等待工作流执行完成 (已等待 1分0秒)
2025-08-27 08:41:28,194 - comfyui_client - INFO -         🔸 子步骤4: 等待工作流执行完成 (已等待 1分30秒)
2025-08-27 08:41:58,714 - ImageToVideoWorkflow - INFO -         ✅ 视频文件保存成功: output/video/0826-Yes I Can Drive a Stick_黑人-男-25-健身_20250827_084158.mp4
2025-08-27 08:41:59,446 - feishu_client - INFO - 视频状态更新成功到单元格: 35d2b7!I24:I24
2025-08-27 08:41:59,447 - WorkflowManager - INFO -      ✅ 第 24 行处理成功 | 产品: 0826-Yes, I Can Drive a Stick | 提示词: 镜头平行缓移跟拍，模特自然走路，双手轻摆，清晰呈现 T 恤彩...
2025-08-27 08:41:59,447 - __main__ - INFO - 📋 步骤4: 生成处理报告
2025-08-27 08:41:59,448 - __main__ - INFO - 
============================================================
📊 完整工作流 (图片合成 + 图生视频) 处理报告
============================================================
📈 处理统计:
   - 总行数: 46
   - 成功: 1
   - 失败: 0
   - 跳过: 45
   - 成功率: 100.0% (如果总行数 > 0)
   - 总耗时: 129.33 秒
   - 平均耗时: 2.81 秒/行

⏭️ 跳过的行:
   - 第 2 行：跳过
   - 第 3 行：跳过
   - 第 4 行：跳过
   - 第 5 行：跳过
   - 第 6 行：跳过
   - 第 7 行：跳过
   - 第 8 行：跳过
   - 第 9 行：跳过
   - 第 10 行：跳过
   - 第 11 行：跳过
   - 第 12 行：跳过
   - 第 13 行：跳过
   - 第 14 行：跳过
   - 第 15 行：跳过
   - 第 16 行：跳过
   - 第 17 行：跳过
   - 第 18 行：跳过
   - 第 19 行：跳过
   - 第 20 行：跳过
   - 第 21 行：跳过
   - 第 22 行：跳过
   - 第 23 行：跳过
   - 第 24 行：跳过
   - 第 2 行：跳过
   - 第 3 行：跳过
   - 第 4 行：跳过
   - 第 5 行：跳过
   - 第 6 行：跳过
   - 第 7 行：跳过
   - 第 8 行：跳过
   - 第 9 行：跳过
   - 第 10 行：跳过
   - 第 11 行：跳过
   - 第 12 行：跳过
   - 第 13 行：跳过
   - 第 14 行：跳过
   - 第 15 行：跳过
   - 第 16 行：跳过
   - 第 17 行：跳过
   - 第 18 行：跳过
   - 第 19 行：跳过
   - 第 20 行：跳过
   - 第 21 行：跳过
   - 第 22 行：跳过
   - 第 23 行：跳过

✅ 成功处理的行:
   - 第 24 行 (129.33s) - 1 个文件

============================================================

2025-08-27 08:41:59,448 - __main__ - INFO - 处理报告已保存到: reports/report_20250827_084159.txt
2025-08-27 08:41:59,448 - __main__ - INFO - 所有数据处理成功
